0 8 17 24 30 78 91 1 13 16 29 33 50 57 85 96 2 41 49 94 18 34 73 76 98 6 69 72 7 22 19 23 9 60 10 12 25 38 58 74 11 27 36 53 95 14 15 90 92 61 28 88 21 65 54 79 48 37 44 63 56 66 99 68 35 45 43 51 97 70 84
0 17
8 23
8 73
17 57
17 23
24 44
30 63
78 7
91 34
91 22
1 85
1 96
1 50
1 57
13 38
16 49
29 27
29 10
29 66
33 23
50 70
57 35
85 90
96 88
96 79
2 41
41 79
41 14
49 37
49 88
49 9
94 43
94 10
94 84
18 22
34 12
34 88
34 27
76 84
98 84
6 72
6 69
72 51
7 22
22 74
19 61
19 53
23 60
10 25
10 58
25 95
38 53
11 27
36 54
36 45
36 21
95 28
95 21
95 97
15 90
92 54
61 43
28 63
28 56
88 68
88 48
65 37
79 99
44 97
99 51