0 34 43 1 35 44 2 36 45 3 40 46 4 30 38 41 5 31 39 42 48 6 32 49 8 53 11 54 55 50 56 14 51 57 15 58 16 59 17 18 20 63 64 22 65 23 66 24 25 68 26 27 73 75 76 71 77 72 79 83 84 85 80 86 81 88 89 95 90 96 91 97 92 98
0 34
34 77
34 71
34 68
43 77
43 86
43 17
43 6
1 35
35 72
44 81
2 45
36 79
36 73
45 8
45 71
45 79
3 40
40 83
46 72
46 89
46 83
4 30
30 73
38 64
38 75
41 15
41 75
5 42
5 31
5 48
31 65
39 65
39 76
48 85
6 49
6 32
32 75
32 66
53 96
53 90
53 27
11 54
54 17
54 80
54 20
54 91
54 88
55 92
55 81
55 89
55 18
50 84
50 24
56 22
14 57
51 85
57 23
57 83
15 58
58 24
58 95
16 59
59 96
59 85
20 63
63 97
63 26
64 27
64 98
22 65
66 92
25 68