0 29 55 56 57 58 59 60 62 63 64 65 66 68 69 73 75 77 78 79 80 81 83 85 86 88 89 90 92 1 43 99 2 28 3 12 52 5 8 42 6 39 7 40 48 9 14 23 41 54 13 37 53 35 16 49 17 18 30 38 20 46 22 25 50 26 34 36 27 45 44 47
0 69
0 86
0 81
0 65
0 62
0 85
0 58
0 92
0 83
0 73
0 88
0 63
0 59
0 29
0 66
0 89
0 60
0 55
0 57
0 80
0 64
0 56
0 68
0 78
29 9
55 1
56 2
60 6
64 12
65 13
66 14
68 17
69 18
75 26
77 28
79 30
83 36
85 39
86 40
88 42
89 44
90 45
1 99
1 43
2 28
28 8
3 12
12 23
12 54
52 6
5 42
42 49
39 22
7 48
7 40
40 20
14 35
41 45
13 37
13 53
35 25
16 49
18 38
18 30
38 26
20 46
50 44
26 34
34 27
36 45
44 47