0 30 40 4 67 68 69 71 73 74 75 77 79 82 83 84 86 87 88 90 91 92 97 98 99 22 2 28 57 3 26 44 37 29 48 6 31 7 8 16 58 9 35 55 63 10 42 11 15 59 12 43 23 49 13 41 21 17 18 25 45 20 46 24 50 32 53 61 36 62 39 60 56
0 67
0 98
0 91
0 68
0 99
0 90
0 4
0 71
0 77
0 74
0 79
0 40
0 75
0 84
0 73
0 69
0 88
0 87
0 86
0 92
0 97
0 30
30 32
4 48
4 29
68 7
69 8
71 12
73 17
75 20
77 23
79 25
82 28
83 29
88 35
92 39
97 46
22 46
2 28
2 57
28 11
57 39
57 61
3 44
3 37
3 26
44 24
37 7
37 49
48 56
48 63
6 31
31 61
31 53
8 58
8 16
16 21
58 62
9 55
55 62
55 41
10 42
42 60
11 59
11 15
12 43
13 41
17 18
18 45
46 50
53 60
36 62