0 1 4 5 6 7 8 9 10 11 14 15 18 19 20 21 22 23 24 25 26 27 28 29 31 32 33 35 36 38 39 40 41 42 43 44 45 48 49 50 51 52 54 55 56 58 59 60 62 63 65 66 68 69 70 71 72 73 74 75 76 77
0 70
0 49
0 1
0 27
0 15
1 41
4 5
5 6
6 21
7 70
8 9
8 52
9 20
9 45
9 21
9 10
10 31
11 21
14 15
18 19
19 20
21 77
21 22
21 35
22 38
22 42
22 74
23 24
23 31
25 38
26 27
26 60
27 28
28 29
31 32
32 33
35 70
35 36
36 56
39 40
40 41
43 44
43 77
45 65
48 49
50 75
50 51
51 52
54 55
55 68
58 59
59 60
62 63
63 77
65 66
68 69
68 77
70 71
71 72
73 74
76 77