0 1 2 3 4 5 6 7 8 9 10 11 12 13 14 15 16 17 18 19 20 21 22 23 24 25 26 28 30 31 32 33 34 35 37 38 39 40 41 42 43 44 45 48 50 51 54 55 57 58 59 60 61 62 63 66 67 70 73 76 81 82 83 85 86 87 88 89 90 92 94 95 98
0 13
0 34
1 25
1 35
1 17
2 37
2 31
2 38
3 30
3 40
4 17
4 41
4 42
5 44
5 43
5 10
6 13
6 21
6 45
7 48
7 30
7 8
7 26
7 28
8 50
8 14
9 51
9 17
10 28
10 54
11 55
11 17
11 16
11 15
12 23
12 20
13 32
13 59
13 60
14 62
14 21
14 31
14 17
14 61
15 18
16 66
17 67
18 70
19 31
20 73
21 76
22 26
23 28
24 82
24 81
24 28
25 83
26 86
26 85
28 89
28 90
30 94
31 95
32 98
33 35
37 39
57 59
58 60
61 63
85 87
86 88
90 92