0 1 11 5 2 27 8 28 6 24 31 32 33 3 16 14 34 4 10 37 15 23 42 43 44 7 9 47 48 49 50 51 18 52 53 54 55 56 57 58 59 60 12 21 61 13 22 64 20 67 68 69 70 71 72 73 74 75 17 76 78 80 19 83 84 85 86 87 89 90 93 94 95 96 98 99
0 11
0 1
1 28
11 60
11 59
5 42
5 23
2 31
2 6
2 33
27 49
27 93
8 50
8 49
28 51
6 44
6 43
24 18
32 75
33 57
33 73
33 64
3 34
3 14
16 74
14 67
14 69
14 68
14 7
34 75
4 10
4 37
10 55
10 56
10 57
37 84
15 72
15 71
23 95
23 96
23 94
44 99
7 47
7 48
9 53
9 54
9 52
47 80
50 59
18 80
52 67
53 74
53 55
54 87
55 61
55 90
58 94
60 78
12 61
21 13
13 64
13 22
64 70
20 86
20 17
20 85
69 98
70 83
72 87
17 76
17 78
76 90
78 89
19 84
86 95