0 1 2 3 4 5 6 7 8 9 10 11 12 13 14 15 16 17 18 19 20 21 22 23 24 25 26 27 28 29 30 31 32 33 34 35 36 37 38 41 42 43 44 45 46 47 48 49 50 51 56 58 59 60 62 63 65 66 67 69 74 76 78 79 80 81 82 83 85 87 89 90 92 95 96 97 98
0 34
0 10
0 9
0 33
0 24
1 35
1 29
2 25
2 38
2 21
2 37
3 13
3 8
3 24
3 32
4 20
4 26
4 42
5 43
5 8
5 31
5 27
6 23
6 20
7 48
7 47
7 20
8 29
8 49
8 50
11 23
11 56
11 31
12 14
12 32
13 60
13 59
14 62
14 28
15 32
15 63
16 65
16 66
16 31
17 22
17 67
18 20
18 69
19 29
20 74
21 30
22 78
23 79
23 80
24 82
25 83
25 29
26 85
27 87
28 89
29 92
31 96
31 95
32 97
32 98
34 36
41 43
42 44
45 47
46 48
49 51
58 60
74 76
78 80
81 83
90 92