0 1 3 4 5 8 9 10 11 12 13 17 25 27 29 30 31 32 33 35 36 38 39 40 42 44 46 48 50 51 52 53 54 55 56 57 58 59 60 61 62 63 64 65 66 67 68 69 70 71 72 73 74 75 76 77 78 79 80 81 82 83 84 85 86 87 88 89 90 91 92 93 94 95 96 97 98 99
0 42
1 29
1 13
3 48
3 9
4 39
5 42
5 33
8 31
9 33
9 10
11 12
12 62
13 46
13 33
13 35
17 67
25 42
27 46
29 32
30 31
30 39
31 44
31 46
36 39
36 40
38 42
46 96
50 66
51 99
51 77
51 68
52 69
52 79
53 67
53 96
53 85
53 95
54 91
54 69
55 72
56 64
57 71
57 59
58 95
58 93
59 97
59 78
60 94
60 68
61 85
62 89
63 86
64 86
64 82
64 81
65 97
66 77
67 76
68 88
69 70
72 87
73 93
74 91
75 97
77 95
78 92
80 95
80 84
82 94
83 92
86 98
86 89
87 88
90 92
91 96
96 97