0 10 25 26 1 29 30 2 6 31 32 33 3 22 23 11 34 35 36 4 5 38 19 40 41 42 16 43 44 45 7 20 47 8 18 49 50 51 9 12 52 53 54 57 58 59 60 61 62 13 17 64 65 66 14 21 68 70 71 73 75 77 24 79 80 81 82 83 84 87 88 90 92 93 94 95 96 97 98
0 26
0 25
0 10
10 57
25 87
25 29
26 62
1 30
29 44
30 88
2 33
2 31
2 32
2 6
6 44
6 45
6 43
6 16
31 49
3 36
3 35
3 34
22 92
22 4
23 94
11 60
11 58
34 64
35 54
36 94
4 38
4 5
5 42
5 40
5 41
38 50
38 95
19 84
19 82
19 83
19 21
42 73
44 47
7 47
20 87
8 51
8 18
18 81
18 80
18 79
18 24
51 71
9 52
9 54
9 53
9 12
12 61
12 62
52 96
54 92
54 80
58 97
59 82
59 75
59 66
61 93
13 65
13 17
17 77
17 14
21 88
21 90
68 70
70 75
77 94
24 97
24 98
81 83