0 1 2 3 10 12 13 4 11 5 6 7 8 9 19 14 15 28 18 20 21 17 16 44 45 22 23 24 26 27 25 29 30 36 31 32 33 34 35 37 38 39 50 43 40 41 42 46 47 48 51 56 49 57 72 52 55 54 64 61 60 71 58 59 70 63 65 66 69 86 68 76 75 82 87 78 79 80 81 83 84 85
0 1
0 2
1 12
2 10
3 10
3 11
10 5
10 13
12 17
4 5
11 18
11 21
5 6
5 7
6 9
8 14
8 28
9 19
19 45
14 15
15 16
28 30
28 29
20 22
20 21
44 37
45 43
22 23
23 27
23 26
23 24
24 25
29 36
30 32
30 35
30 33
31 32
31 37
32 38
34 39
35 39
37 43
50 42
43 46
40 46
41 42
41 46
46 47
47 56
47 51
48 57
56 71
56 60
56 57
49 57
57 58
72 59
52 54
55 61
54 64
64 63
61 63
61 60
60 70
58 59
70 69
65 66
66 69
69 68
86 68
86 87
76 75
76 87
75 82
82 81
82 83
78 79
79 80
80 81
83 84
84 85