0 2 74 35 20 44 14 48 92 60 12 28 58 87 79 83 49 53 27 63 29 6 39 34 72 8 32 9 65 97 81 54 85 10 70 88 91 82 13 18 36 41 31 62 23 15 57 25 89 96 22 67 56 37 24 75 94 64 61 38 30 33 68 40 84 43 73 78 80 76
0 91
0 10
2 74
2 83
74 68
35 10
35 65
35 76
20 25
20 62
20 49
44 89
44 41
44 56
44 68
14 73
14 61
14 62
14 23
48 70
92 79
60 34
60 94
12 13
12 32
28 61
58 80
87 27
79 85
49 53
27 23
63 30
63 73
63 31
29 36
29 64
6 32
39 38
72 96
72 75
8 32
32 57
9 97
65 37
97 22
81 64
81 94
54 96
85 57
10 13
70 78
70 80
70 33
88 67
88 13
82 75
82 57
13 41
13 38
18 76
36 56
41 84
23 89
15 25
22 76
24 75
75 40
64 78
43 73