0 10 66 67 68 69 70 71 72 74 75 76 77 79 80 81 82 83 85 86 89 90 91 94 95 96 98 1 40 2 62 3 13 4 56 5 24 6 39 53 7 33 9 60 58 11 46 49 47 63 20 15 35 16 18 59 21 55 54 38 25 32 26 57 28 29 36 61 64 30 31 43 50 41 42 44
0 10
0 86
0 77
0 85
0 95
0 72
0 83
0 89
0 74
0 70
0 79
0 67
0 90
0 80
0 98
0 75
0 94
0 68
0 71
0 76
0 69
0 91
10 3
66 3
67 4
68 5
69 6
70 7
71 9
76 15
77 16
81 25
82 26
85 29
86 30
94 41
95 42
96 43
1 40
40 56
2 62
62 49
62 31
3 13
13 47
13 63
4 56
56 18
56 26
5 24
6 39
6 53
53 25
53 28
7 33
33 43
33 20
33 50
9 60
9 58
60 31
58 61
11 46
11 49
46 44
20 55
35 28
18 59
21 38
54 26
38 29
25 32
26 57
29 64
29 36