61 6 9 94 15 71 30 42 65 58 79 19 23 25 68 73 92 77 83 31 36 21 32 1 46 39 90 13 16 87 5 82 88 85 75 29 44 76 12 81 8 84 22 59 34 18 4 72 67 80 64 43 63 41 78 20 70 66 48 45 26 53 52 62 28 40 3 86 38 91
61 3
6 46
6 79
9 71
9 44
94 46
94 72
15 82
15 78
71 32
30 75
42 84
65 43
58 68
19 25
19 80
23 1
23 86
68 78
73 82
73 92
92 22
77 32
77 59
83 5
31 36
36 40
36 76
21 48
32 75
32 64
1 48
46 38
46 40
39 53
39 64
39 43
39 28
90 67
90 87
90 85
13 62
13 66
13 70
16 3
16 67
87 5
88 8
29 59
76 52
76 63
12 48
81 78
81 64
8 41
8 62
8 84
59 80
34 3
18 26
4 72
67 91
67 62
67 63
67 26
64 45
64 66
63 48
20 91