0 46 35 42 13 65 66 67 68 69 70 74 75 76 77 78 80 81 82 83 85 87 88 90 91 93 94 96 97 98 99 1 18 2 11 3 30 4 9 33 6 61 50 7 54 8 10 39 28 12 64 14 47 51 15 16 48 58 17 44 57 36 19 26 21 22 24 25 63 29 31 43 45 32 49 55 53 38 62 59
0 13
0 94
0 46
0 91
0 35
0 70
0 77
0 93
0 65
0 85
0 83
0 99
0 81
0 90
0 75
0 97
0 68
0 67
0 76
0 87
0 96
0 42
0 80
0 82
0 66
0 78
35 53
42 62
42 98
42 50
13 12
67 3
69 6
70 9
74 16
76 18
77 19
80 22
83 25
87 29
88 30
90 32
91 33
93 36
99 43
1 18
18 57
18 39
2 11
2 3
11 28
3 30
30 24
30 7
4 9
33 55
6 50
61 36
7 54
8 10
10 39
28 26
12 64
64 15
14 47
14 51
47 38
51 29
16 58
16 48
48 19
17 44
44 21
44 32
25 63
29 31
31 45
43 59
32 49