0 15 20 25 26 27 1 4 28 29 30 2 24 31 32 33 3 22 10 34 35 36 37 38 39 5 12 18 40 41 42 6 7 43 44 45 14 19 46 47 48 8 23 49 50 51 9 52 53 54 55 56 57 11 58 59 60 61 62 63 13 16 64 65 66 67 68 69 21 70 71 72 73 74 75 17 76 77 78 79 80 81 82 83 84 85 86 87 88 89 90 91 92 93 94 95 96 97 98 99
0 27
0 15
15 70
15 71
15 21
20 87
20 85
20 16
25 78
25 42
25 90
26 72
26 61
1 30
1 29
4 38
4 37
4 39
28 76
29 71
29 62
29 57
30 68
2 33
2 24
2 31
24 99
24 97
24 6
32 76
33 79
3 34
3 35
3 36
22 11
10 56
10 55
36 84
36 60
38 50
39 41
5 41
5 18
5 40
5 42
12 62
12 61
18 80
18 23
41 66
6 44
6 45
7 46
43 86
43 46
14 68
19 83
19 82
19 84
46 75
47 73
48 62
8 23
8 49
8 51
23 96
23 94
49 74
9 52
52 58
53 80
53 82
54 77
55 70
11 58
11 59
59 64
63 94
13 65
13 66
64 88
67 86
69 76
21 90
21 88
21 17
73 96
17 76
17 77
76 95
80 89
81 99
81 98
81 91
83 86
86 92
86 87
90 93
94 97