81 62 88 99 50 59 3 9 82 63 33 2 6 86 53 87 16 49 68 92 90 44 58 23 31 41 25 95 65 61 37 34 46 21 71 60 72 0 55 93 28 24 1 79 13 54 57 48 75 26 32 94 97 47 40 5 56 74 35 89 27 11 73 69 66 12 98 10 42 67 83 96 20 77
81 99
81 50
62 63
62 99
88 9
50 32
50 55
59 33
3 54
9 93
82 24
63 11
33 71
2 87
2 6
2 53
86 65
86 46
86 87
87 90
16 68
16 49
49 92
68 44
68 93
68 95
68 27
68 58
90 72
44 41
44 25
44 31
23 75
41 65
95 35
65 11
65 74
61 56
61 60
37 57
37 42
34 1
34 73
46 21
71 73
72 94
72 83
0 32
55 66
93 1
93 47
93 97
28 24
28 79
24 12
24 13
24 5
24 26
1 13
1 75
13 54
54 48
54 57
94 67
47 89
40 89
5 69
56 96
56 11
74 10
35 20
12 98
83 77