0 1 2 5 95 6 7 10 11 12 15 16 17 20 21 22 23 25 26 27 28 30 31 34 32 33 35 36 39 37 38 40 41 44 42 43 45 46 49 47 48 50 51 54 52 53 55 56 59 57 58 60 61 64 62 63 65 66 67 68 70 71 72 75 76 77 80 81 82 85 86 87 90 91 92 96 97
0 95
0 2
0 5
1 2
5 6
5 7
95 90
95 96
95 97
10 11
10 15
11 12
15 16
15 20
15 17
20 21
20 22
20 25
22 23
25 30
25 26
26 27
27 28
30 35
31 32
31 34
34 33
34 39
33 36
35 38
39 44
37 38
38 41
40 42
41 44
44 42
44 49
43 46
45 50
45 47
46 47
49 47
49 54
47 48
51 54
51 52
54 59
54 53
53 56
55 57
55 60
59 58
59 64
60 61
60 65
64 62
64 63
63 66
65 68
65 70
65 67
65 66
70 72
70 75
70 71
75 77
75 80
75 76
80 85
80 81
81 82
85 86
85 90
86 87
90 92
91 92