0 14 25 26 27 1 20 3 28 29 30 2 17 31 32 33 7 18 15 34 35 36 4 8 6 37 38 39 5 19 40 41 42 12 22 43 44 45 46 47 48 49 50 51 9 52 53 54 10 24 55 56 57 11 58 59 60 61 62 63 13 21 64 65 66 23 67 68 69 70 71 72 16 73 74 75 76 77 78 79 80 81 82 83 84 85 86 87 88 89 90 91 92 93 94 95 96 97 98 99
0 26
0 25
14 69
26 75
27 77
1 30
1 20
1 29
20 86
3 35
3 36
3 34
3 18
28 87
29 77
2 32
2 17
2 33
2 31
17 78
17 77
17 11
17 13
17 76
32 91
33 48
7 48
7 47
18 79
18 81
18 19
15 71
15 70
35 68
4 38
4 39
4 8
8 51
8 49
8 50
6 44
6 43
6 22
37 51
5 42
5 41
5 40
5 19
19 82
19 83
40 80
40 94
41 69
41 98
41 97
42 61
12 63
12 62
22 92
22 93
44 83
45 87
45 62
46 80
48 99
51 85
9 54
9 52
52 66
52 67
53 55
54 75
10 55
10 57
10 24
56 76
57 90
57 73
11 59
11 60
58 68
60 81
62 68
13 21
13 65
21 90
21 89
64 75
23 96
23 95
71 92
72 78
16 74
16 75
74 78
78 95
84 96
85 88
88 89