2 1 4 5 21 88 3 76 7 9 10 11 48 6 8 49 12 20 95 14 51 13 17 50 19 22 75 15 23 96 18 28 26 27 45 93 55 43 53 25 81 38 42 46 35 41 31 40 58 80 30 33 34 94 64 36 37 54 52 59 56 47 60 61 62 72 67 63 66 78 98 84 70 83 87 99
2 4
1 4
1 88
1 5
1 21
4 48
5 6
21 43
88 55
3 76
3 10
3 7
9 95
9 20
10 51
10 14
10 20
11 51
11 13
11 17
6 8
8 49
8 12
12 50
13 75
13 22
17 18
17 28
19 15
19 55
22 55
22 53
15 96
15 23
23 81
18 93
18 45
18 26
18 27
28 30
26 40
26 31
27 80
55 60
55 63
53 33
25 35
81 41
38 56
42 47
46 47
35 54
35 36
41 52
40 58
80 94
33 64
34 64
64 84
36 59
36 52
37 54
54 67
59 78
56 66
47 61
60 61
61 62
62 98
72 84
66 70
98 87
70 83
70 87
87 99