0 57 74 75 78 84 86 96 1 52 41 62 2 58 24 3 25 4 36 61 45 46 5 72 6 71 7 23 8 66 9 15 10 11 43 12 19 13 32 34 70 16 37 17 40 18 31 20 22 56 29 38 69 30 33 44 67 64 54 49 53 68
0 57
0 74
0 86
0 84
0 96
0 75
0 78
57 31
74 1
75 2
84 13
86 15
96 25
1 52
1 62
1 41
41 16
62 8
2 58
2 24
24 10
3 4
3 25
25 40
4 36
4 61
4 46
4 45
61 44
45 54
5 72
72 7
72 12
6 71
71 49
71 70
71 68
7 23
23 56
8 66
9 15
11 43
43 40
12 19
13 32
13 34
13 70
34 67
70 69
16 37
37 22
37 30
17 40
40 20
40 64
18 31
56 69
29 69
29 38
33 44
67 53