0 1 2 3 4 5 6 7 8 9 10 11 12 14 15 17 18 19 21 26 25 27 28 29 30 31 32 33 34 35 36 37 38 39 40 41 42 44 46 48 49 51 50 52 53 54 55 56 57 58 59 60 61 62 63 64 65 66 67 68 69 70 71 72 73 74 76 75 77 78 79 80 81 82 83 84 85 86 87 89 90 92 94 96 98 99
0 5
0 4
1 7
1 2
2 9
2 3
3 4
3 11
5 14
6 7
7 8
8 21
9 10
11 12
12 17
14 15
17 18
18 19
18 49
26 27
25 29
27 34
28 36
28 29
29 38
30 31
30 39
31 48
31 32
32 33
33 34
33 46
34 35
35 44
37 42
38 39
39 40
40 74
40 41
41 42
48 49
51 57
51 52
50 55
52 59
52 53
53 61
54 63
55 64
55 56
56 57
56 73
58 59
60 61
60 69
62 67
62 63
63 64
64 65
65 99
66 67
68 69
69 70
70 71
71 72
73 74
76 75
76 82
75 79
77 84
78 86
78 79
80 81
80 89
81 98
81 82
82 83
83 96
83 84
84 85
85 94
86 87
87 92
89 90
98 99