0 1 2 3 4 5 6 7 10 12 13 14 8 27 9 28 38 15 16 20 22 23 25 26 21 24 33 35 36 37 32 30 41 31 42 43 46 49 40 44 45 50 51 52 53 56 48 57 58 59 54 55 60 64 66 67 69 62 68 71 74 76 98 70 72 80 84 86 89 81 82 83 88 90 92 93 85 94
0 1
0 10
1 2
2 3
2 12
3 13
3 4
4 14
5 6
5 14
6 7
10 20
14 23
14 15
8 27
27 16
27 37
27 28
9 28
28 38
15 26
15 25
15 16
20 21
22 21
25 24
25 35
24 33
33 32
35 46
36 37
32 41
32 42
30 41
41 31
41 40
41 52
41 50
41 51
43 52
46 45
46 56
49 59
44 53
44 45
50 60
56 67
48 58
48 57
57 67
58 69
59 69
54 55
55 66
60 71
64 74
66 76
66 67
67 68
67 98
62 71
71 80
71 70
71 72
74 84
76 86
98 88
72 84
80 81
80 90
89 88
81 82
82 83
83 92
83 93
93 94
85 94