0 1 2 4 5 6 7 8 9 10 25 12 11 13 14 15 16 18 17 19 20 21 22 23 24 3 26 27 28 29 30 31 32 33 34 35 49 36 37 38 39 40 42 41 43 44 45 46 47 48 70 50 55 57 58 60 75 62 63 64 65 66 68 69 71 72 73 74 79 82 83 84 85 86 88 92 94 96 97 98
0 1
0 2
0 5
1 4
1 98
2 68
4 9
5 6
6 8
7 8
7 15
7 39
8 11
9 10
10 12
25 27
25 29
25 26
25 28
12 13
14 23
15 16
16 18
18 17
19 44
20 3
20 21
21 22
22 23
23 39
24 38
28 33
29 32
29 30
30 31
33 35
34 36
34 49
35 36
49 45
36 37
37 38
38 47
38 39
39 40
42 41
42 43
42 45
44 45
46 47
46 48
70 71
70 69
50 55
55 58
57 58
57 65
60 62
60 75
62 63
63 64
64 65
65 66
66 68
68 71
69 84
69 94
71 72
71 79
72 74
72 73
79 82
83 85
83 84
84 92
84 86
88 97
96 97
96 98