0 2 55 61 62 64 67 68 69 71 72 73 74 76 78 79 80 81 83 84 85 87 89 91 98 1 38 58 28 3 6 20 4 21 31 5 14 42 7 59 8 37 9 43 11 34 50 12 29 15 18 22 19 25 53 23 24 27 54 51 26 30 35 33 47 57 44 32 39 36 40 46 52 41 49 60
0 55
0 98
0 64
0 85
0 89
0 61
0 83
0 73
0 71
0 79
0 62
0 2
0 69
0 81
0 68
0 72
0 74
0 80
0 91
2 28
55 9
61 1
67 9
69 11
72 14
76 20
78 22
80 24
81 25
84 29
87 32
91 36
98 43
1 38
1 58
38 19
28 15
3 6
3 20
20 25
4 31
4 21
31 44
5 42
42 24
42 49
7 59
59 36
8 37
37 52
43 60
11 50
11 34
34 29
50 41
12 29
18 22
22 53
25 51
25 23
53 32
24 27
27 33
27 35
27 47
27 57
54 36
51 32
26 30
30 35
33 39
44 60
36 40
46 49
52 60