0 49 1 5 2 65 3 51 4 61 74 64 7 36 8 12 9 32 90 11 18 14 42 15 71 16 45 40 81 70 56 21 33 22 23 24 85 26 63 28 31 41 30 69 34 35 62 37 73 47 48 50 84 60 52 53 54 89 87 86 82 75 93 77 78 83 88 91
0 49
0 26
49 45
49 4
49 50
49 48
1 2
5 4
2 93
2 3
2 88
65 45
51 24
4 87
4 61
61 60
61 53
74 21
64 63
64 82
7 8
36 37
36 62
36 35
8 30
12 11
9 32
32 31
32 30
90 91
90 89
90 15
11 52
11 23
11 18
14 15
42 41
42 40
42 69
15 82
15 16
15 71
71 70
71 93
16 53
81 82
70 69
70 31
56 87
21 22
21 33
33 34
33 69
23 24
85 86
28 73
34 35
37 47
73 84
84 83
52 53
53 54
54 75
89 77
87 86
82 83
77 78