0 61 63 65 66 67 68 69 71 72 74 75 76 77 79 81 82 84 85 88 89 91 92 95 96 97 99 1 12 8 2 22 51 15 3 36 4 33 14 5 57 20 6 54 7 27 56 53 9 21 10 11 24 17 64 16 23 38 18 49 19 37 32 44 25 30 42 59 26 45 28 50 29 31 43 58 48 55
0 74
0 81
0 91
0 84
0 88
0 97
0 96
0 79
0 76
0 69
0 85
0 95
0 68
0 63
0 75
0 92
0 67
0 66
0 71
0 61
0 89
61 26
63 10
65 1
66 2
67 3
69 5
71 8
72 10
76 14
77 15
79 17
81 19
82 20
89 30
95 38
99 44
1 8
1 12
2 51
2 22
15 64
3 36
36 31
36 18
4 14
33 19
5 57
5 20
20 32
20 44
6 54
54 59
7 56
7 27
7 53
56 50
53 9
9 21
21 30
11 24
24 49
64 38
16 23
16 38
23 42
18 49
19 37
25 59
30 59
59 29
59 55
26 45
45 48
28 50
43 58
43 48