0 32 34 38 36 69 70 71 72 74 77 78 79 84 87 88 89 90 91 92 93 94 95 98 99 1 30 2 67 43 4 19 37 48 5 39 6 7 8 20 9 66 14 10 11 41 55 12 23 28 13 15 59 16 60 17 22 18 21 35 57 26 25 54 44 31 33 53 42 51 40 64 65 62 52 58
0 36
0 32
0 98
0 92
0 91
0 99
0 69
0 95
0 94
0 70
0 90
0 71
0 34
0 84
0 74
0 88
0 77
0 78
32 89
34 53
38 7
38 64
38 25
38 65
38 94
36 42
36 18
36 6
36 31
36 51
36 93
69 2
70 5
72 7
74 9
79 16
84 22
87 30
92 35
95 39
99 43
1 30
30 2
30 44
2 67
43 21
4 19
4 37
4 48
37 40
37 28
48 8
48 62
39 14
39 55
8 20
66 59
14 13
10 11
11 41
11 55
12 28
12 23
23 26
28 54
15 59
59 57
16 60
60 51
17 22
22 57
35 33
57 52
57 62
64 58