0 1 2 3 4 5 6 7 9 10 11 12 13 14 15 16 17 18 19 20 21 22 23 24 25 26 27 28 29 30 31 32 33 34 35 36 37 38 42 43 44 45 46 47 51 52 53 54 56 57 59 60 61 62 63 64 66 67 69 70 71 72 73 74 75 78 79 80 81 82 85 88 89 91 92 94 95
0 7
0 23
0 18
0 21
1 13
1 36
1 29
1 35
2 38
2 37
2 18
3 15
4 20
4 42
5 16
5 43
6 46
6 23
6 45
9 51
9 29
9 52
10 14
10 54
10 53
10 29
11 18
11 32
12 27
12 57
13 27
13 59
13 60
14 62
14 26
14 18
14 31
14 61
14 22
15 23
15 24
16 66
16 17
17 21
17 67
18 69
19 71
19 72
19 24
20 74
20 32
21 75
23 80
23 79
24 82
24 28
24 25
24 81
26 85
27 88
28 89
29 92
29 30
29 91
30 94
31 95
33 35
34 36
42 44
45 47
54 56
61 63
62 64
70 72
73 75
78 80