0 1 5 8 9 11 12 15 16 18 22 27 30 32 34 35 37 39 40 46 47 52 59 62 67 71 72 75 77 79 85 90 94 95 99 3 14 19 20 31 49 50 51 53 55 63 76 87 88 91 96 6 13 25 26 56 65 66 84 86 10 45 69 36 23 83 38 44 68
0 95
1 53
5 83
5 88
8 16
8 3
8 84
9 55
11 88
11 85
12 18
15 62
15 85
15 10
16 38
16 94
16 63
16 55
16 95
16 18
22 38
22 30
27 6
27 67
30 40
32 36
32 31
34 72
35 76
35 68
37 66
37 75
39 25
39 6
46 47
46 86
47 85
47 75
52 95
59 75
62 90
62 51
62 19
71 19
72 23
72 65
75 69
77 65
79 63
95 26
95 96
99 84
99 87
14 88
14 38
20 13
20 50
31 76
49 91
50 38
50 65
53 96
63 44
91 45
25 36
25 45
56 66
84 45