0 1 10 11 2 22 20 12 21 3 13 23 33 32 31 30 4 14 34 43 42 41 40 44 50 94 95 49 5 52 74 47 25 9 8 7 6 19 29 39 18 27 16 15 48 35 98 99 88 89 97 77 79 87 78 68 66 86 96 65 90 91 92 80 70 81 72 93 84 83 60 51 61 71 64 53 62
0 10
0 1
1 2
10 11
10 20
2 12
22 23
22 12
22 32
20 30
12 13
21 31
3 4
3 13
13 14
33 34
32 42
31 41
4 5
34 44
43 44
43 42
42 41
42 52
41 40
40 50
50 60
94 95
94 84
94 93
95 96
49 48
49 39
5 6
52 51
52 62
52 53
74 84
74 64
47 48
25 15
25 35
9 8
9 19
8 7
8 18
7 6
6 16
29 27
29 39
18 27
16 15
98 99
98 97
98 88
99 89
88 77
89 79
97 96
97 87
77 66
79 78
87 86
78 68
66 65
90 91
91 92
91 81
92 93
80 70
70 60
81 72
72 71
72 62
93 83
61 71