0 7 1 31 32 34 36 37 39 40 41 42 43 44 46 47 48 49 50 51 52 54 55 3 58 59 61 62 63 64 66 67 68 69 71 72 74 2 26 4 77 79 82 83 9 19 10 98 27 5 6 29 8 15 11 28 23 16 24 17 18 30 20 21 25
0 7
0 34
0 1
0 54
0 42
0 51
0 40
0 49
0 48
0 50
0 52
0 47
0 41
0 32
0 37
0 43
0 44
7 29
7 36
1 3
1 67
1 71
1 31
1 68
1 66
1 62
1 58
1 74
1 63
1 72
1 64
1 69
39 10
43 15
44 16
46 18
47 19
48 21
54 27
55 28
3 10
3 77
3 98
3 59
3 9
61 5
69 20
71 23
72 24
2 82
2 79
2 26
4 27
82 10
83 11
19 5
19 6
10 11
8 15
28 21
28 17
28 25
24 30
17 18