0 1 2 3 4 5 7 9 10 11 12 13 14 15 16 17 18 19 20 21 22 23 24 25 26 27 28 29 30 31 32 33 34 35 36 37 38 39 40 41 42 44 46 47 48 50 51 52 53 54 55 56 57 58 59 60 62 63 64 65 68 70 72 73 74 75 76 78 81 82 88 90 91 94 96 97 98
0 34
0 33
0 3
1 35
1 32
1 15
2 38
2 27
2 37
2 13
2 4
3 39
3 20
3 22
3 40
4 41
5 16
5 44
5 31
7 10
7 47
7 48
9 52
9 14
9 51
9 30
10 53
10 54
10 16
11 21
11 25
12 16
12 58
12 17
12 57
14 62
15 63
15 64
15 20
16 32
16 65
17 68
18 70
18 32
18 23
19 32
19 28
20 74
21 32
21 75
21 76
22 78
24 32
24 82
24 81
25 26
25 30
27 88
28 29
28 90
29 91
31 96
32 97
32 98
34 36
37 39
42 44
46 48
50 52
53 55
54 56
57 59
58 60
70 72
73 75
94 96