0 19 12 25 26 1 20 15 29 30 2 21 9 32 3 5 34 35 36 4 14 13 38 16 7 24 40 6 18 43 46 8 51 11 54 10 23 57 58 59 60 17 61 62 63 65 66 69 70 71 72 73 74 75 22 77 79 81 82 83 84 86 88 89 90 92 94 97 98 99
0 26
0 19
19 83
12 62
12 63
12 8
25 74
26 94
26 65
1 30
1 20
1 29
20 86
15 72
15 70
15 13
15 71
30 58
2 32
2 9
2 21
21 89
21 90
21 88
9 54
3 34
3 36
3 5
5 40
5 16
35 86
36 61
36 73
4 38
14 69
13 66
13 10
13 65
38 98
16 75
16 74
7 46
7 18
24 97
24 99
24 98
40 65
6 18
6 43
18 79
43 81
46 74
8 51
51 82
51 83
11 59
11 58
11 60
10 57
23 94
59 66
60 99
17 77
66 69
71 77
74 92
22 92
84 99
90 99