0 23 26 27 1 8 19 16 30 2 31 32 33 3 5 34 35 36 4 20 39 12 18 40 6 14 43 44 45 7 24 46 47 48 49 9 21 53 54 10 13 15 55 56 57 11 17 58 59 60 61 62 63 65 66 68 69 22 70 72 73 74 75 77 79 80 81 83 84 85 86 87 89 91 92 94 97 98 99
0 27
0 26
23 94
27 68
1 30
1 19
8 49
19 84
19 10
19 83
16 75
16 74
16 73
2 31
2 33
31 98
31 85
32 83
33 99
3 34
3 5
5 40
5 18
35 99
36 97
4 20
20 86
20 85
20 87
39 48
12 61
12 62
12 63
18 79
18 81
18 80
6 43
6 45
6 44
14 68
43 74
45 94
45 81
7 46
7 47
7 48
24 97
46 86
49 66
9 53
9 54
9 21
21 89
53 57
10 57
10 56
13 66
13 65
15 70
15 72
15 22
55 89
56 97
11 59
11 58
11 17
11 60
17 77
58 98
61 81
65 69
68 94
69 84
22 91
72 80
75 92
79 87
80 83