0 14 22 62 64 65 66 67 68 69 72 73 74 76 79 80 81 82 83 84 85 86 87 89 90 91 94 96 97 98 99 25 2 40 3 48 44 38 5 15 39 52 7 6 29 18 31 61 8 42 9 10 43 11 51 12 59 30 54 34 45 17 19 47 20 50 21 53 23 24 33 46 37 41 58 35 60 56
0 90
0 22
0 14
0 64
0 74
0 65
0 87
0 62
0 85
0 72
0 82
0 98
0 99
0 94
0 66
0 83
0 81
0 97
0 96
0 86
0 89
0 79
0 91
0 84
0 73
0 76
14 54
14 34
14 38
22 53
66 5
67 7
68 8
69 9
80 23
81 24
83 29
84 30
89 35
94 42
97 45
99 47
25 50
25 6
25 5
2 40
40 11
40 21
3 44
48 56
48 41
44 35
38 17
5 39
5 52
5 15
5 7
7 31
7 18
7 61
61 9
8 42
10 43
43 24
11 51
51 24
12 59
59 34
30 37
45 60
19 47
20 50
53 23
24 33
33 58
46 58
60 56