0 1 2 3 4 5 6 7 8 9 10 11 12 14 15 16 17 18 19 20 21 22 23 24 25 27 28 29 30 31 32 33 34 35 36 39 40 42 43 46 47 48 49 51 52 53 54 56 57 58 59 61 62 63 67 68 70 71 72 74 77 81 82 84 87 88 89 90 91 93 96
0 34
0 19
0 4
0 8
0 33
1 35
2 15
2 23
2 17
3 39
3 40
3 9
4 24
4 42
5 43
5 29
6 15
6 46
7 47
7 48
8 49
8 29
8 27
9 51
9 52
9 19
10 53
10 23
11 29
11 56
12 57
12 28
12 58
14 22
14 18
14 62
15 31
15 63
15 21
15 25
15 16
15 28
17 67
17 68
19 72
19 71
19 32
20 74
20 32
21 30
22 77
22 32
24 81
25 84
27 87
27 88
28 89
28 90
29 91
30 93
31 96
33 35
34 36
46 48
54 56
57 59
61 63
70 72
82 84
89 91