0 78 57 95 68 55 1 34 24 54 84 10 66 2 90 30 5 37 65 92 80 3 8 7 18 52 4 15 31 39 69 29 12 58 75 6 20 33 74 73 47 16 48 86 64 13 35 56 45 85 17 21 43 26 59 22 93 40 23 62 25 82 91 51 27 50 32 87 88 36 81 96 63 94 98 53 67 61 89 97
0 78
78 25
57 37
57 53
95 50
95 88
95 68
68 13
55 87
1 66
1 24
1 34
1 54
24 65
54 56
84 87
84 53
84 5
84 67
10 92
10 16
66 6
66 50
66 26
2 92
2 30
2 5
90 97
30 12
5 29
65 94
65 17
92 21
80 33
80 97
80 89
3 18
3 7
3 8
8 47
7 6
18 48
52 23
4 69
15 73
31 91
39 29
39 96
69 51
58 75
58 81
75 36
6 33
6 20
6 73
6 74
74 81
47 62
16 85
48 22
86 23
86 81
64 26
35 43
45 59
85 93
85 40
21 26
21 59
21 43
43 98
26 51
62 27
25 82
82 98
91 51
32 87
81 61
63 98