0 1 2 3 4 5 6 7 8 9 10 11 12 13 14 15 16 17 19 20 21 22 23 24 25 26 28 29 30 31 32 33 35 36 38 39 40 41 42 43 44 45 46 48 49 50 51 53 54 56 58 60 62 63 65 66 67 71 72 74 75 77 78 81 82 83 84 85 86 88 89 91 92 95
0 33
0 14
1 36
1 35
1 30
1 5
1 21
2 38
2 7
2 14
2 28
2 13
3 26
3 40
3 39
3 19
4 13
4 42
4 41
4 8
5 43
5 44
5 32
6 29
6 45
6 46
6 24
6 30
7 16
7 48
8 49
8 50
9 51
9 24
10 53
10 25
10 54
11 56
12 58
12 24
12 17
14 29
14 62
15 19
15 23
15 63
16 66
17 67
19 71
19 30
19 72
20 74
20 28
21 75
22 78
22 77
22 30
23 25
24 81
25 84
25 83
26 86
26 85
29 92
29 91
30 31
31 95
54 56
58 60
65 67
82 84
86 88
89 91