1 3 4 5 6 7 9 10 11 12 13 14 20 22 24 25 26 27 28 29 31 33 35 36 39 40 41 42 43 44 45 46 47 48 51 52 53 54 58 59 61 62 64 66 67 68 71 72 75 76 77 79 80 81 83 85 86 87 88 89 91 93 94 95 96 97 98
1 31
1 80
1 41
1 11
3 42
4 10
5 87
6 85
6 77
6 48
6 64
7 93
9 36
9 95
9 80
9 22
10 72
12 48
13 41
13 47
14 75
14 29
20 96
20 72
22 86
24 75
25 68
26 47
27 62
28 72
28 91
28 85
29 71
29 44
31 89
33 39
35 96
36 88
36 43
39 46
40 76
41 81
42 87
44 89
44 54
44 93
45 59
45 76
46 79
46 85
48 51
52 97
52 72
53 62
58 89
61 91
62 64
64 95
66 86
67 93
68 71
72 83
72 87
76 86
83 98
86 94