0 7 4 44 74 75 76 77 78 79 80 81 82 83 84 85 86 87 88 89 90 91 92 93 94 95 96 97 98 99 1 45 3 2 66 63 50 37 30 58 5 38 6 26 20 42 8 16 18 49 9 71 15 10 48 62 61 11 12 70 13 67 40 14 53 73 60 64 17 32 19 54 21 65 22 39 69 72 23 33 24 52 55 57 25 68 27 28 56 51 29 35 31 36 34 41 43 46 47 59
0 92
0 4
0 98
0 84
0 79
0 81
0 99
0 76
0 94
0 86
0 87
0 95
0 7
0 75
0 89
0 91
0 83
0 97
0 85
0 77
0 78
0 44
7 42
7 80
4 58
4 37
4 30
44 15
44 53
74 1
75 2
76 3
78 5
81 8
82 9
85 12
88 16
90 18
93 23
94 24
95 25
96 27
97 28
99 33
1 45
1 3
3 63
3 50
66 10
63 31
30 27
5 38
38 22
6 20
6 26
20 70
8 18
8 16
18 11
49 17
9 15
9 71
15 64
15 60
10 62
10 61
10 48
61 29
61 25
12 70
13 40
13 67
40 36
14 53
14 73
73 46
64 47
64 59
17 32
32 29
32 36
19 54
54 27
21 65
65 25
22 39
22 69
22 72
72 34
23 33
24 57
24 55
24 52
55 41
25 68
28 56
28 51
56 43
29 35