0 14 5 8 25 1 15 4 30 2 3 32 33 12 34 35 36 23 37 38 39 17 40 6 19 10 45 7 11 20 47 48 13 16 51 9 21 53 54 56 58 59 60 61 62 63 64 67 68 69 70 18 24 73 74 76 78 81 82 83 84 86 88 90 22 92 94 96 97 98 99
0 25
0 8
0 14
14 20
5 40
8 16
25 45
1 4
1 15
1 30
4 39
4 38
4 37
4 23
2 33
3 36
3 35
3 34
32 81
32 64
33 47
12 62
12 61
12 63
12 6
34 59
35 82
36 38
36 69
23 96
17 78
17 76
40 97
6 19
6 10
19 83
19 84
19 82
10 56
45 67
7 47
7 48
11 59
11 58
11 60
11 21
47 68
48 53
13 64
16 74
16 73
16 18
51 90
9 54
9 21
9 53
21 90
21 88
54 92
62 74
62 98
70 96
18 81
24 98
24 97
24 99
24 22
73 94
78 83
86 90