91 79 5 58 2 8 18 3 14 99 32 37 15 88 61 89 50 10 63 17 55 75 29 95 40 92 57 65 72 33 21 31 82 85 86 49 9 71 70 98 28 69 54 51 42 80 90 96 27 36 66 45 13 47 25 53 94 41 30 34 76 7 26 11 77 19 12 16
91 92
91 9
91 79
5 88
5 58
58 80
2 30
2 96
8 99
8 37
18 86
18 25
18 71
18 70
3 54
14 69
14 96
99 7
32 72
32 95
32 53
37 82
37 57
37 95
15 27
15 86
88 61
89 31
89 11
50 33
50 80
10 76
10 70
63 17
17 82
55 66
75 30
75 85
29 90
29 28
95 33
40 49
40 13
92 19
92 70
57 34
57 90
65 34
65 26
33 45
33 51
21 12
21 41
31 98
31 71
82 54
71 47
69 54
69 94
51 13
42 45
27 16
36 45
66 45
45 76
34 77
76 12