0 6 25 1 15 2 29 30 14 31 32 3 19 9 34 35 4 12 37 38 39 5 20 40 41 42 18 10 43 44 45 7 11 48 8 49 50 51 52 53 54 23 16 55 56 57 22 24 58 59 62 63 13 64 65 66 21 67 70 74 17 76 77 78 79 82 83 84 86 87 88 89 91 92 93 94 95 97 98 99
0 6
0 25
6 45
6 43
1 29
1 15
2 31
2 32
2 14
29 59
30 74
30 52
14 21
14 67
31 45
31 39
32 57
3 34
19 82
9 54
9 5
34 64
35 50
4 37
4 39
4 12
12 63
38 97
5 42
5 40
5 20
20 86
20 87
40 44
41 51
42 88
18 79
10 57
44 56
44 84
7 48
11 59
11 24
11 16
48 79
48 74
8 49
8 51
8 50
49 70
50 83
51 92
53 63
53 62
23 94
23 95
16 74
55 91
57 99
57 94
22 91
22 92
22 93
24 97
24 99
58 86
13 65
13 66
64 77
66 97
21 88
21 89
17 76
17 77
17 78
76 95
77 98
82 92
91 97