0 1 2 4 6 8 9 10 11 12 13 14 15 16 17 18 19 20 21 22 23 24 26 29 33 35 37 38 39 40 41 42 43 44 45 46 47 49 50 54 55 56 57 58 59 60 61 62 63 64 66 67 70 71 72 73 74 75 76 78 79 80 81 82 84 86 87 88 89 90 91 92 93 94 95 96 97 98 99
0 63
0 99
1 45
2 4
4 49
6 15
8 9
8 41
8 98
9 88
9 10
9 82
10 46
11 12
12 13
12 87
12 56
13 86
14 15
14 91
16 17
17 84
18 19
18 50
20 55
21 62
21 22
23 24
23 90
24 89
26 61
29 37
29 35
33 71
33 45
37 38
38 39
39 84
39 40
40 41
40 62
40 70
42 73
43 44
44 45
44 67
46 94
46 47
47 49
49 50
54 78
54 55
55 60
56 91
56 57
58 81
59 92
59 70
61 62
63 64
66 82
70 71
71 79
72 73
72 95
73 74
74 81
74 90
74 75
75 76
78 79
80 81
81 82
91 92
92 93
96 97
97 98
98 99