0 1 2 3 4 5 7 8 9 10 11 12 13 14 15 16 17 18 19 20 21 22 23 24 25 26 27 28 29 31 32 33 34 36 41 42 43 44 46 47 48 49 50 51 54 55 56 60 61 62 64 68 69 70 72 73 76 77 78 79 80 81 82 83 85 86 88 89 90 91 92 95 96 97 98
0 33
0 34
0 23
0 27
1 36
1 13
2 14
3 9
4 42
4 32
5 43
5 29
5 44
7 47
7 19
7 48
7 32
8 49
8 50
8 18
9 51
9 31
9 15
10 28
10 21
11 56
11 55
11 20
12 28
12 14
13 60
13 31
14 62
14 32
14 61
15 64
16 29
17 20
17 68
18 69
18 21
19 72
20 25
20 73
21 76
22 32
22 25
22 78
22 77
23 80
24 25
24 82
24 31
24 81
25 83
25 27
26 32
26 85
26 29
27 88
28 89
29 92
31 96
31 95
32 97
32 98
41 43
46 48
54 56
70 72
77 79
86 88
89 91
90 92