49 85 31 35 0 24 84 80 3 63 70 86 42 50 69 88 81 97 51 10 65 29 64 73 23 46 43 59 11 39 93 75 71 72 9 79 36 60 2 33 26 55 19 15 28 21 5 1 20 58 62 7 95 89 13 68 12 78 4 44 25 57 61 6 87 94 17 38 56 99 77 27 45 98
49 78
49 29
85 24
85 6
85 9
31 88
35 24
0 99
0 12
0 5
24 42
24 97
84 93
84 70
84 63
84 23
80 99
3 33
3 26
3 56
3 86
63 75
63 71
70 2
86 27
86 43
50 29
69 45
69 7
88 93
81 4
81 51
97 39
10 65
65 73
29 79
29 21
64 94
73 2
73 19
73 60
46 20
46 87
43 21
59 21
11 77
75 15
71 89
72 36
9 25
9 36
36 98
36 77
60 58
60 98
2 21
33 28
55 77
55 61
19 4
15 5
28 68
28 95
28 44
21 1
1 62
20 25
62 13
78 17
44 38
57 27
61 94
94 45