1 2 3 4 5 7 8 9 10 11 13 14 15 17 20 22 23 24 25 26 27 28 29 30 31 32 34 35 37 39 40 42 43 44 45 46 48 49 50 51 52 53 54 55 56 57 58 59 61 62 63 64 65 67 68 69 70 71 72 73 74 75 76 77 78 79 80 82 83 84 86 87 88 89 93 94 96 99
1 23
2 75
2 96
3 83
3 49
3 93
4 55
5 75
7 94
7 29
8 24
9 14
10 57
10 44
10 64
11 61
13 35
14 22
15 46
15 24
17 35
17 59
17 32
20 45
20 82
20 67
22 37
22 62
23 70
23 61
24 57
24 61
24 27
25 40
26 88
26 73
27 78
28 59
29 75
29 39
30 79
31 34
32 99
34 88
34 49
34 42
35 63
39 76
40 58
43 87
44 56
45 50
45 52
48 65
48 74
48 69
50 68
50 99
51 79
52 62
52 86
53 54
54 56
54 80
55 87
56 58
56 89
57 69
58 67
58 87
70 96
71 88
71 79
72 88
73 84
75 83
77 94