65 56 6 52 75 17 60 48 27 74 86 95 99 72 66 57 22 69 89 64 20 24 55 40 43 54 10 92 62 88 33 38 49 32 36 14 44 71 96 61 93 87 19 34 53 98 68 30 73 7 25 13 70 11 78 1 97 9 42 81 39 28 47 51 0 8 26 84 67
65 78
65 36
65 34
56 87
56 13
56 97
6 62
6 22
6 32
52 14
52 87
75 71
75 7
17 95
17 53
60 1
60 43
48 28
27 78
27 55
27 99
74 92
86 19
95 97
72 88
72 32
66 28
57 67
57 44
57 96
22 43
69 7
89 70
89 71
64 51
64 73
20 28
24 36
55 19
55 39
55 42
40 10
43 81
54 98
10 47
92 51
92 88
62 47
33 61
33 19
33 11
38 39
49 93
32 25
32 93
36 0
44 61
71 47
61 68
93 28
93 53
34 84
53 42
98 42
30 84
25 8
25 9
11 26