0 4 3 1 2 8 16 17 14 15 19 12 18 11 20 6 13 5 7 9 10 53 76 21 22 23 24 25 26 27 28 29 30 31 32 33 34 35 36 37 38 39 40 41 42 43 44 47 48 50 55 56 57 58 59 60 64 51 61 62 52 54 63 65 78 79 66 67 68 69 85 70 71 72 73 74 75 77 88 95 83 99 96 97 86 93 87 98 92 80 89
0 3
4 2
4 19
3 11
3 20
3 14
1 2
1 16
1 17
1 8
2 15
8 14
17 76
17 13
17 53
14 9
14 7
15 12
18 10
11 10
11 5
20 29
20 26
6 7
53 58
53 62
76 79
21 26
21 23
21 27
22 25
23 24
25 26
27 28
29 30
30 31
31 32
32 33
33 34
34 35
35 36
36 37
37 38
38 39
39 40
40 47
40 42
41 47
42 43
43 44
47 48
50 58
55 58
56 54
56 59
56 57
56 58
58 64
58 52
58 60
59 61
51 61
61 63
65 78
78 74
78 70
78 66
78 72
78 71
78 73
78 67
78 75
79 69
79 75
79 68
79 77
69 85
85 99
85 96
88 83
95 96
83 92
99 97
97 93
97 86
93 87
93 98
87 89
98 80
92 89