0 93 24 37 89 74 63 6 56 10 58 67 72 98 71 59 15 12 81 17 64 30 46 1 4 7 36 85 19 8 42 57 40 80 68 34 79 96 97 39 43 3 14 44 70 62 38 77 95 26 48 86 91 5 18 60 27 84 32 9 61 99 65 69 11 22 82 23 20 25
0 91
93 79
24 43
24 95
37 86
37 27
37 79
37 74
89 4
89 81
89 74
63 86
6 82
6 9
56 10
56 32
56 11
56 60
58 67
58 12
58 36
72 95
72 1
72 62
98 61
98 15
98 7
71 99
59 46
59 15
17 79
17 43
17 38
64 23
30 23
46 38
46 48
36 20
36 26
85 26
19 80
19 9
8 61
42 14
57 84
40 68
80 61
68 34
68 26
34 18
96 20
97 38
97 70
39 95
39 25
3 91
14 9
44 61
70 18
38 84
77 99
77 91
95 11
5 27
5 69
60 65
32 22
61 99
22 23