0 15 25 26 27 1 17 18 29 2 19 31 3 6 34 36 4 10 37 38 39 5 40 41 42 12 43 44 45 7 13 46 47 48 8 49 50 51 9 52 53 54 55 56 57 11 58 59 60 16 61 64 65 14 20 68 69 23 70 71 72 73 77 21 24 80 84 86 87 90 22 91 92 93 94 95 97 99
0 26
0 25
15 70
15 71
15 23
26 36
27 43
27 57
1 18
17 77
18 80
29 34
2 31
19 84
19 9
19 10
31 97
3 34
3 36
6 43
6 45
34 94
34 44
4 39
4 37
4 38
10 57
10 56
10 55
37 53
38 72
5 40
5 42
5 41
40 58
41 90
42 61
12 61
44 97
7 47
7 46
7 48
13 65
13 16
46 84
48 69
48 60
8 50
8 51
49 99
49 57
49 94
50 56
51 73
9 54
9 53
52 55
11 60
11 59
11 58
59 64
16 73
65 86
65 68
14 69
20 86
23 94
23 95
72 87
77 80
21 90
24 99
24 22
80 95
22 93
22 91
22 92