0 5 21 23 25 26 27 1 8 15 28 2 3 13 31 32 33 34 35 4 9 14 37 40 42 6 12 43 7 46 47 48 22 49 50 51 52 53 10 18 55 57 11 59 60 61 62 63 16 64 65 66 68 69 20 24 70 74 75 17 76 78 79 80 81 19 82 83 84 87 88 91 93 94 95 97 98 99
0 27
0 25
0 26
0 21
5 40
21 88
23 94
23 14
25 65
25 47
26 83
1 28
1 8
8 51
8 50
8 22
8 49
15 70
15 6
15 24
15 20
28 95
2 32
2 31
2 13
3 34
3 35
13 66
13 64
13 65
13 16
33 51
34 70
35 97
4 37
9 52
14 68
14 69
37 78
40 55
42 80
6 43
12 61
12 62
12 63
7 46
7 48
46 51
48 78
49 64
52 62
53 66
10 55
18 80
55 61
57 74
11 60
11 59
59 79
60 75
62 82
62 91
66 84
68 93
69 76
20 87
24 99
70 94
74 98
75 83
17 78
80 94
81 87
19 83
19 82
83 98
88 99