0 14 19 21 7 25 1 22 28 29 30 2 4 31 32 33 3 20 34 35 36 6 5 37 38 13 24 40 41 42 12 43 44 45 46 47 48 8 16 49 50 51 9 15 23 52 53 10 18 55 56 57 11 58 59 60 61 64 65 66 67 68 69 70 72 73 75 17 76 77 78 81 83 85 88 93 95 98 99
0 7
0 25
14 67
14 69
19 8
21 88
7 48
7 46
7 47
1 28
1 30
22 20
29 93
29 73
30 47
2 32
2 33
2 4
2 31
4 5
4 6
4 20
4 38
31 78
32 37
33 69
3 20
20 9
34 35
35 64
36 95
6 44
6 45
6 12
6 43
5 13
5 41
5 40
5 24
38 98
13 65
13 66
13 64
24 99
40 47
40 55
41 58
42 72
12 61
48 51
8 51
8 16
16 73
49 65
50 88
50 52
9 23
9 53
9 52
15 72
53 75
10 18
10 55
10 57
56 58
57 72
57 59
11 58
11 60
58 95
60 81
61 68
64 85
65 83
70 77
17 78
17 76
77 88