0 1 2 4 5 6 7 8 10 11 12 13 14 15 16 17 18 19 20 21 23 24 25 26 27 28 29 30 31 32 35 36 37 38 39 40 42 43 45 46 47 49 50 51 52 55 56 57 58 59 61 63 64 67 71 72 73 77 79 80 82 84 86 87 88 90 92 93 95 96
0 32
1 35
1 17
1 36
2 37
2 4
2 38
4 14
4 27
4 16
4 42
5 18
5 43
6 45
6 7
6 11
6 46
8 49
8 24
8 28
8 50
10 26
11 56
11 14
11 55
12 58
12 20
12 23
13 14
13 59
14 61
14 19
15 64
15 26
16 17
17 67
17 30
18 29
18 25
19 72
19 71
19 32
19 25
20 73
21 29
23 31
23 80
23 79
24 82
26 86
27 88
27 87
27 31
27 28
28 90
29 92
30 93
31 96
31 95
37 39
38 40
45 47
49 51
50 52
57 59
61 63
77 79
82 84
86 88