0 1 4 5 11 12 13 14 18 19 24 28 30 31 32 36 40 42 43 46 49 50 53 54 59 61 66 67 68 70 71 77 80 81 90 91 92 95 96 99 16 21 26 27 29 37 41 44 47 48 51 56 58 62 69 73 76 82 8 10 33 38 52 75 23 60 83 55 22 87 74
0 14
1 26
4 49
4 77
5 29
11 14
12 58
12 21
12 71
13 23
14 62
14 26
14 67
14 77
14 66
14 81
18 28
19 54
19 23
19 10
19 42
24 66
24 48
28 82
28 46
28 56
28 87
30 23
31 16
32 26
36 54
36 21
36 52
36 68
36 73
40 22
43 61
46 91
49 41
50 62
53 23
59 69
61 62
61 22
70 92
71 55
71 27
77 23
80 26
81 76
90 92
90 76
95 29
95 48
96 58
99 37
99 52
99 38
99 44
99 8
16 22
27 60
44 51
47 74
56 33
58 83
69 87
73 74
73 82
75 83