1 0 4 5 6 7 8 9 10 11 12 15 16 19 24 26 27 28 30 32 33 37 39 40 41 42 45 47 50 51 52 53 55 56 58 60 61 62 63 64 65 66 67 68 70 71 72 73 74 75 77 79 80 81 85 86 90 91 92 93 94 95 97 98 99
1 6
1 56
0 75
4 16
5 9
6 55
7 53
8 27
8 15
9 62
10 40
11 94
12 58
12 30
12 99
16 85
16 26
16 71
16 37
19 92
24 61
26 28
27 55
30 39
32 90
33 65
39 42
40 53
40 92
41 80
41 66
42 71
45 72
47 67
47 53
50 53
50 80
51 97
52 99
52 70
52 93
53 70
55 61
58 74
58 68
58 72
60 64
61 98
61 68
62 77
62 93
63 95
64 92
65 97
65 74
67 79
71 95
73 75
75 86
80 90
81 90
85 91
86 97
86 94