1 2 3 4 5 6 7 8 9 10 11 12 13 14 15 16 17 18 19 20 21 22 23 24 25 26 27 28 29 30 31 32 33 34 35 36 37 38 39 40 41 42 43 44 45 46 47 48 49 50 51 52 53 54 55 56 57 58 59 60 61 62 63 64 65 66 67 68 69 70 71 72 73 74 75 76 77 78 79 80 81 82 83 84 85 86 87 88 89 90 91 92 93 94 95 96 97
1 2
2 3
3 4
4 58
5 6
6 58
7 58
8 58
9 58
9 10
11 58
12 13
13 58
13 14
15 16
16 17
17 58
18 19
19 58
20 21
20 58
22 58
23 24
24 58
25 26
26 27
27 28
27 58
28 29
30 31
31 32
32 33
33 56
33 34
35 56
36 56
37 38
38 56
39 56
40 56
40 41
42 43
43 44
44 45
44 56
46 47
47 56
48 56
49 50
49 56
51 56
51 52
52 53
53 54
54 55
56 57
57 58
57 61
57 73
57 84
57 71
57 81
57 62
57 88
57 79
57 66
57 64
57 75
57 59
57 74
57 80
57 76
57 85
57 69
57 86
57 82
57 70
57 68
60 61
63 64
64 65
66 67
71 72
77 78
78 79
82 83
87 88
88 89
89 90
90 91
91 92
92 93
93 94
94 95
95 96
96 97