0 19 24 25 26 27 1 20 8 28 30 2 11 7 31 32 33 3 34 35 36 4 9 10 13 37 38 39 5 40 41 42 6 43 44 45 47 48 21 49 12 53 14 15 55 56 58 61 16 64 67 70 71 18 74 75 17 23 76 77 78 22 79 80 81 82 83 84 86 87 89 90 91 93 94 95 96 98 99
0 26
0 25
0 27
19 18
19 17
19 84
19 82
24 99
24 98
24 1
25 35
26 79
26 37
1 8
20 86
20 87
8 49
8 3
8 21
8 5
28 38
30 58
2 33
2 32
2 11
2 31
11 58
7 47
7 48
7 6
7 10
31 44
31 35
3 35
3 34
35 95
36 39
4 37
4 38
4 10
4 9
9 53
10 56
10 15
10 14
13 64
13 16
37 39
5 42
5 41
40 61
42 81
6 43
6 45
43 90
47 55
21 89
49 83
49 71
12 61
14 67
56 91
61 64
16 74
16 75
70 91
18 80
18 81
74 80
17 76
17 77
23 95
23 94
78 90
22 93
87 95
93 99
95 96