0 1 2 4 5 6 7 8 9 11 12 13 14 15 16 18 19 20 21 22 23 25 26 27 28 29 30 31 32 33 34 35 36 37 38 39 40 41 42 43 44 45 46 47 48 49 50 51 52 53 54 55 56 57 58 59 60 61 62 63 64 65 66 67 68 69 70 71 72 73 74 75 76 77 78 79 80 81 82 83 84 85 86 88 89 90 91 92 93 95 96 97 98
0 2
0 1
1 4
2 5
5 7
6 7
7 8
7 9
9 12
9 13
9 11
13 14
14 15
14 16
16 19
16 18
19 21
20 21
21 22
22 25
23 27
23 26
25 28
27 28
28 29
28 30
29 32
30 33
30 34
31 34
32 35
35 38
36 39
37 41
37 40
38 41
39 42
41 42
42 45
42 43
44 47
44 48
45 48
46 47
48 49
49 52
49 51
50 53
51 55
51 53
53 54
53 56
56 59
56 57
58 60
58 62
58 59
60 61
62 63
63 66
64 65
65 68
65 69
66 69
67 68
69 70
70 71
70 72
72 73
72 74
72 76
74 77
74 75
77 78
78 81
79 82
79 83
79 80
81 84
83 84
84 85
84 86
86 89
88 89
88 91
90 91
91 92
92 93
92 95
93 96
96 98
96 97