0 51 55 2 11 4 5 40 57 6 83 87 7 79 90 32 39 17 82 12 24 84 13 93 96 14 78 43 27 63 86 18 26 69 20 72 58 92 95 23 49 50 81 28 56 36 31 99 89 33 94 35 60 75 38 53 91 42 97 44 45 98 62 48 65 67 88 59 66 73 68 85
0 55
51 87
51 50
55 91
2 11
11 12
4 57
4 5
5 87
40 39
40 89
6 7
6 90
83 93
87 84
87 85
87 88
87 99
87 13
79 99
90 91
90 38
90 99
32 94
32 33
39 36
17 69
17 18
82 92
82 78
12 13
24 81
24 23
13 14
93 63
93 62
93 68
93 98
93 94
96 27
96 18
96 42
78 65
78 67
43 63
27 26
27 28
27 56
86 81
86 85
20 72
72 73
58 53
58 97
92 95
92 45
95 94
95 60
23 49
50 60
50 48
36 35
31 89
99 89
99 42
94 53
94 44
60 59
75 44
97 73
67 66