1 2 96 97 98 5 7 8 9 10 11 12 13 14 16 17 18 20 21 22 23 24 25 26 27 28 29 30 31 32 33 34 35 36 37 38 39 40 41 42 43 44 45 46 47 48 49 50 51 52 53 54 55 56 57 58 59 60 61 62 63 64 65 66 67 68 69 70 71 72 74 75 76 78 80 82 83 84 86 87 89 90 92 93
1 98
1 97
2 98
96 93
96 97
5 7
7 8
8 10
9 10
9 11
11 13
11 14
12 13
14 17
16 17
17 20
18 20
20 21
21 22
22 24
22 25
23 26
24 26
26 27
27 28
27 29
29 31
30 31
30 32
31 33
33 35
34 36
34 37
35 37
37 38
38 39
38 41
40 42
40 43
41 42
43 45
43 44
45 48
45 46
46 47
47 50
48 49
49 52
51 53
52 53
52 54
54 56
55 57
56 59
57 60
58 59
59 60
60 61
60 62
62 64
63 66
64 66
64 65
65 67
67 68
68 70
68 69
68 71
71 72
72 74
74 75
74 76
75 78
78 80
80 82
82 83
82 84
83 86
86 89
87 90
89 92
90 92
92 93