0 1 7 3 2 9 14 13 20 8 16 32 17 10 15 11 12 33 18 51 24 21 22 37 43 25 23 27 28 29 54 61 57 30 44 58 80 35 34 40 38 36 48 41 42 45 46 52 47 49 82 53 56 63 62 59 74 60 64 69 72 65 66 67 89 71 68 90 97 76 84 77 86 93 78 87 81 85 99 98
0 1
0 7
1 3
7 8
2 9
9 17
14 24
13 51
13 18
13 10
20 23
20 27
8 32
8 16
16 43
16 37
17 43
10 15
15 21
15 12
15 22
11 12
33 37
18 25
24 23
21 29
21 28
43 38
43 30
25 54
27 61
28 57
54 63
61 60
57 58
57 56
30 58
30 80
44 42
58 74
80 52
80 72
80 78
35 38
34 40
40 42
40 45
40 36
38 48
48 47
41 45
42 46
45 52
47 49
47 82
82 81
53 56
56 62
63 65
59 60
74 71
60 72
60 64
60 69
64 66
69 68
69 90
72 76
65 67
66 89
89 99
90 97
90 98
76 77
84 81
77 93
77 86
78 87
87 85