80 58 14 55 7 86 94 42 92 12 36 50 44 82 59 63 81 64 0 74 6 39 48 41 19 89 30 3 28 23 9 37 97 67 33 27 61 10 16 54 60 65 52 8 51 68 71 35 13 66 21 72 15 98 95 25 17 31 56 49 2 96 77 53 69 75 22 84 29 57 46 18
80 94
80 82
80 58
80 0
58 18
58 42
58 10
14 71
14 42
14 84
55 37
7 37
86 57
86 37
94 27
42 96
42 33
42 39
42 72
42 59
92 28
12 10
12 51
36 16
36 29
36 56
50 53
50 30
50 15
50 68
50 75
44 82
82 54
59 63
59 89
81 64
81 33
0 74
74 98
6 39
48 13
41 28
41 17
41 21
19 49
19 30
89 77
3 8
28 8
23 69
23 46
9 37
37 97
37 18
37 21
97 49
67 33
27 65
61 22
61 10
10 69
54 25
60 2
60 96
65 52
51 29
35 49
35 13
13 95
66 77
31 53