0 1 2 3 4 6 7 8 9 10 12 13 14 15 17 19 21 23 26 27 28 32 33 34 35 36 37 38 40 41 43 44 45 47 49 50 51 52 54 55 56 58 61 65 66 69 70 72 73 74 75 78 79 81 82 83 85 86 88 89 90 91 92 93 94 95 96 97 98 99
0 72
0 32
1 40
1 51
1 78
1 33
2 99
2 58
3 27
3 33
4 40
6 40
6 73
6 86
6 72
7 35
7 83
7 65
8 47
8 54
8 61
8 66
8 15
9 23
10 13
10 19
10 21
12 82
13 28
14 82
17 43
17 72
19 78
21 23
21 85
21 92
23 58
23 26
32 69
33 45
33 96
34 61
35 88
35 90
35 41
36 92
37 94
37 47
38 86
40 75
41 49
44 55
44 50
44 56
51 98
52 81
52 82
55 73
56 83
56 89
56 79
61 70
61 74
70 73
70 97
73 81
74 93
75 95
90 91