0 1 53 36 2 43 8 72 3 63 83 5 49 9 6 25 85 82 11 79 86 12 39 64 70 26 13 92 14 30 15 21 67 59 17 18 37 38 94 46 48 22 75 23 24 91 73 76 27 28 32 54 34 35 41 55 77 40 90 44 93 87 89 71 47 66 52 99 62 97 98 68 80 81 84 96
0 1
0 36
1 2
1 72
1 43
53 52
53 86
36 37
36 35
36 55
36 34
2 63
2 3
43 93
8 72
72 44
3 83
63 64
83 62
83 5
83 84
5 6
49 90
9 82
25 24
85 84
85 86
85 27
82 81
11 12
79 80
86 32
12 92
39 38
39 40
64 97
64 14
70 92
70 71
26 27
13 14
13 30
92 91
92 80
14 59
14 67
14 15
21 22
67 22
67 68
59 99
59 71
17 37
17 18
38 73
94 93
46 47
48 47
48 66
75 76
23 24
24 73
91 90
73 71
73 89
76 77
27 28
54 55
41 40
55 77
44 87
66 99
99 98
97 96
80 81