1 5 4 6 9 3 21 2 94 90 44 92 93 86 7 8 12 88 10 11 13 55 15 16 17 18 19 20 35 42 22 52 23 66 24 71 25 87 26 91 27 28 29 30 31 32 34 36 83 38 39 48 51 79 80 49 54 62 56 57 84 60 61 63 64 78 67 69 77 74 73 75 85 81
1 49
1 62
1 5
1 4
1 80
1 29
1 79
5 9
4 2
4 44
6 74
6 93
9 54
3 21
3 2
21 42
2 12
2 94
2 69
94 30
94 23
90 38
92 15
92 51
93 86
86 19
7 38
7 66
7 8
8 12
12 11
88 64
10 31
10 11
11 39
11 52
13 91
55 62
15 85
16 17
16 78
17 18
18 19
19 20
19 61
20 35
35 34
35 36
42 28
22 27
22 52
22 56
22 48
22 73
52 67
23 32
24 25
24 71
24 26
25 87
26 91
91 29
31 57
32 81
32 63
36 83
36 64
83 84
79 64
84 85
60 61
77 75
75 85