0 2 25 24 63 65 66 67 68 69 70 71 72 73 74 75 78 80 81 82 83 84 85 87 89 90 91 92 93 94 95 96 98 99 1 36 43 3 33 44 4 5 10 42 51 37 6 7 52 31 9 58 11 28 56 61 14 38 59 15 41 16 55 40 17 20 18 22 19 23 54 32 35 27 30 48 50 53 47 60 49
0 24
0 70
0 81
0 94
0 87
0 80
0 95
0 90
0 82
0 98
0 2
0 84
0 96
0 93
0 69
0 25
0 72
0 99
0 92
0 91
0 68
0 63
0 89
0 71
0 73
0 74
0 67
0 75
0 78
0 83
2 43
25 9
24 32
24 35
24 54
65 5
66 6
67 7
69 10
72 14
73 15
74 16
81 27
82 28
83 30
84 31
85 32
91 42
93 44
98 51
1 36
1 43
3 33
3 44
44 4
5 37
5 42
42 22
37 6
37 41
37 53
7 52
31 17
9 58
11 56
11 28
56 60
61 40
14 38
59 16
59 20
16 55
16 40
55 49
40 19
18 22
23 54
30 48
50 49
47 60