0 26 62 63 64 65 68 70 72 73 74 76 77 78 80 82 86 88 89 92 93 94 95 97 98 99 1 30 3 47 2 43 25 23 4 8 38 7 6 48 12 33 9 27 49 10 20 11 31 60 16 32 14 44 15 41 37 29 17 18 58 56 57 22 53 55 59 35 40 36 42 54
0 86
0 26
0 72
0 92
0 77
0 99
0 70
0 82
0 94
0 88
0 80
0 63
0 64
0 62
0 89
0 97
0 93
0 78
0 74
0 76
0 65
0 98
26 55
26 53
26 3
63 4
68 10
72 16
73 17
89 40
92 44
95 48
1 30
1 47
1 3
30 35
3 25
3 23
47 56
2 43
43 31
43 15
25 10
23 18
4 38
4 8
8 33
38 6
7 12
48 17
48 54
12 16
9 27
9 49
49 56
10 20
11 60
11 31
31 40
60 17
16 29
16 37
32 22
32 44
14 44
15 41
41 57
29 59
18 58
59 42
40 36