96 98 1 0 2 18 16 15 7 8 11 12 10 9 13 14 21 20 22 25 19 44 45 49 34 33 35 32 29 36 42 40 39 38 24 47 46 97 88 89 57 55 50 54 58 61 62 63 64 74 68 71 70 27 72 87 86 84 83 85 82 79 75 78 90 92 95 94
96 98
96 97
98 1
0 2
2 68
18 21
16 15
15 14
15 7
8 11
11 12
12 10
10 25
10 9
13 14
14 24
21 22
21 20
20 63
20 19
20 25
22 24
25 29
25 27
19 44
44 45
45 49
45 42
34 42
33 35
35 32
35 36
32 29
42 40
39 38
38 24
38 47
24 87
47 46
97 88
88 87
88 89
88 74
89 57
89 90
57 58
57 55
55 50
50 54
61 62
62 63
63 64
68 71
71 79
71 72
70 27
87 86
86 85
86 84
84 92
83 85
83 78
85 82
82 79
79 75
92 95
95 94