0 1 2 3 71 4 5 6 7 8 9 10 18 19 22 23 25 50 26 27 28 29 30 31 32 33 34 35 36 37 40 44 45 48 57 51 52 53 54 55 56 58 59 60 61 62 63 64 65 66 67 68 69 72 73 74 75 76 77 78 79 81 90 91
0 6
0 18
0 10
0 9
0 1
0 71
0 4
0 2
0 7
0 8
3 71
71 44
71 57
71 5
71 72
18 19
22 23
22 25
25 27
25 35
25 34
25 33
25 32
25 29
25 28
25 26
25 31
25 50
25 30
50 55
50 52
50 54
50 58
50 59
50 57
50 53
50 56
50 60
50 51
26 36
36 37
40 44
44 45
45 48
60 81
60 61
61 62
62 63
63 64
64 65
65 66
66 67
67 68
68 69
72 73
73 74
74 75
75 76
76 77
77 78
78 79
81 90
90 91