99 14 13 24 34 31 2 86 38 46 29 40 45 9 39 72 77 10 12 18 23 27 15 43 5 8 21 94 37 30 84 79 32 3 11 36 63 80 76 44 47 57 49 51 90 53 70 55 91 35 65 68 78 71 16 88 28 98
99 39
14 8
13 24
24 57
24 34
24 71
34 43
34 31
34 27
34 23
31 2
31 94
86 38
38 46
46 23
46 29
29 90
40 51
40 45
45 9
39 72
72 77
72 78
77 80
77 43
77 10
12 18
12 55
18 23
27 15
43 5
43 28
5 8
5 76
8 21
94 68
94 47
94 16
94 37
37 91
37 44
30 76
84 79
79 3
79 32
3 11
11 36
36 91
63 80
57 49
49 51
90 53
53 70
91 35
35 65
16 88
28 98