99 34 18 1 38 82 28 54 73 47 2 41 21 27 6 93 79 7 8 30 24 9 59 11 48 12 60 84 32 15 62 16 64 67 53 17 71 68 80 78 66 20 22 5 65 23 44 29 40 37 39 90 14 94 46 0 49 91 19 52 55 31 69 89 58 63 70 72 75 86 85 4 92 83 97
99 34
34 18
34 78
34 38
18 60
18 8
18 19
18 1
1 65
82 41
82 44
28 16
28 54
54 73
73 62
73 47
47 2
2 66
41 7
21 27
21 71
27 84
27 6
6 63
6 93
79 14
8 58
8 30
24 9
9 59
59 11
11 48
11 60
11 31
48 69
48 12
12 70
12 44
12 22
60 84
60 91
84 86
84 32
32 15
15 39
15 67
62 55
64 86
64 72
67 4
67 53
53 17
68 80
80 78
66 20
22 5
22 75
65 23
65 40
44 29
37 39
39 90
90 14
90 85
14 94
94 46
46 83
0 49
49 91
19 52
55 31
69 89
72 97
4 92