97 64 63 2 1 3 83 5 6 7 9 10 11 12 13 14 15 16 17 18 19 20 21 22 23 24 25 26 27 28 29 30 31 32 33 34 36 37 38 39 40 41 42 43 44 72 71 66 48 47 46 49 50 52 53 54 55 56 57 58 59 61 62 73 67 70 76 90 91 79 80 81 82 86 87 88 92 93 94
97 64
64 11
63 2
2 1
2 50
1 72
3 83
83 9
83 62
83 5
5 6
6 7
9 82
10 79
11 70
11 26
11 12
13 14
13 61
13 30
14 59
14 15
15 16
17 37
18 46
18 19
20 48
21 22
22 67
23 24
24 73
24 25
26 27
27 28
28 29
30 31
32 38
32 86
32 33
34 36
34 70
36 55
36 37
38 73
38 39
39 40
40 57
40 41
42 43
43 93
44 72
72 71
71 73
71 59
71 70
71 66
66 67
66 48
48 49
48 47
47 46
47 88
49 76
50 52
53 86
54 55
55 56
58 59
70 92
90 91
91 92
79 80
80 92
80 81
81 82
87 88
92 93
93 94