98 95 92 88 83 76 68 59 49 40 41 33 26 20 14 9 6 3 2 5 8 12 13 15 18 17 19 23 24 25 27 28 35 34 42 39 30 32 38 43 44 45 47 50 51 52 53 48 57 58 60 61 62 63 64 72 79 78 77 75 74 66 69 70 71 81 84 87 89 96 93
98 95
95 92
92 88
92 87
92 96
88 83
88 93
83 77
83 89
76 77
76 75
68 69
59 49
49 40
49 58
40 39
40 41
41 42
41 50
41 32
33 42
33 26
33 25
26 20
26 19
26 27
20 15
20 14
14 9
14 13
9 6
9 8
9 5
6 3
3 2
12 18
18 25
18 17
23 24
24 25
28 35
35 34
34 42
42 52
39 48
39 30
39 38
38 47
43 44
43 52
44 45
51 52
52 61
52 62
52 53
48 57
58 66
60 61
62 63
62 70
62 71
64 72
72 71
79 78
78 70
77 84
77 70
77 69
75 81
75 74