99 12 61 8 35 82 0 92 3 21 4 7 5 25 16 37 58 10 11 6 29 15 63 48 98 40 17 28 22 41 24 33 9 53 38 88 84 42 70 45 93 47 50 77 95 46 54 90 55 94 57 91 85 51 62 69 64 66 74 68 72 44 79 75 78 39 96 27 89 32 97
99 42
99 12
99 25
99 45
99 21
99 7
12 61
12 22
61 8
61 11
61 3
8 35
35 24
82 96
82 0
92 3
3 33
21 4
5 53
25 48
25 16
16 37
16 63
16 9
37 51
58 62
58 10
6 29
6 63
29 78
29 66
29 39
29 15
48 98
98 40
40 17
40 70
17 28
22 90
22 55
41 42
9 53
9 62
9 69
53 38
38 77
38 93
88 84
84 45
93 72
93 47
50 85
77 95
46 54
54 89
94 85
57 91
91 85
85 27
69 64
64 75
66 74
74 68
68 79
72 44
39 96
96 27
27 89
89 32
32 97