97 29 67 5 86 89 64 10 21 56 12 81 68 14 38 16 61 18 17 98 19 46 40 13 33 15 37 45 77 34 22 51 88 52 26 6 92 62 28 83 72 60 36 41 69 54 42 71 4 47 87 66 48 50 74 57 58 39 23 44 1 73 76 80 43 95 7 85 79 94 30 96
97 86
97 29
29 67
29 58
29 80
67 5
86 22
86 72
89 64
89 60
89 1
89 79
64 10
64 47
10 87
21 56
21 50
56 15
56 12
81 68
81 38
81 15
68 14
68 95
38 16
61 18
18 46
18 17
18 69
17 98
98 19
46 40
46 94
46 54
40 13
40 34
13 33
15 37
15 74
37 45
37 43
45 51
45 77
77 34
77 92
34 22
34 71
22 4
51 88
88 36
88 52
52 26
6 92
92 62
62 83
62 28
41 79
54 48
42 71
4 47
87 66
87 96
74 57
58 44
58 39
58 76
23 44
44 85
1 73
95 7
30 96