96 57 10 56 25 0 27 70 15 72 35 3 36 89 37 4 39 71 45 6 44 49 8 50 78 54 9 53 47 7 46 62 12 65 13 69 14 61 73 16 75 51 79 18 81 84 19 83 86 88 21 91 22 90 33 99 24 28 29 1 30 32 2 31 42 5 40 41 64 55 76 93 92 58 11 59 60 34 17 77 74 20 87 95
96 57
96 51
96 75
57 10
10 56
25 47
25 0
27 70
70 69
15 71
15 72
72 65
72 45
72 35
3 36
36 89
89 21
89 37
37 4
4 39
45 6
44 32
49 8
8 51
8 50
78 17
54 47
54 9
9 53
47 7
47 84
47 81
7 46
46 62
62 73
62 65
62 12
12 61
65 13
69 14
69 61
73 16
73 29
16 75
16 74
79 18
18 81
19 83
83 86
86 74
86 20
86 88
88 21
88 91
21 90
91 59
91 22
22 92
22 93
90 33
99 24
99 28
28 29
29 1
1 30
30 34
32 64
2 31
31 42
42 5
42 64
42 77
42 74
5 41
5 40
40 60
41 76
55 76
93 95
92 58
11 60
17 77
20 87