98 58 1 0 53 2 4 16 36 3 95 6 38 56 7 40 11 70 93 51 45 12 99 31 17 13 25 14 21 94 73 9 71 19 5 22 23 28 76 27 65 34 39 30 84 55 32 37 41 89 44 96 78 87 10 47 42 48 49 52 61 33 57 59 88 15 68 77 97 82 29 92
98 58
58 1
1 51
1 0
1 10
1 59
1 45
1 3
0 87
0 53
0 37
0 9
53 13
2 96
4 16
16 73
36 95
36 3
6 38
38 51
38 56
38 41
56 5
56 84
7 40
7 70
40 11
70 93
93 51
93 42
93 61
51 33
51 32
45 76
45 12
45 92
12 99
31 17
17 9
25 37
25 65
14 96
14 21
21 78
21 94
94 52
73 77
71 78
71 19
22 15
23 28
28 76
76 27
65 34
39 84
39 30
55 32
89 44
44 96
78 87
10 77
10 47
10 97
42 48
49 52
33 57
59 29
88 29
88 15
15 68
97 82