1 4 5 11 51 10 88 2 48 55 19 22 46 60 63 13 15 53 33 64 84 72 52 41 45 18 14 96 17 61 47 26 27 93 6 76 3 75 62 80 43 28 98 9 31 67 87 70 99 34 8 66 83 30 56 12 36 54 37 50 59 69
1 4
1 5
1 88
4 11
4 2
4 48
5 6
11 51
51 10
10 14
88 55
2 76
55 19
55 22
55 46
55 60
55 63
19 13
19 15
22 53
22 45
46 43
60 61
13 75
15 96
53 33
33 64
64 84
64 34
84 72
72 52
52 41
52 36
45 18
18 17
18 26
18 27
18 93
96 67
17 28
61 47
61 62
26 31
27 80
6 8
76 3
3 9
62 98
28 30
98 87
67 54
87 70
87 99
70 66
70 83
8 12
66 56
12 50
36 59
54 37
37 69