97 99 89 88 77 73 67 65 59 55 52 50 49 51 45 44 41 35 33 19 20 21 13 4 3 1 0 2 10 6 7 12 23 25 15 17 18 27 32 34 39 38 42 43 46 58 64 62 63 66 68 70 71 72 76 74 81 84 82 83 85 87 86 91 90 93 94
97 99
99 89
89 88
89 86
88 85
88 77
88 87
77 71
77 73
73 67
73 72
67 65
65 66
65 68
65 59
65 64
59 55
59 58
55 52
52 50
50 49
49 51
51 45
45 44
45 46
44 41
44 43
41 35
35 33
33 34
33 19
19 18
19 20
20 21
21 17
21 13
21 23
13 10
13 12
13 4
4 3
3 2
3 1
0 2
10 6
6 7
23 25
25 15
15 27
18 32
34 39
39 38
42 43
64 62
62 63
70 71
70 76
76 81
76 74
84 85
82 83
83 85
86 91
91 90
90 93
93 94