98 0 69 2 81 19 4 48 62 57 59 66 9 14 39 55 11 76 85 23 12 78 15 22 84 36 51 60 16 80 17 8 20 82 38 25 24 86 26 87 30 32 92 35 33 34 96 40 37 95 43 44 73 52 49 28 54 64 74 68 70 71 72 75 77 83 88 97
98 0
0 85
0 95
0 82
0 72
0 84
0 73
0 86
0 96
0 87
0 81
0 70
0 76
0 78
0 71
0 88
0 32
0 38
0 34
0 36
0 75
0 92
0 77
0 68
0 74
0 97
0 83
0 80
0 69
2 30
81 19
19 4
48 8
62 57
57 22
57 52
57 59
59 15
66 9
9 74
14 78
39 95
39 55
11 76
85 23
23 12
12 28
22 84
36 51
51 43
51 60
60 16
80 17
8 73
20 82
38 64
38 25
25 24
86 26
87 30
30 44
92 35
35 33
96 40
40 37
52 49
28 54