0 70 54 87 1 2 64 68 55 31 4 40 82 22 7 49 85 77 9 23 10 11 58 69 21 13 78 14 15 16 36 20 17 71 60 75 19 81 48 27 83 29 90 79 26 74 52 42 39 37 34 95 57 45 43 44 67 46 47 50 51 53 61 65 96 73 80 92 86 89
0 54
0 70
0 58
70 68
70 49
54 23
87 1
87 46
1 40
2 68
2 64
64 22
64 77
64 17
55 48
55 50
55 31
31 39
4 40
40 47
82 96
82 22
22 78
7 49
49 67
85 77
77 89
9 79
9 14
9 23
23 65
23 29
10 11
11 74
11 58
58 92
58 34
58 20
69 21
21 27
13 57
13 78
78 75
14 15
14 51
16 36
16 61
16 53
36 37
36 90
36 20
20 52
17 71
71 46
60 75
19 81
81 48
27 83
83 52
29 42
26 74
26 43
74 73
42 45
39 37
95 57
44 67
46 86
80 92