98 53 9 54 29 1 28 26 0 25 31 2 40 35 3 34 58 11 59 37 4 39 84 5 42 27 44 6 7 48 52 49 8 55 10 62 12 64 13 69 72 15 16 74 68 14 67 71 78 17 76 66 65 81 83 19 33 86 20 46 90 21 93 22 91 95 23 70 30 43 45 97 24 41 96 79 18 94 87
98 59
98 53
98 24
98 37
53 55
53 9
54 29
29 1
1 30
1 28
28 66
28 26
0 25
0 27
25 44
25 31
2 13
2 33
40 5
35 3
3 34
34 62
58 11
58 52
11 59
11 8
59 69
37 4
4 39
84 19
5 41
5 42
44 66
44 6
6 43
6 45
7 46
7 48
52 49
55 10
62 12
62 64
64 13
64 69
13 65
13 66
69 91
69 14
69 72
69 95
72 15
15 70
16 74
74 68
68 14
14 67
67 71
78 17
17 76
76 93
76 66
66 90
65 81
81 83
81 41
81 18
81 94
83 19
86 20
20 87
46 90
90 21
22 91
95 23
95 87
23 96
45 97
79 18