96 23 95 75 16 73 26 0 30 1 58 11 59 36 3 20 85 39 4 37 48 42 5 40 50 89 45 6 8 49 62 92 54 9 55 10 56 28 33 65 13 66 82 68 14 69 87 98 80 71 15 18 79 25 52 78 17 76 81 86 84 19 22 93 90 99 24 97 27 77 31 2 64 38 41 7 46 47 91 12 63 57 72 70 88 21
96 84
96 86
96 62
96 23
23 95
95 75
75 16
16 73
26 0
0 25
0 27
30 1
1 28
58 11
11 59
11 19
36 33
3 20
20 86
20 87
20 85
85 39
39 4
4 38
4 37
48 7
42 99
5 40
40 50
50 41
50 8
89 21
89 31
89 45
45 6
8 49
49 62
62 46
62 92
62 12
92 22
92 54
92 55
54 9
55 10
10 57
10 56
28 46
33 2
65 13
13 66
13 64
66 82
82 19
82 68
68 14
69 87
87 98
98 80
80 18
80 71
15 70
18 79
25 52
52 90
78 17
17 77
17 76
76 86
76 81
84 88
84 19
22 91
22 93
90 21
90 99
99 24
24 97
31 70
31 2
7 46
47 91
12 63
72 70
88 21