98 0 97 46 22 1 50 25 18 45 49 39 57 2 37 3 61 31 6 7 68 69 8 58 62 55 9 70 75 20 38 11 28 12 15 63 48 4 76 21 77 23 79 81 27 82 29 30 92 89 36 90 40 94 41 95 42 96 44 53 59 67 72 73 74 78 80 85 86 87 88
98 0
0 68
0 4
0 75
0 88
0 74
0 92
0 70
0 90
0 69
0 95
0 73
0 96
0 89
0 40
0 79
0 77
0 78
0 82
0 80
0 94
0 67
0 87
0 86
0 81
0 30
0 85
0 97
0 72
0 76
97 46
46 22
46 50
22 1
25 79
18 63
45 49
49 12
49 39
39 92
39 57
57 2
57 61
37 3
37 90
61 31
31 6
31 53
7 68
69 8
8 58
62 36
55 9
9 70
75 20
20 38
38 11
11 15
11 59
28 82
63 48
48 4
4 29
76 21
77 23
81 27
89 36
94 41
95 42
96 44