87 6 32 8 88 0 5 35 50 1 42 68 2 39 15 48 18 64 3 4 20 51 43 59 10 73 97 13 14 80 62 21 17 98 45 23 83 46 24 22 30 93 33 67 40 90 19 41 44 81 47 78 66 37 57 71 58 61 84 25 74 63 28 77
87 6
6 32
32 58
32 8
8 88
8 51
8 41
88 30
88 0
88 23
5 97
5 35
35 50
35 14
35 20
50 1
1 42
68 83
2 39
39 28
15 62
15 48
48 18
18 64
3 84
4 20
51 43
43 59
59 10
73 93
97 13
13 25
14 46
14 63
14 28
14 80
14 81
80 62
62 78
62 90
21 17
17 98
17 47
98 45
23 83
23 66
83 46
46 24
46 47
24 22
24 84
24 37
22 33
30 93
30 67
40 90
90 57
19 41
44 81
71 58
61 84
74 63
28 77