99 79 96 1 57 17 0 29 27 34 3 6 10 11 85 56 28 95 13 97 49 16 2 94 43 61 19 80 78 7 22 18 60 23 24 25 33 12 36 45 37 39 40 41 42 88 48 46 50 38 89 53 91 55 58 73 8 63 65 70 67 90 98 69 72 32 74 84 76 26 54 83 87 92
99 29
79 96
96 88
96 1
96 42
1 85
1 29
1 57
1 83
1 50
1 33
57 17
57 24
17 0
29 69
29 10
29 27
29 6
27 34
27 65
27 55
27 11
34 91
34 3
34 12
6 72
10 94
10 40
10 80
10 25
10 74
10 58
85 90
85 87
85 56
56 28
56 41
28 95
28 63
95 97
95 60
95 13
13 18
13 38
49 45
49 16
49 88
49 37
2 94
94 43
94 84
43 61
61 19
80 78
7 22
22 18
23 8
12 53
36 45
45 39
37 32
40 73
88 48
48 46
89 53
73 8
63 70
70 92
67 90
90 76
98 69
76 26
54 83