96 0 93 38 1 2 64 6 3 20 25 54 36 59 7 65 55 9 69 11 71 13 72 14 74 18 77 21 51 32 53 57 27 83 28 84 29 85 30 86 31 33 88 91 92 37 97 42 98 43 60 44 99 50 63 66 68 70 73 75 76 78 79 80 82 89 90 94 95
96 0
0 83
0 88
0 91
0 55
0 85
0 72
0 76
0 82
0 77
0 93
0 99
0 94
0 84
0 65
0 79
0 73
0 64
0 92
0 69
0 68
0 95
0 78
0 71
0 80
0 98
0 66
0 63
0 2
0 74
0 89
0 90
0 97
0 86
0 70
0 75
93 38
38 1
2 28
64 6
6 3
20 76
25 55
25 51
25 54
36 91
59 7
7 65
55 9
69 11
11 50
71 13
72 14
74 18
77 21
51 32
32 53
53 57
27 83
84 29
85 30
86 31
33 88
92 37
97 42
98 43
43 60
44 99