99 93 22 91 25 0 58 11 60 28 1 32 2 31 36 3 34 37 4 39 40 5 6 43 51 8 50 77 17 78 55 54 9 10 56 30 12 63 69 14 68 64 13 72 15 70 81 74 16 73 86 44 76 47 7 46 79 18 84 19 83 35 20 75 67 94 23 24 45 82 52 95 66 41 48 57 88 21 89 90
99 48
99 81
99 94
99 93
99 24
93 40
93 22
22 91
25 58
25 0
58 11
11 60
60 28
28 32
28 1
1 30
32 72
32 2
31 43
31 36
3 34
34 37
34 44
37 4
39 40
40 5
5 41
6 43
6 44
43 76
51 77
8 50
50 77
77 17
17 78
17 76
55 10
55 54
55 68
9 52
10 56
10 57
56 30
56 95
30 45
30 47
12 63
63 95
69 14
14 67
64 13
13 66
72 15
70 81
74 16
16 73
16 75
86 44
86 20
76 47
47 7
7 46
7 48
46 75
46 79
46 84
46 90
79 18
84 19
84 89
19 82
19 83
83 35
75 67
94 23
45 66
82 52
88 21
21 90