92 49 52 7 91 0 1 11 4 65 80 29 89 27 6 37 94 70 57 10 79 13 36 74 15 45 95 17 47 78 28 30 31 32 54 61 93 38 75 40 9 44 81 84 53 69 59 2 48 77 62 25 24 71 8 72 88 60 90 85
92 49
92 31
52 7
7 91
91 0
91 36
1 11
11 75
11 4
65 80
80 32
80 54
80 29
29 89
89 27
27 6
6 81
37 54
37 78
94 70
70 57
57 74
57 48
57 10
57 77
57 15
79 13
13 36
36 69
36 74
36 88
74 45
74 24
45 25
95 69
95 17
47 32
28 40
30 31
31 85
31 44
31 32
32 69
32 84
54 61
61 2
61 93
93 38
75 40
40 69
40 9
84 53
69 59
62 25
24 8
24 71
8 72
60 90
90 85