91 98 24 99 49 57 27 0 26 36 3 34 29 1 82 19 84 32 2 56 39 4 37 45 6 43 8 50 10 55 52 76 62 12 63 59 64 13 65 68 14 69 48 70 15 72 38 58 11 74 16 75 17 77 80 18 95 83 46 7 60 85 20 67 41 90 21 5 40 93 22 78 47 96 23 94 33 42 44 9 53 54 86 71 66 73
91 78
91 22
98 24
98 60
24 99
49 8
57 10
57 27
0 26
26 56
36 3
3 34
34 44
34 82
34 29
29 1
82 19
19 84
19 83
84 46
84 40
84 32
32 2
2 33
56 50
39 4
4 38
37 53
45 6
6 44
6 43
8 50
50 46
10 55
55 80
55 52
52 47
52 76
52 9
76 17
76 75
76 62
12 63
63 59
59 64
59 11
64 13
64 74
13 66
65 68
68 14
14 69
14 67
69 48
48 7
48 70
48 60
70 15
15 72
15 71
38 58
58 11
58 93
11 60
16 73
17 77
80 18
95 83
46 7
7 47
60 85
85 20
20 86
67 73
41 90
41 5
90 21
5 40
5 42
78 47
47 96
96 23
23 94
9 53
9 54