99 0 74 1 75 2 76 3 4 78 5 79 6 7 81 8 44 15 9 83 10 61 29 32 17 70 12 36 40 13 50 53 14 89 49 18 90 30 27 54 19 91 20 92 21 65 25 62 38 22 93 23 94 24 95 97 28 51 55 56 63 64 72 73 84 88
99 0
0 81
0 79
0 84
0 83
0 92
0 44
0 74
0 93
0 88
0 91
0 76
0 97
0 94
0 7
0 78
0 89
0 4
0 75
0 90
0 95
74 1
75 2
3 63
3 50
4 30
78 5
5 38
79 6
81 8
44 53
44 15
15 64
15 9
83 10
10 62
61 25
29 32
32 17
17 49
17 70
17 89
70 12
36 40
40 50
40 13
50 53
53 14
14 73
18 90
30 27
27 54
54 19
91 20
92 21
21 65
25 95
38 22
22 72
93 23
94 24
24 55
97 28
28 56
28 51