69 58 80 1 40 3 13 4 57 12 17 31 89 55 82 72 43 48 23 46 22 10 85 18 95 24 14 63 83 66 52 65 64 27 77 25 37 62 19 78 96 21 71 35 74 45 75 97 47 29 30 32 33 73 44 56 50 67 94
69 80
58 40
58 1
58 72
80 10
40 18
3 13
13 12
4 17
4 57
57 75
57 89
57 55
57 97
57 94
12 24
17 77
31 89
82 43
43 48
43 52
48 27
23 24
46 22
22 63
22 37
10 85
10 95
85 18
85 66
18 62
18 25
95 73
24 75
24 14
24 21
14 52
14 66
14 63
83 52
66 96
66 78
52 44
52 71
65 64
65 47
64 77
62 29
19 78
78 30
96 50
35 74
74 33
74 75
45 44
32 33
56 50
50 67