97 0 69 2 54 4 44 19 7 73 74 8 76 10 29 28 11 32 51 13 78 16 57 66 21 83 22 37 52 34 41 63 24 25 85 26 86 27 87 89 31 84 23 91 33 96 93 64 38 94 39 98 47 49 42 46 99 48 67 50 68 70 72 75 79 80 81 82 88 92 95
97 42
97 0
0 93
0 80
0 81
0 94
0 87
0 85
0 74
0 75
0 86
0 76
0 91
0 73
0 72
0 95
0 69
0 96
0 88
0 82
0 98
0 99
0 83
0 16
0 84
0 92
0 89
0 70
0 68
0 78
0 79
69 2
54 4
54 32
44 49
19 7
19 11
7 57
7 73
74 8
8 52
8 25
76 10
10 29
28 87
28 67
32 23
32 51
13 78
57 66
66 21
22 23
37 93
34 41
41 63
41 96
63 24
85 26
26 64
86 27
89 31
84 23
91 33
64 38
94 39
98 47
47 49
42 46
99 48
67 50