96 89 71 33 4 41 1 97 93 2 6 67 54 62 7 99 72 22 86 88 8 80 56 9 37 40 13 11 25 95 12 69 14 0 17 77 18 19 21 98 91 23 53 24 26 30 42 31 84 63 35 68 38 48 65 52 5 87 55 64 57 74 75 79 60 49 82 83 90 92 32
96 89
89 71
89 6
89 25
89 19
71 95
71 33
33 97
33 4
33 53
33 67
33 42
4 41
41 38
41 1
41 90
97 93
97 83
97 24
97 64
93 26
93 84
93 18
93 2
6 75
67 54
62 99
62 7
99 87
99 72
72 22
22 86
88 23
88 8
80 56
56 9
56 87
9 37
9 32
40 13
13 11
13 25
11 74
25 52
95 12
95 60
95 49
12 69
69 14
0 17
17 26
17 30
77 18
21 98
98 91
91 23
23 53
23 79
24 5
26 87
42 31
84 63
84 68
63 35
68 48
38 65
87 55
64 57
49 82
83 92