0 1 2 3 4 5 6 7 8 9 10 11 12 13 14 15 16 17 18 19 26 27 24 23 30 29 31 32 28 20 21 22 34 78 35 36 37 38 86 89 84 90 41 42 48 49 50 53 54 56 57 60 45 61 64 65 69 72 76 96 73 85 80 83 93 99
0 1
1 99
1 2
1 72
2 3
3 4
4 57
4 20
4 90
4 5
5 6
6 7
6 78
7 8
8 9
9 10
9 85
10 28
10 11
11 12
12 13
13 14
14 15
15 16
17 18
18 19
19 20
26 27
27 28
24 23
23 96
23 28
30 29
30 31
29 76
29 28
31 60
31 32
31 48
32 54
20 21
21 22
34 78
34 80
34 35
35 36
36 37
37 38
86 85
89 84
84 85
84 83
41 42
42 76
48 49
49 50
53 54
56 57
56 93
56 45
60 61
45 65
64 65
69 72
72 73