93 77 76 72 60 59 58 30 43 16 8 7 0 17 9 2 1 21 15 12 10 13 51 18 24 23 20 27 61 57 28 38 35 34 40 36 37 42 44 48 47 49 25 54 56 74 71 67 64 66 69 90 97 82 81 84 80 78 87 88
93 77
77 76
76 72
72 60
60 64
60 61
60 59
60 69
59 58
58 30
58 74
58 57
30 43
30 80
30 44
43 16
43 38
16 8
16 37
8 7
7 0
0 1
17 21
17 9
9 2
21 28
21 15
15 12
15 10
10 13
13 51
51 18
18 25
24 23
23 20
20 27
27 61
57 28
57 56
38 35
38 48
35 34
40 36
40 42
42 44
48 47
48 49
47 82
25 54
74 71
71 67
64 88
64 66
69 90
90 97
82 81
81 84
80 78
78 87