99 8 2 30 65 34 77 3 26 4 84 5 88 71 70 92 91 9 96 13 14 69 54 82 17 37 57 86 18 41 21 12 24 87 29 28 89 31 98 95 32 76 45 33 51 38 47 40 44 42 48 80 50 58 61 15 62 55 66 10 73 60 75 19 79 90 11 94 97
99 88
99 80
8 88
2 44
2 30
30 65
30 75
65 34
65 58
65 26
34 57
34 77
77 86
3 54
26 4
84 40
84 5
5 88
5 71
5 87
5 15
88 97
88 61
71 31
71 70
71 47
70 92
70 10
92 91
92 19
91 79
91 9
96 13
13 47
13 38
13 51
14 69
69 54
54 82
82 37
82 17
37 62
37 57
37 95
57 42
57 76
57 29
57 87
57 98
86 41
86 18
18 73
21 12
12 95
24 87
29 28
29 90
89 31
89 11
95 32
45 42
45 66
45 33
42 50
48 80
55 73
60 75
11 94