3 7 4 11 12 15 16 13 17 23 20 22 24 26 27 29 30 31 28 34 35 32 33 38 39 36 40 37 41 42 43 46 44 45 47 48 49 50 51 54 53 57 52 56 55 58 61 62 59 60 65 66 63 69 70 74 73 76 75 79 78 82 86 87 85 91 88 92 94 96
3 7
7 4
7 12
11 16
11 15
12 17
12 13
16 20
17 22
23 26
23 20
22 24
24 27
26 30
27 30
29 30
30 31
30 34
30 35
31 28
34 38
34 33
34 39
35 40
35 36
32 33
39 42
36 41
40 45
37 41
42 46
43 46
46 48
44 45
45 47
47 49
48 50
50 53
51 54
54 57
54 55
53 57
53 52
57 58
57 62
57 61
57 56
61 65
61 60
61 66
62 63
59 60
66 69
66 70
69 73
74 76
73 75
76 79
75 78
79 82
78 82
82 86
82 87
86 85
86 91
87 92
87 88
91 94
92 96