98 49 43 75 1 4 9 36 23 6 72 11 13 16 17 55 81 19 20 85 21 25 7 26 59 27 28 54 30 44 32 34 37 41 39 24 42 48 46 64 52 58 61 63 65 57 66 53 68 94 15 69 97 79 80 83 38 89 5 90 91 10 93 95
98 49
49 43
43 81
43 55
43 57
75 72
75 1
75 23
1 94
4 59
4 9
4 7
9 41
9 36
36 23
23 38
23 15
23 6
23 95
23 55
23 66
23 90
23 64
23 54
23 44
23 10
23 48
23 13
23 25
23 85
23 34
23 37
23 16
23 53
23 28
23 80
6 24
6 17
6 20
72 97
72 11
81 19
85 21
25 91
7 26
59 61
59 27
54 30
44 89
44 32
41 39
39 63
39 58
24 79
24 42
48 46
64 52
65 57
68 94
15 69
83 38
89 5
10 93