98 1 0 12 13 58 10 9 71 2 59 96 5 6 48 47 15 21 22 19 38 84 67 80 54 23 25 74 27 55 32 31 30 60 50 35 36 73 39 40 56 91 43 46 45 8 79 61 49 85 57 29 62 63 64 95 65 82 78 68 51 69 75 76 77 81 86 94 87 88 89 93 97
98 84
98 1
0 12
0 49
12 13
13 58
13 48
58 10
10 29
10 9
10 6
9 93
9 71
2 50
59 60
59 96
59 19
96 5
48 54
48 47
48 88
47 60
47 15
21 38
21 22
38 84
84 67
84 76
67 80
67 56
67 65
67 95
67 86
80 82
80 74
80 91
80 54
80 63
80 75
80 97
54 55
54 23
25 93
74 85
74 27
55 87
55 46
55 32
32 39
32 31
31 30
60 36
60 50
50 51
50 35
36 81
36 73
40 56
56 89
56 57
91 43
46 45
8 79
79 78
61 49
29 62
63 64
82 78
68 51
51 69
76 77
94 93