90 21 89 96 23 95 27 0 26 28 1 29 36 3 35 41 5 47 7 50 8 74 16 75 52 9 11 60 82 55 66 13 24 97 68 14 63 70 15 73 48 78 17 80 18 79 38 4 39 85 20 86 49 51 81 91 22 93 94 98 87 31 2 32 33 34 37 42 25 43 6 44 45 84 10 57 71 61 12 62 83 19
90 80
90 21
89 96
96 23
23 13
23 94
95 44
95 27
27 0
0 26
0 25
28 86
1 29
29 36
36 73
36 47
36 34
3 35
3 34
35 41
35 33
41 5
5 42
47 7
7 48
50 8
8 49
74 16
16 73
75 70
75 52
52 9
11 60
60 82
60 37
82 55
55 10
66 13
24 97
24 98
97 68
68 14
63 12
70 44
70 15
15 71
48 78
78 17
80 18
18 79
18 81
79 62
79 38
38 34
38 4
38 98
4 39
4 37
39 85
39 94
85 20
20 87
20 86
86 49
51 81
81 91
22 93
93 43
98 83
87 31
31 2
2 32
37 44
43 6
6 44
6 45
84 19
57 71
61 12
12 62
83 19