96 0 65 1 83 27 2 62 49 24 5 31 60 9 71 10 3 13 76 15 78 18 56 26 54 20 33 50 64 29 38 21 61 58 48 53 25 81 94 41 57 85 86 30 87 89 91 35 28 6 39 93 97 44 98 45 99 46 11 69 66 67 70 73 74 77 79 84 88 90 92 95
96 0
0 71
0 10
0 94
0 88
0 89
0 84
0 95
0 69
0 87
0 99
0 90
0 73
0 81
0 74
0 92
0 91
0 66
0 76
0 85
0 79
0 86
0 78
0 77
0 98
0 67
0 97
0 83
0 65
0 70
0 93
65 1
83 27
27 2
62 31
49 24
49 11
24 5
31 87
60 9
9 48
9 71
9 58
10 3
3 13
13 20
76 15
78 18
56 26
26 57
26 54
33 89
33 50
64 29
29 85
38 21
38 45
61 58
53 6
25 81
94 41
41 57
86 30
91 35
28 84
6 69
39 93
97 44
98 45
46 11
11 73