91 18 86 79 0 80 76 57 28 1 67 85 2 55 39 31 3 40 9 4 45 73 48 61 12 6 54 77 63 17 14 15 11 64 22 8 5 52 25 84 26 58 75 34 36 37 65 20 41 44 46 56 66 47 35 49 38 50 69 53 42 70 43 74 78 90
91 18
91 11
91 35
18 40
18 38
18 86
86 79
79 0
79 90
0 61
0 80
0 84
80 75
80 76
80 43
76 66
76 57
57 28
1 64
67 63
85 2
2 55
55 39
39 20
31 40
3 63
40 9
9 50
9 4
45 73
73 48
48 61
61 12
6 54
54 20
54 77
77 63
77 53
17 15
17 14
14 78
11 64
22 8
8 5
8 46
8 41
52 25
25 84
26 58
58 75
75 34
75 37
34 65
34 36
65 41
65 20
20 42
44 38
56 66
66 47
49 38
69 53
42 70
43 78
43 74