98 2 96 5 8 7 9 10 11 14 17 20 22 23 26 27 28 29 31 32 33 34 35 36 37 38 39 40 42 41 43 44 45 46 47 50 48 49 51 52 53 54 55 57 56 60 58 59 62 61 64 63 66 68 69 71 74 78 76 80 82 83 86 93
98 2
98 96
2 5
96 93
5 7
8 9
8 7
9 10
10 11
11 14
14 17
17 20
20 22
22 23
23 26
26 27
27 29
27 28
29 31
31 33
32 34
33 35
33 34
34 36
36 39
37 39
38 39
39 40
40 42
40 43
42 41
43 45
43 44
45 48
45 46
46 47
50 48
48 49
48 51
51 53
52 53
53 54
54 56
54 57
54 55
57 60
56 59
56 58
60 62
60 61
62 64
62 63
64 66
66 68
68 69
69 71
71 74
74 76
78 80
78 76
80 82
82 83
83 86