98 2 97 11 14 27 82 73 21 96 32 25 26 63 30 33 36 81 37 87 38 41 43 71 44 86 91 45 90 49 48 67 50 15 51 80 94 52 56 57 39 58 60 24 61 62 66 64 68 69 70 72 75 74 76 77 78 79 84 83 85 89 92 93 95
98 94
2 75
97 94
11 14
14 27
27 63
27 82
27 70
27 75
27 94
27 64
27 32
82 78
82 79
82 48
82 76
82 77
82 85
82 15
82 36
82 39
82 68
73 63
73 21
96 63
96 69
32 26
32 25
63 33
63 84
63 60
63 71
63 86
63 30
63 91
63 56
63 57
33 93
33 41
81 75
37 84
87 94
38 86
43 94
44 86
91 45
90 70
90 49
48 51
67 94
50 15
80 94
94 95
94 58
94 52
24 79
61 84
62 75
66 64
70 72
70 89
75 74
75 92
75 83