95 79 18 80 26 0 29 1 28 34 75 32 2 27 93 39 4 42 5 40 31 67 48 7 46 86 20 85 51 8 87 54 9 53 55 61 12 63 33 64 13 68 14 70 15 72 74 16 90 76 17 21 88 81 37 84 19 22 92 23 69 98 24 57 66 3 35 36 25 43 6 44 94 10 56 77 78 60 11 58 59 47
95 67
95 79
95 23
95 86
95 46
18 81
80 26
26 0
26 90
0 27
0 25
29 1
29 37
1 28
28 34
28 51
28 81
34 3
34 75
75 16
75 32
32 27
32 2
32 42
2 6
2 33
2 31
27 93
93 59
93 22
93 39
39 4
42 5
42 60
42 36
40 31
31 67
67 48
67 14
48 7
7 47
20 87
20 85
51 8
87 72
87 63
54 9
9 53
53 74
55 10
61 12
12 63
63 33
33 64
33 57
64 13
64 70
13 66
68 14
14 69
70 15
74 16
90 21
76 17
17 78
17 77
21 88
84 19
84 59
22 92
23 94
98 57
98 24
57 10
3 35
25 43
6 44
10 56
78 60
60 11
11 58