85 83 29 26 0 1 30 31 2 33 34 3 42 5 35 44 6 45 92 77 50 8 17 76 52 9 56 10 58 11 78 62 12 70 46 66 13 15 7 48 74 16 75 39 90 81 18 79 87 20 19 38 36 88 21 61 22 91 65 95 23 67 14 69 97 24 98 28 4 37 47 96 94 86 63 71
85 20
83 29
83 19
29 1
29 26
29 35
26 0
1 30
1 28
31 98
31 2
2 33
33 34
34 42
34 3
34 88
3 35
3 36
42 76
42 5
35 44
44 74
44 6
6 45
92 77
77 17
77 50
77 56
50 8
17 76
17 78
76 52
52 58
52 9
56 10
58 11
62 12
12 61
70 15
46 37
66 13
13 65
15 71
7 47
7 48
16 75
75 39
39 4
39 47
39 90
90 81
18 79
79 87
87 38
87 20
20 86
38 95
38 36
38 4
38 65
36 67
88 21
61 67
22 91
91 65
95 23
23 96
23 94
67 14
14 69
69 71
69 97
97 24
4 37
63 71