0 3 4 5 6 9 11 12 14 15 16 17 18 19 20 23 27 28 30 31 32 33 36 37 38 46 50 52 53 55 56 57 58 59 60 61 62 63 66 67 68 69 70 71 74 75 78 79 82 83 86 89 90 91 92 93 94 95 96
0 89
3 4
4 5
5 38
5 6
6 11
9 68
11 12
14 15
15 16
15 57
17 18
18 61
18 19
19 20
19 83
20 46
23 53
27 28
28 31
30 86
30 31
31 32
32 92
32 33
33 55
36 37
37 59
37 38
50 56
52 53
52 94
56 57
57 58
58 59
58 67
59 60
60 93
60 61
61 62
62 75
62 63
66 79
66 67
67 68
68 69
69 70
70 71
74 75
78 79
82 83
89 90
90 95
91 92
92 93
93 94
94 95
95 96