0 1 6 7 2 8 3 4 9 5 10 11 12 14 20 13 15 18 19 21 22 23 17 16 24 31 26 29 25 34 35 28 27 33 32 30 36 37 42 43 44 39 38 41 40 46 47 48 45 95 52 51 50 49 54 53 56 57 58 55 87 75 63 60 61 62 64 68 73 76 67 98 77 81 82 86 90 93 94 91 96 92 97 79 80 83 84 88
0 1
1 7
1 6
6 12
7 2
8 9
3 4
4 11
4 9
5 10
10 11
11 16
12 19
12 13
12 18
14 20
20 13
13 26
15 21
21 22
22 17
22 29
22 23
17 16
24 31
31 25
31 26
26 32
26 33
29 34
29 50
29 51
34 41
34 35
35 28
28 27
32 38
30 36
36 37
36 42
37 43
37 44
44 95
44 38
39 38
39 46
41 40
41 52
41 46
46 47
46 45
47 48
95 96
51 54
50 56
49 54
54 58
53 56
56 63
57 58
58 75
55 87
87 91
87 84
63 60
60 61
61 64
61 62
62 98
64 68
64 67
73 76
76 77
98 94
77 81
81 82
82 86
86 90
90 93
93 94
91 92
91 96
92 97
79 80
80 83
80 88
83 84