96 0 55 1 97 2 98 3 4 52 6 5 59 86 40 7 29 9 63 11 23 12 41 25 53 13 35 14 66 68 17 43 18 69 70 20 24 15 45 36 26 75 77 28 79 30 38 34 81 85 39 89 44 50 47 92 48 93 49 64 54 61 67 71 72 76 80 82 83 84 87 88 91 94 95
96 53
96 0
0 55
0 29
0 75
0 86
0 89
0 59
0 72
0 64
0 66
0 95
0 80
0 92
0 79
0 70
0 69
0 91
0 63
0 76
0 68
0 81
0 94
0 84
0 88
0 87
0 61
0 82
0 85
0 93
0 71
0 77
0 67
0 83
55 1
1 97
2 28
98 3
3 12
3 4
52 95
6 5
5 59
86 40
40 7
7 24
7 48
29 9
63 11
23 72
12 64
12 54
41 87
25 50
53 13
13 15
35 82
14 66
68 17
43 18
18 69
18 38
70 20
45 36
36 83
26 75
77 28
79 30
34 81
85 39
89 44
50 94
47 92
93 49