94 97 25 0 27 91 48 62 29 1 28 76 32 2 31 44 6 43 35 3 4 39 41 5 40 46 7 75 16 74 49 8 50 53 9 80 18 81 56 10 36 60 11 58 52 63 12 68 14 69 93 22 92 70 15 71 84 19 83 86 20 90 21 95 23 24 45 61 64 13 65 66 73 96 33 79
94 97
94 68
97 24
97 45
25 0
0 27
27 91
91 48
91 81
91 22
48 7
48 62
48 64
62 12
29 71
29 43
29 1
1 28
76 32
32 2
2 31
2 33
31 44
44 6
6 43
6 45
43 46
43 86
43 35
35 3
3 4
3 36
39 41
41 5
5 40
40 46
46 7
46 75
75 16
75 65
16 73
16 74
74 80
74 49
49 8
8 50
53 80
9 52
18 81
18 79
81 56
56 10
36 84
36 60
60 11
11 58
52 63
63 12
12 61
14 69
69 93
93 22
93 90
92 70
92 86
15 71
19 83
83 86
86 20
90 21
95 23
23 96
64 13
13 66
73 96