95 45 6 0 26 52 30 1 29 32 2 57 35 3 34 64 77 38 4 37 44 40 5 49 8 56 10 59 11 58 61 12 63 67 14 69 66 13 72 15 73 16 17 78 47 80 18 92 82 19 86 20 42 88 21 48 7 22 93 94 23 99 24 36 27 28 31 33 46 51 50 54 9 53
95 23
45 6
6 44
0 26
0 27
26 52
52 30
52 9
30 1
1 29
1 28
29 59
29 38
29 32
32 57
32 2
2 33
2 31
57 35
57 99
57 10
57 94
35 54
35 50
3 36
3 34
34 64
64 77
64 72
64 13
77 38
77 17
38 4
4 37
37 44
44 49
40 5
5 42
8 51
56 10
59 11
59 47
11 58
58 61
58 42
58 86
61 12
12 63
63 53
67 14
67 46
69 66
66 13
66 73
72 15
73 16
17 78
47 92
47 80
47 7
80 18
92 22
92 51
92 82
82 19
86 20
42 88
88 21
48 7
7 46
93 28
94 23
99 24