99 20 6 66 1 24 65 2 37 3 7 69 4 39 29 5 84 73 64 12 26 21 43 35 13 68 95 9 14 56 54 10 16 85 40 22 78 25 51 91 31 27 72 28 17 92 44 33 46 62 47 36 48 50 52 55 87 53 57 59 34 71 74 81 58 75 77 32 79 61 89 80 82 86 88 30 90
99 20
20 6
6 33
6 73
6 69
6 66
6 7
6 74
66 1
66 55
66 50
1 24
1 34
1 54
1 10
24 65
24 62
65 17
65 2
2 5
2 90
2 30
37 3
3 7
3 52
7 68
7 44
69 4
69 51
69 53
39 29
29 5
84 87
84 86
73 64
73 82
64 12
26 51
26 21
21 59
21 92
21 43
43 35
13 68
95 50
95 9
95 88
95 32
14 56
56 54
54 36
10 16
85 57
40 22
22 48
78 50
25 82
51 91
91 31
27 72
27 62
28 17
17 79
33 57
33 46
33 80
62 47
36 75
36 48
50 61
55 87
34 71
34 77
74 81
74 89
58 75