97 16 75 5 86 9 68 14 11 10 4 15 17 79 19 94 20 72 21 12 80 23 54 3 24 88 25 84 28 49 63 48 30 33 83 36 39 82 38 46 85 47 51 81 55 41 59 73 60 93 62 65 66 76 77 67 91 92 96
97 21
16 4
75 86
75 38
5 17
9 88
68 80
68 4
68 14
68 17
14 96
14 93
14 11
11 83
11 65
11 10
4 38
4 15
4 92
15 79
17 33
79 19
94 12
20 66
72 12
72 21
72 76
21 81
21 85
21 46
12 80
12 62
12 91
12 51
80 23
23 54
23 66
23 88
23 48
54 3
3 24
88 84
88 25
84 28
49 73
63 48
48 77
48 30
83 36
36 39
82 38
85 47
81 55
41 59
59 73
73 96
60 93
77 67