98 91 52 60 0 9 3 50 92 79 78 8 23 13 14 96 71 74 2 16 56 19 83 28 90 30 36 73 31 63 32 34 17 40 58 12 82 93 80 43 46 38 48 57 77 49 88 25 51 85 33 54 75 81 94 65 72 87 67 69 47 84 37 86 66 97
98 73
91 54
52 96
52 60
60 0
9 50
9 3
50 92
92 88
92 79
78 96
78 8
8 23
8 14
13 47
13 90
96 66
96 71
96 80
71 74
71 46
71 73
74 2
74 63
74 81
2 16
2 31
16 56
56 34
19 12
83 90
83 28
83 77
90 54
90 66
90 84
30 36
36 73
63 67
63 85
63 37
32 88
32 25
17 40
40 58
58 12
12 82
82 93
93 80
93 88
93 94
80 75
80 43
80 97
46 38
38 48
57 81
77 49
25 51
51 65
51 72
33 54
87 67
87 69
69 86