98 95 92 91 88 85 84 81 78 77 74 71 70 67 64 63 60 57 56 53 50 49 46 43 42 39 36 35 32 29 28 25 22 21 18 15 14 11 8 7 6 2 12 9 13 19 16 20 26 23 27 33 30 34 40 37 41 47 44 48 54 51 55 61 58 62 68 65 69 75 72 76 82 79 83 89 86 90 96 93
98 95
95 96
95 92
92 91
91 88
88 85
88 89
85 84
84 81
81 82
81 78
78 77
77 74
74 75
74 71
71 70
70 67
67 64
67 68
64 63
63 60
63 62
60 61
60 57
57 56
56 53
56 55
53 54
53 50
50 49
49 48
49 46
46 43
46 47
43 42
42 41
42 39
39 40
39 36
36 35
35 32
35 34
32 29
29 28
28 25
28 27
25 22
22 21
21 20
21 18
18 15
15 14
14 13
14 11
11 8
8 7
7 6
6 2
12 9
9 13
19 16
16 20
26 23
23 27
33 30
30 34
37 41
47 44
54 51
61 58
68 65
65 69
75 72
72 76
82 79
79 83
89 86
86 90
96 93