95 82 76 39 1 9 28 8 48 25 45 10 11 13 29 52 61 53 16 77 2 17 99 20 63 31 50 21 90 3 23 35 98 96 26 67 51 64 32 91 33 27 84 34 49 37 42 93 43 44 12 80 47 87 56 58 59 68 66 69 40 70 71 92 72 94 73 83 74 75 79 81 85
95 64
95 99
95 11
95 82
95 49
95 63
95 13
82 76
76 39
39 1
39 56
1 2
9 67
9 75
9 70
28 51
8 48
48 11
48 91
48 25
25 45
25 51
45 10
11 71
13 29
29 92
29 52
29 79
52 93
52 61
53 77
53 16
77 58
17 3
99 20
20 85
20 34
63 68
63 31
63 96
31 67
31 35
31 50
50 21
90 94
90 3
3 23
23 81
35 98
96 26
64 94
64 32
64 83
91 27
91 33
91 69
33 43
27 12
84 37
49 37
49 87
49 74
49 40
42 93
44 72
12 80
47 71
56 59
58 94
58 73
68 66
92 72