97 0 70 1 71 3 73 6 68 45 46 7 74 55 8 76 9 77 10 78 11 57 21 14 80 15 82 17 89 27 19 88 26 28 31 39 32 93 61 36 49 38 98 99 41 13 53 63 47 65 60 48 69 51 23 86 56 62 67 72 81 83 84 87 91 94 95
97 0
0 70
0 89
0 95
0 74
0 93
0 86
0 73
0 55
0 83
0 57
0 87
0 76
0 80
0 99
0 72
0 71
0 88
0 81
0 98
0 91
0 84
0 77
0 78
0 61
0 94
0 82
70 1
1 45
71 3
3 47
73 6
6 68
46 7
7 74
7 31
55 8
8 10
76 9
78 11
57 21
21 14
14 56
80 15
82 17
89 27
27 19
19 69
88 26
26 65
28 41
39 32
32 93
61 36
36 49
38 98
38 67
99 41
41 13
53 23
63 47
65 62
65 60
60 48
69 51
23 86