95 94 92 82 81 70 69 64 63 62 61 60 35 36 37 38 39 40 90 91 0 1 2 3 4 5 6 7 8 9 10 11 12 13 14 15 16 17 18 19 20 21 22 23 24 25 26 27 28 29 30 31 32 33 34 41 42 43 44 45 59 46 47 48 49 50 51 52 56 57 58 89 85 65 66 71 72 73 74 76 77 78 79 80 84
95 94
94 92
92 82
82 81
81 70
70 69
70 71
69 64
64 65
64 63
63 62
62 61
61 80
61 60
60 35
35 36
35 34
36 37
37 85
37 38
38 39
38 84
39 40
40 41
40 90
90 91
91 0
0 45
0 1
1 2
2 3
3 4
4 5
5 6
6 7
7 8
8 9
9 10
11 12
12 13
13 14
14 15
15 16
16 17
17 18
18 19
19 20
20 21
21 22
22 23
23 24
24 25
25 26
26 27
27 28
28 29
29 30
30 31
31 32
32 33
33 34
41 42
42 43
43 44
59 56
46 56
47 56
48 56
49 56
50 56
51 56
52 56
56 58
56 57
56 89
89 85
65 66
71 72
72 73
73 74
76 77
77 78
78 79
79 80