66 32 75 41 4 30 64 27 53 16 42 5 76 33 39 65 91 54 17 43 77 34 20 63 26 69 35 61 24 50 84 47 73 36 2 45 11 37 3 40 83 57 23 60 1 44 72 46 6 49 15 58 68 25 51 86 52 59 96 92 55 98 31 22 56 48 14 38
66 32
66 92
32 75
32 6
75 41
75 38
41 4
41 15
30 73
64 27
64 38
64 98
53 96
16 42
42 5
5 31
5 48
76 33
76 39
39 65
65 91
65 22
65 31
91 54
54 20
54 11
54 17
17 43
43 86
43 77
43 6
77 34
34 68
34 60
20 63
63 37
63 26
26 69
69 35
35 72
35 1
61 24
24 58
50 84
84 47
84 58
73 36
36 2
2 45
45 11
37 3
3 40
83 57
57 23
23 60
1 44
72 46
6 49
15 58
68 25
25 51
25 59
51 14
86 52
59 96
92 55
22 56