99 67 55 98 24 23 11 39 38 41 12 32 33 43 44 95 63 82 50 20 21 22 52 81 53 54 58 66 75 71 36 25 61 74 76 62 56 77 26 27 80 42 85 78 83 16 86 87 46 29 15 88 30 64 90 93 92 97
99 11
99 67
67 55
67 50
67 83
55 98
55 58
55 53
98 24
24 20
24 23
23 54
11 39
11 12
39 41
39 38
38 36
38 26
41 86
12 77
12 32
12 75
32 33
32 30
32 97
33 43
43 42
43 46
43 44
44 95
63 82
63 85
82 50
20 21
21 22
52 81
52 27
53 66
54 93
75 71
36 25
25 61
61 76
61 74
76 62
56 77
27 87
27 42
27 80
78 83
16 15
46 29
29 15
15 88
30 64
64 90
93 92