98 18 78 49 40 64 51 97 11 7 3 4 92 5 1 22 12 66 96 89 13 84 20 44 21 58 42 43 28 29 88 33 26 80 34 23 41 52 70 46 53 6 54 76 57 36 60 77 55 59 99 61 0 71 62 35 45 14 74 48 81 82 85 91 94 93 95
98 18
18 78
78 21
78 49
49 40
49 35
40 64
40 33
40 88
40 84
40 5
40 58
64 51
64 93
64 53
51 97
97 11
97 62
11 7
11 34
11 99
11 48
7 3
7 1
7 42
3 4
3 96
4 92
4 52
92 29
22 12
22 91
22 58
12 23
12 70
66 96
96 14
96 89
89 13
20 70
20 44
42 6
42 43
43 55
43 28
33 26
80 61
80 34
23 41
70 46
6 54
54 76
57 36
36 59
36 60
60 77
59 99
99 94
61 0
71 35
71 45
14 85
14 74
14 82
48 81
93 95