96 60 77 1 30 2 84 7 76 10 16 12 25 54 14 47 62 17 20 5 19 89 32 52 6 34 79 36 73 39 41 27 43 37 48 80 49 3 91 50 65 9 56 63 59 29 64 53 67 72 40 68 69 46 28 75 97 86 95 88 90 94
96 14
60 73
77 1
1 30
30 32
30 14
30 2
30 37
2 84
2 27
2 43
2 59
2 89
2 50
2 88
2 95
84 73
84 79
84 47
84 75
84 7
84 54
84 39
84 40
84 25
7 76
10 39
16 89
12 25
62 43
17 59
20 89
20 64
20 5
19 39
89 80
89 69
52 72
6 41
34 79
36 27
73 28
73 49
73 68
39 3
39 67
41 59
43 97
43 94
48 95
91 50
50 56
65 53
9 56
63 29
63 59
63 90
59 72
59 53
72 46
86 95