93 51 50 49 48 39 36 40 45 34 0 1 2 3 4 5 8 9 10 11 13 14 15 16 17 18 23 21 24 26 27 29 30 32 37 35 42 43 44 28 46 47 38 52 53 54 55 56 57 58 7 60 61 59 63 64 69 75 84 73 72 67 66 78 79 70 80 77 81 82 83 74 85 87 90 88 95 92
93 51
51 50
50 49
49 48
48 39
39 47
39 36
36 37
36 40
36 11
40 28
40 14
45 42
34 0
34 27
1 2
2 3
3 4
3 59
4 5
4 21
5 60
5 7
5 8
8 9
10 24
10 13
11 38
15 16
16 17
17 18
18 23
18 26
23 21
23 24
26 28
26 29
26 27
29 43
29 30
29 44
30 32
37 35
35 46
42 43
46 53
38 52
54 55
55 58
56 57
57 58
58 7
60 61
59 63
63 64
64 69
69 75
75 88
75 84
84 73
84 85
73 72
72 78
72 67
67 74
67 66
78 79
79 95
79 80
79 70
80 77
81 82
82 83
83 74
74 87
90 88
95 92