92 22 91 25 0 27 52 67 30 1 29 32 2 33 59 40 5 41 62 26 44 6 43 93 46 7 47 71 81 50 8 18 80 56 10 57 12 64 13 14 69 79 15 73 16 75 82 77 17 19 87 20 85 88 21 89 49 51 96 23 72 99 24 97 45 28 34 3 36 37 4 39 95 35 9 53 55 86 11 58 60 70
92 32
92 22
92 82
22 91
22 93
22 13
91 87
91 27
91 25
25 0
25 39
27 52
52 9
67 14
67 30
1 29
29 32
32 2
2 33
59 86
40 5
5 41
41 62
62 12
62 77
62 70
62 57
26 82
44 6
6 43
43 93
43 95
93 81
46 7
7 47
47 71
71 81
71 15
81 18
81 85
81 50
81 99
50 60
50 8
50 73
8 49
8 51
18 80
18 79
80 56
80 88
56 10
64 36
14 69
69 79
15 70
15 72
73 16
16 75
82 19
77 17
20 85
85 86
85 55
88 28
88 21
89 49
51 35
96 23
96 72
99 24
24 97
97 45
97 37
45 36
34 3
3 36
37 4
9 53
11 60
11 58