97 96 18 83 52 68 4 5 39 67 89 88 56 65 66 63 11 70 23 31 37 13 74 12 47 14 64 19 87 25 27 28 82 86 84 8 32 33 91 92 93 34 17 69 41 2 45 50 95 90 57 59 60 85 62 71 72 20 21 75 3 80 6 48
97 85
96 18
96 95
18 83
18 90
83 82
83 52
83 86
52 68
68 4
5 39
39 67
67 89
89 88
88 56
88 87
88 19
56 65
56 59
56 2
65 66
65 27
65 48
66 63
66 17
63 70
63 11
63 41
70 71
70 69
70 23
70 85
23 31
31 37
37 13
13 74
74 12
12 60
47 27
14 69
14 91
64 19
19 32
19 20
87 25
28 82
86 84
84 8
33 91
92 72
93 45
34 17
69 57
2 45
45 50
95 72
95 3
62 72
71 72
71 6
20 21
21 75
3 80