99 79 96 1 57 17 0 29 27 34 3 6 10 11 85 56 28 95 13 97 49 16 2 94 43 61 19 80 78 7 22 18 60 23 44 24 25 33 12 36 45 37 39 92 20 40 41 42 88 48 46 50 53 91 55 58 63 65 90 67 98 69 72 32 8 73 74 76 26 54 83 87 89 15 31
99 79
79 96
79 41
96 88
96 1
96 8
96 42
1 29
1 85
1 57
1 50
1 33
1 83
57 17
17 0
29 6
29 69
29 27
29 74
29 10
27 55
27 11
34 12
34 91
34 3
10 25
10 40
10 58
85 56
85 87
85 90
56 28
28 63
95 97
95 13
95 60
97 49
97 44
49 45
49 88
49 37
49 16
16 2
2 94
94 43
43 61
19 42
80 39
78 7
7 22
22 18
18 92
23 8
24 37
12 53
36 45
36 15
36 54
45 39
37 32
37 65
92 20
20 88
88 53
88 48
48 46
53 89
90 76
90 67
98 69
98 31
72 32
8 73
76 26