99 27 16 1 0 6 5 4 20 9 8 41 11 42 2 13 14 15 50 48 18 26 25 22 23 24 28 29 30 31 32 35 36 37 39 40 43 44 45 57 76 51 19 94 53 54 55 58 59 61 62 64 67 69 95 80 71 72 73 74 46 82 83 87 88 92
99 27
27 50
27 42
27 28
27 16
27 26
27 61
27 64
16 1
16 15
1 0
0 73
6 5
5 4
5 95
5 20
4 80
4 87
9 8
9 36
8 19
8 39
8 23
8 71
41 11
41 42
41 40
42 2
13 51
14 62
50 48
50 51
50 92
48 18
48 76
48 69
48 55
48 88
18 19
26 25
25 24
25 22
28 29
28 67
29 32
29 30
31 35
35 36
36 37
43 69
44 45
45 57
57 76
57 58
76 74
51 82
19 94
94 53
94 59
53 83
53 54
58 72
61 62
69 95
46 82