98 0 88 36 1 43 2 64 4 44 18 22 42 5 37 41 24 67 7 25 9 11 71 13 61 40 16 59 14 38 27 30 15 74 20 17 54 23 81 3 33 89 39 76 19 93 97 50 99 52 58 56 60 47 66 68 69 70 78 82 84 85 87 90 91 92 94 95 96
98 0
0 67
0 99
0 25
0 92
0 93
0 71
0 85
0 96
0 81
0 78
0 91
0 76
0 2
0 66
0 97
0 87
0 64
0 69
0 74
0 82
0 94
0 90
0 89
0 68
0 24
0 70
0 95
0 88
0 84
88 36
36 1
43 2
64 4
44 18
44 93
44 3
22 42
42 91
5 37
37 41
41 15
41 24
24 54
67 7
25 9
9 11
9 58
11 56
71 13
13 61
40 16
16 59
16 74
59 20
14 38
38 27
27 81
27 30
20 17
54 23
3 33
89 39
39 47
76 19
97 50
99 52
60 47