93 40 5 0 26 77 17 76 80 18 81 28 1 30 36 3 35 33 2 42 38 4 41 43 6 45 71 69 82 51 8 49 56 10 57 53 9 75 16 74 60 11 58 65 13 15 78 87 20 89 21 96 23 94 97 24 34 88 22 91 46 7 47 48 64 63 12 61 14 68 73 79 52 83 19 84
93 22
93 88
40 5
5 41
5 42
0 26
0 24
26 96
26 77
77 69
77 63
77 17
17 76
17 78
76 80
76 48
80 65
80 18
80 41
18 81
18 79
81 43
81 28
28 1
1 30
36 3
36 75
3 34
35 94
35 97
33 2
33 42
42 38
38 4
43 6
43 52
6 45
71 15
71 69
69 82
69 14
82 19
82 51
51 8
49 56
56 10
56 75
10 57
53 9
9 52
75 88
75 16
16 74
16 73
74 60
11 58
58 87
65 13
65 84
78 89
78 87
87 20
89 21
21 88
96 23
23 94
22 91
46 7
7 48
7 47
64 63
63 12
12 61
14 68
52 83