96 23 95 28 1 30 51 8 49 31 2 33 35 3 39 4 38 50 29 44 6 47 7 46 52 9 88 56 10 55 60 11 58 97 42 5 41 61 12 93 22 92 54 34 64 13 65 70 68 14 15 75 16 73 77 17 78 79 18 81 83 19 82 59 86 20 85 25 0 26 62 91 99 24 27 45 40 48 80 66 74 21 89 67 94
96 52
96 23
23 94
23 95
95 28
1 30
30 70
51 8
8 49
8 50
49 31
31 40
31 2
31 46
2 33
33 35
35 3
39 4
4 5
38 50
29 25
44 6
6 45
47 7
7 46
52 9
88 94
88 21
56 10
10 55
55 70
60 11
11 59
58 97
97 42
97 77
97 24
42 73
42 5
42 27
5 40
5 41
41 61
61 93
61 12
93 22
93 67
22 92
92 54
34 64
64 13
13 65
13 66
70 75
70 15
70 68
68 14
75 16
75 86
75 59
16 73
16 74
77 94
77 17
17 78
79 74
79 18
18 80
81 83
83 19
19 82
82 59
59 66
86 20
20 85
25 0
0 26
0 27
26 45
62 40
62 48
91 99
99 24
21 89