99 98 97 96 95 94 93 92 91 90 80 70 60 50 40 30 20 10 0 1 2 3 4 5 6 7 8 11 12 13 14 15 16 17 18 19 21 22 23 24 25 26 27 28 31 32 33 34 35 36 37 38 39 41 42 43 44 45 46 47 48 51 52 53 54 55 56 57 58 59 61 62 63 64 65 66 67 68 71 72 73 74 75 76 77 78 79 81 82 83 84 85 86 87 88
99 98
98 97
97 87
96 86
95 85
94 84
93 83
92 82
91 81
91 90
80 81
70 71
60 61
50 51
40 41
30 31
20 21
10 11
0 1
1 2
2 12
3 13
4 14
5 15
6 16
6 7
7 8
11 12
12 13
13 14
14 15
14 24
15 16
16 17
17 18
18 19
21 22
22 23
23 24
24 34
24 25
25 26
26 27
27 28
31 32
32 33
33 34
34 44
34 35
35 36
36 37
37 38
38 39
41 42
42 43
43 44
44 45
44 54
45 46
46 47
47 48
51 52
52 53
53 54
54 64
54 55
55 56
56 57
57 58
58 59
61 62
62 63
63 64
64 65
64 74
65 66
66 67
67 68
71 72
72 73
73 74
74 84
74 75
75 76
76 77
77 78
78 79
81 82
82 83
83 84
84 85
85 86
86 87
87 88