99 65 64 55 52 51 53 40 39 30 27 26 15 14 5 2 1 0 4 6 7 3 10 11 12 13 16 17 18 19 24 29 31 25 33 34 28 35 36 37 38 41 42 43 44 49 50 54 56 57 60 61 62 63 66 67 68 69 74 76 75 77 79 81 82 78 85 86 87 88 80 89 91 92 93
99 65
65 64
65 76
64 55
64 56
55 52
55 63
52 51
51 53
51 50
53 62
53 40
40 60
40 39
39 31
39 30
30 27
30 38
27 26
26 15
26 34
15 14
14 6
14 5
5 2
5 13
2 1
1 0
4 12
6 7
3 12
3 10
10 17
11 12
12 13
13 16
13 18
13 19
19 24
29 37
25 34
25 33
28 37
35 42
36 37
36 42
37 38
38 44
38 43
38 41
44 49
54 62
56 57
60 67
60 61
63 68
63 66
63 69
69 74
76 77
76 78
76 75
77 80
79 87
81 89
81 82
78 87
78 85
85 92
85 86
87 88
88 91
88 93
80 89