97 94 93 92 91 90 80 70 60 50 40 30 20 10 0 1 2 5 8 14 13 12 11 17 18 19 9 22 23 26 27 28 29 39 49 48 47 46 45 51 31 32 38 37 36 35 44 43 42 41 52 53 54 57 58 59 61 62 63 66 67 68 69 73 77 76 79 89 99 86 83 82 81 98
97 98
94 93
93 92
92 91
91 90
90 80
80 81
80 70
80 73
70 60
60 50
60 61
50 51
50 40
40 41
40 30
30 20
30 31
20 10
10 0
10 11
0 1
1 2
5 14
8 9
14 13
13 12
12 11
17 18
18 19
19 29
19 9
22 23
22 31
26 27
27 28
28 29
29 39
39 49
39 38
49 48
49 59
48 47
47 46
46 45
45 51
45 44
51 52
31 32
38 37
37 36
36 35
44 43
42 41
52 53
53 54
57 58
58 59
59 69
61 62
62 63
66 67
66 77
67 68
68 69
69 79
77 76
79 89
89 99
99 86
99 98
83 82
82 81