1 5 4 49 62 79 80 29 55 6 9 2 3 94 12 69 8 11 21 92 30 54 23 42 51 15 52 22 48 28 10 39 88 32 81 7 31 67 57 91 26 63 13 24 27 56 73 38 85 17 25 87 93 75 64 36 83 84 86 19 35 16 20 61 78 34 77 60
1 5
1 4
1 49
1 62
1 79
1 80
1 29
5 6
5 9
4 2
62 55
29 91
6 93
9 54
9 28
9 88
2 3
2 94
2 12
2 69
3 21
94 92
94 30
94 23
12 8
12 11
8 7
11 52
11 10
11 39
21 42
92 51
92 15
23 32
15 85
52 22
52 67
22 48
22 27
22 56
22 73
10 31
88 64
32 81
32 63
7 38
31 57
91 26
91 13
26 24
24 17
24 25
85 75
17 16
25 87
93 86
75 77
64 36
36 83
36 35
83 84
86 19
19 20
19 61
35 34
16 78
61 60