97 3 58 80 0 74 75 50 34 6 30 19 7 83 8 10 12 61 14 68 15 24 41 17 37 21 23 46 28 94 86 31 53 81 33 67 13 35 49 82 54 16 36 56 42 44 48 51 25 55 59 60 89 71 39 63 22 64 65 27 96 70 72 98 77 92 85 52 87 88 29 91 95
97 3
97 23
97 49
3 58
3 8
3 28
58 42
58 80
58 10
80 94
80 82
80 0
74 98
75 87
50 68
50 34
6 96
30 12
19 7
7 37
83 37
83 17
10 12
10 61
10 25
12 51
61 14
61 22
14 68
68 70
15 46
15 24
41 21
37 86
37 21
37 55
37 31
21 88
23 87
23 46
28 92
94 27
94 86
31 53
81 33
33 42
33 67
67 13
13 95
13 48
35 49
82 54
82 44
54 16
16 36
36 56
42 59
42 39
42 72
42 96
51 29
59 60
89 71
71 65
39 63
22 64
64 98
65 27
65 52
77 92
85 52
29 91