96 59 45 26 64 56 13 47 1 92 30 91 2 34 99 3 18 43 77 66 39 87 4 63 89 6 8 50 90 93 55 10 11 48 33 16 19 22 62 35 24 20 25 44 70 27 57 29 38 31 36 9 40 41 97 51 81 52 12 53 54 58 86 61 67 73 75 49 79 82 83
96 59
59 16
59 45
45 75
45 26
26 63
26 64
26 58
26 12
26 83
64 33
64 56
64 89
56 13
56 62
56 18
13 97
13 47
47 1
1 92
92 30
92 34
91 2
91 50
99 6
99 40
3 18
43 10
43 77
77 66
66 39
66 55
39 41
39 49
87 63
87 4
63 57
63 36
63 44
89 6
89 86
8 50
8 54
50 90
90 93
93 62
93 35
93 55
55 67
10 11
48 19
48 33
33 70
22 62
35 24
35 31
24 20
20 82
20 51
20 81
25 9
25 70
70 27
57 29
38 31
31 79
81 52
12 53
86 61
73 75