95 80 30 1 36 3 35 63 41 5 40 75 86 20 6 45 67 50 8 48 7 47 52 9 10 56 29 60 11 61 12 26 0 27 65 13 14 69 70 15 72 77 17 71 84 19 82 90 21 2 33 91 22 94 23 96 39 4 38 97 24 98 25 32 31 28 37 46 79 18
95 23
80 18
30 1
1 29
1 28
36 3
3 35
35 33
63 41
63 61
41 5
40 82
40 75
86 20
20 15
6 45
45 67
67 50
67 14
50 48
50 8
48 7
48 61
7 47
7 10
7 46
47 60
47 52
47 32
52 9
10 56
29 60
60 11
61 12
26 0
0 25
0 27
27 98
27 65
27 32
65 13
69 70
70 15
15 72
15 71
72 77
77 17
71 32
71 84
84 19
84 79
19 82
90 21
21 2
2 32
2 33
2 31
33 91
33 94
91 37
91 22
94 23
23 96
39 46
4 38
4 37
97 24
24 98
79 18