95 23 0 27 37 4 38 29 1 30 33 2 3 35 97 39 66 80 42 5 94 44 6 43 88 21 7 46 51 8 49 54 9 52 62 12 61 55 10 53 13 69 14 71 15 73 16 76 17 77 85 18 81 87 20 86 70 68 93 22 91 25 24 40 56 58 11 59 60 75 83 19 82 84 90
95 23
23 94
0 27
0 25
27 37
27 49
27 97
27 87
37 4
37 59
4 39
4 38
38 54
38 29
29 1
30 40
30 88
33 51
33 2
3 35
35 97
97 24
39 66
39 69
66 80
66 53
66 84
66 13
80 18
80 42
42 5
94 70
44 6
6 43
43 88
88 71
88 21
21 90
7 46
46 51
51 8
8 49
54 9
52 62
62 12
62 91
62 82
12 61
55 10
10 56
69 73
69 71
69 14
69 76
14 68
71 15
15 70
73 16
16 75
76 17
17 77
77 85
81 87
20 86
86 70
68 93
93 22
93 56
22 91
58 11
11 59
60 75
75 83
83 19