99 39 52 97 74 0 6 1 73 48 3 7 36 4 49 63 23 8 11 38 35 81 10 87 77 12 46 60 13 90 64 17 19 68 83 20 22 33 25 26 37 27 34 62 28 29 24 30 14 31 40 41 69 43 75 82 50 54 56 58 92 61 67 70 79 84 47 86 91 88 93 96
99 29
99 39
39 11
52 97
52 73
97 74
97 7
97 26
97 41
74 0
74 6
74 47
0 56
6 19
6 1
48 3
48 11
3 69
7 36
7 49
7 90
36 64
36 4
36 54
4 62
4 22
49 11
49 63
49 40
63 23
23 8
11 38
11 70
38 35
38 79
38 87
35 81
81 10
81 84
87 93
77 46
77 12
46 40
60 90
60 13
64 68
64 17
64 75
17 27
68 92
68 83
83 33
83 20
33 25
26 31
26 14
37 27
37 67
37 34
62 28
28 24
24 30
31 43
40 58
69 91
75 82
82 50
92 61
61 88
47 86
93 96