98 0 84 18 70 2 74 3 30 46 4 7 29 59 6 67 8 77 78 9 11 68 13 75 58 14 63 15 16 39 19 66 56 28 43 5 21 36 38 31 22 90 34 35 94 37 95 42 40 41 99 44 17 47 83 61 51 54 55 20 64 65 72 73 79 88 89 91 92
98 0
0 68
0 95
0 74
0 77
0 90
0 91
0 35
0 78
0 94
0 89
0 73
0 99
0 75
0 83
0 92
0 84
0 88
0 79
84 18
18 70
18 7
70 2
70 30
74 3
3 11
30 46
46 4
4 34
29 91
59 6
59 58
6 75
6 67
6 17
8 77
78 9
9 64
68 42
68 63
68 61
68 13
13 39
58 14
58 72
63 15
15 16
39 19
66 56
56 28
28 90
28 43
43 36
43 5
5 21
36 41
38 95
38 37
31 22
31 92
35 54
42 40
99 44
17 47
47 65
61 51
54 55
20 64