98 12 24 26 0 21 93 1 13 5 22 6 10 74 14 75 23 76 29 99 81 50 32 73 34 56 61 37 39 79 86 65 41 44 68 16 49 82 45 60 46 3 54 48 9 53 88 58 59 20 35 40 63 62 11 55 66 71 72 83 77 69 78 2 87 28 15 84 27 18 90 33 67 94 95 97
98 12
12 24
24 28
24 5
26 0
0 21
0 82
0 32
21 93
93 1
93 68
93 9
93 97
1 87
1 34
1 75
1 13
13 54
5 69
22 6
6 2
10 34
74 14
74 65
75 23
75 39
76 44
29 58
99 44
81 88
50 55
50 32
73 34
73 71
34 56
56 61
61 37
79 28
86 65
86 46
65 41
65 11
41 44
44 68
44 95
68 58
68 27
68 40
68 16
16 49
45 28
60 11
3 88
54 48
9 53
9 88
53 77
58 15
58 90
59 20
59 33
59 67
20 35
35 40
40 63
63 62
55 66
72 90
72 83
78 2
2 87
87 28
87 18
84 27
67 94