89 21 88 74 27 0 1 28 32 34 3 64 38 4 40 5 39 44 6 50 8 51 48 7 97 85 57 10 55 63 12 61 78 17 77 66 13 14 15 70 76 16 80 18 81 2 33 84 19 83 87 20 90 92 22 93 94 23 95 45 58 99 24 29 30 31 62 46 52 9 53 54 56 11 59 60 67 69 73 79
89 34
89 32
89 64
89 21
21 88
21 90
88 74
74 16
74 27
27 0
1 28
28 32
34 3
64 13
38 40
38 4
4 39
40 5
39 44
44 6
44 50
6 45
50 8
8 51
51 48
48 7
97 85
97 24
85 20
85 29
57 10
10 56
10 55
55 58
63 12
12 61
12 62
61 67
78 80
78 46
78 17
17 77
17 76
66 13
14 67
14 69
15 22
70 76
16 73
80 62
80 18
18 79
18 81
81 30
2 33
2 31
33 84
84 90
84 19
19 83
83 87
90 92
92 22
92 45
22 93
94 23
23 95
95 45
45 58
45 62
58 53
58 11
58 99
99 24
52 9
9 53
9 54
11 60
11 59