1 4 5 16 7 2 3 39 18 6 53 32 29 30 23 24 10 96 15 63 67 17 8 12 11 73 13 54 65 84 52 92 47 60 98 55 90 89 51 57 22 20 82 88 44 85 70 71 34 42 46 74 28 93 58 75 97 81 83 69
1 4
1 5
1 16
1 7
1 39
4 2
5 12
5 11
5 73
16 18
16 53
7 32
7 96
2 3
2 13
2 47
3 22
3 20
39 15
39 63
18 6
6 67
32 29
32 10
32 52
29 30
30 23
23 24
23 90
23 89
23 51
10 8
10 92
63 54
63 65
63 84
67 17
67 57
17 44
17 42
11 74
54 60
54 55
92 70
92 71
92 34
47 81
60 98
98 97
89 88
57 58
22 46
20 82
88 85
70 93
74 28
74 75
93 69
58 83