92 61 77 44 21 31 0 84 56 72 15 1 62 76 2 81 10 3 42 4 48 68 73 18 5 65 25 53 6 9 7 11 87 16 37 12 83 22 45 13 14 86 17 54 19 49 46 20 23 32 27 63 28 35 36 51 64 58 90 66 59 60 74 75 69 82 78 79 41 80 89 91
92 42
92 61
61 77
77 44
77 60
44 21
44 65
21 68
21 19
31 0
0 84
0 49
84 56
84 82
56 65
56 72
56 63
56 51
72 15
72 64
72 81
15 1
15 32
15 58
1 62
62 76
62 22
62 87
76 2
2 41
81 10
81 91
10 9
10 3
4 48
48 68
68 73
18 58
18 5
65 11
65 74
65 25
25 53
53 6
9 7
16 54
16 83
16 37
37 12
12 17
83 86
83 90
83 78
83 89
22 45
45 80
45 13
13 14
86 64
19 79
49 46
46 20
46 23
32 27
63 28
63 36
35 75
90 66
66 59
75 69
69 82