99 83 88 21 89 25 0 26 37 4 39 28 1 48 78 17 77 31 2 33 53 9 54 38 36 3 34 41 5 42 65 43 6 44 82 19 47 7 67 49 8 51 73 57 10 55 32 60 11 12 62 13 66 87 68 14 71 15 72 84 81 18 16 74 20 86 93 90 22 56 45 96 23 27 35 29 61 91 95 70 98
99 83
99 47
83 19
83 35
83 88
88 21
21 89
89 25
25 26
25 0
37 4
4 39
4 38
39 28
1 6
48 78
78 17
17 77
77 73
77 31
2 32
33 53
53 51
53 9
9 54
54 42
54 38
54 73
36 3
3 34
3 35
41 5
5 42
65 43
65 13
43 6
6 44
6 45
44 81
44 82
82 19
82 73
82 61
19 84
47 7
67 14
49 8
8 51
73 16
73 57
57 10
10 55
55 32
55 93
55 86
32 60
32 27
60 11
12 61
12 62
66 87
87 68
87 20
87 74
68 14
71 95
71 15
15 70
15 72
72 84
84 90
81 18
81 91
16 74
16 23
93 22
56 45
45 96
96 29
70 98