96 23 0 26 61 30 1 32 2 12 62 39 4 38 88 72 41 5 46 7 47 51 8 49 53 9 54 64 13 14 15 70 59 74 16 11 58 77 17 76 27 80 18 79 66 83 19 20 10 56 92 22 94 97 24 98 34 3 36 28 29 31 35 42 43 6 44 45 50 52 55 57 60 91 63 33 69 85 86 37
96 23
23 3
23 94
0 26
0 27
61 12
61 30
30 35
1 28
1 29
32 2
2 31
2 33
12 63
62 97
39 4
4 38
38 56
88 46
72 15
41 5
5 17
5 42
46 7
7 47
47 51
51 92
51 8
51 77
8 49
8 50
49 53
53 9
54 64
64 85
64 13
13 66
14 22
15 70
70 58
59 11
59 83
59 74
74 16
11 58
11 60
58 66
58 77
77 36
77 17
17 76
76 27
27 80
80 18
79 66
83 19
20 85
20 86
10 56
10 55
10 57
56 92
92 22
22 91
97 24
24 98
98 34
34 3
3 36
3 35
36 28
31 91
35 43
43 6
6 44
45 50
52 57
33 69
86 37