99 98 8 3 68 31 4 33 5 51 92 17 7 0 9 85 64 49 19 10 2 76 11 15 47 20 28 14 32 80 21 40 58 25 27 56 38 29 82 75 66 37 12 45 95 34 65 62 39 84 52 42 57 44 46 50 53 90 54 23 63 67 70 72 73 78 26 81 87 74 89 94 97
99 75
99 54
99 98
8 92
8 3
3 68
3 73
31 58
31 63
31 67
4 56
33 89
5 51
51 92
51 47
92 17
92 2
92 19
17 7
17 80
17 27
7 40
7 23
0 10
0 50
0 20
9 85
85 28
64 66
64 49
19 10
19 46
19 94
2 76
11 45
15 47
47 42
28 56
28 14
28 87
28 78
14 32
14 74
14 84
32 80
32 44
80 21
80 39
40 58
40 82
58 25
25 81
56 38
38 29
82 75
82 90
75 66
66 37
66 70
66 12
37 97
45 95
45 84
95 34
34 65
34 72
62 39
84 52
57 44
53 90
54 89
78 26