98 84 78 76 21 28 0 87 14 5 1 68 72 2 60 50 6 43 7 3 70 20 41 8 46 51 9 54 13 31 33 16 55 18 64 26 83 19 29 45 36 65 23 27 24 34 56 66 25 67 48 35 49 71 30 39 32 37 10 38 17 42 61 80 94 44 86 69 47 22 57 58 59 62 63 73 74 75 77 81 82 88 91 90 4 95 97
98 94
84 78
78 76
76 21
21 28
21 22
21 61
21 10
21 49
28 0
0 88
87 18
14 60
5 1
1 68
68 72
68 30
68 46
68 39
72 4
72 41
72 2
72 51
72 86
2 10
2 67
2 73
2 77
60 4
60 50
6 90
43 73
7 3
7 91
3 70
70 20
70 31
20 45
20 4
41 81
41 71
8 46
8 82
46 48
51 9
54 30
54 63
13 30
33 16
33 42
16 4
16 55
55 32
18 30
64 26
26 83
83 48
83 19
29 71
45 36
36 65
65 58
65 59
23 4
23 94
27 24
27 35
24 62
34 74
56 4
66 25
25 67
67 38
67 69
30 74
37 10
10 75
17 47
80 97
94 95
44 86
69 47
57 73
62 97
74 97
74 90