97 0 23 54 1 19 15 13 2 44 90 62 3 63 5 64 6 41 8 40 32 9 82 66 10 68 12 7 53 17 31 16 56 18 24 21 43 20 50 25 26 59 29 84 34 88 42 89 92 46 93 48 22 52 57 99 11 67 69 72 79 83 85 86 87 91 95
97 0
0 63
0 62
0 67
0 99
0 64
0 93
0 90
0 72
0 84
0 82
0 91
0 89
0 69
0 66
0 23
0 83
0 79
0 86
0 68
0 85
0 95
0 88
0 87
0 92
23 54
54 19
54 56
54 1
54 57
19 15
19 17
19 52
15 13
15 31
2 44
44 90
62 3
3 8
63 5
64 6
41 87
40 32
32 9
32 82
66 10
68 12
12 7
53 17
31 16
56 18
24 26
24 21
21 43
21 50
43 89
43 20
25 59
59 99
59 29
59 11
84 34
88 42
92 46
93 48
48 22