8 67 4 10 51 95 5 83 16 90 18 23 33 12 27 21 30 58 7 34 37 32 6 64 97 36 2 3 53 19 40 60 42 26 62 43 44 68 0 45 46 17 52 82 87 70 55 92 80 61 98 79 66 38 28 73 11 69 71 91 77 89 81 35 88 99
8 67
8 4
8 10
67 28
67 38
4 45
10 89
10 51
51 87
95 44
95 71
5 83
5 18
83 36
16 18
16 90
23 12
23 33
12 69
12 43
27 21
21 30
30 37
58 92
7 34
34 97
37 3
32 6
6 64
64 62
64 79
97 87
36 2
36 60
2 68
2 61
3 53
3 92
53 0
53 66
19 71
40 91
40 80
42 55
42 26
26 62
44 68
44 0
68 11
0 98
45 82
46 17
17 52
52 70
87 11
70 28
70 99
79 81
38 73
73 91
11 88
69 71
77 89
89 81
81 35