90 21 88 81 18 80 83 27 0 26 97 24 99 30 1 28 79 78 32 2 69 35 3 59 11 60 42 37 4 5 41 85 20 86 50 44 6 43 46 7 47 51 8 49 70 54 9 55 10 57 74 16 75 63 12 62 98 64 13 65 67 14 72 15 56 17 19 89 92 22 96 23 95 25 33 39 38 31 36 68 40
90 51
90 21
21 89
21 88
88 81
81 18
18 80
18 79
80 83
83 27
83 19
0 26
0 25
97 62
97 24
24 98
24 99
99 30
30 1
30 50
1 28
28 79
79 78
78 69
78 32
78 54
78 56
78 17
78 72
32 43
32 2
32 96
2 33
2 31
69 14
69 35
35 3
35 59
59 63
59 75
59 11
60 42
42 37
42 67
4 39
4 38
5 41
5 40
41 85
85 20
20 86
44 6
6 43
43 46
46 7
7 47
51 8
49 70
70 54
54 9
54 36
55 10
10 56
10 57
57 74
16 75
12 14
64 13
13 65
65 67
67 14
14 68
72 15
17 22
92 22
96 23
23 95
25 40
33 39
68 40