4 7 8 9 10 12 13 14 15 16 17 18 19 20 21 24 26 25 30 29 31 48 32 33 46 36 37 38 39 40 41 42 43 47 49 51 50 55 52 53 54 56 73 57 58 59 60 61 62 63 64 65 66 67 68 69 70 71 72 74 76 80 77 81 98 82 87 88 89 90 94 95 96 97 99
4 13
7 8
8 9
9 10
10 19
12 13
12 17
14 15
15 16
15 24
16 17
17 18
18 19
18 49
19 20
20 21
26 25
25 30
30 31
30 39
29 38
31 32
31 48
48 49
48 47
32 33
46 47
36 37
37 38
38 39
39 40
40 41
40 74
41 42
42 43
51 57
51 52
50 55
50 54
55 64
55 56
53 54
56 73
56 57
73 72
73 74
57 58
58 59
59 60
61 62
62 63
63 64
64 65
65 66
65 99
66 67
67 68
69 70
70 71
71 72
76 77
76 82
80 89
80 81
81 82
81 98
98 97
98 99
87 88
88 89
89 90
94 95
95 96
96 97