99 60 11 58 30 1 59 52 33 2 31 55 86 35 3 36 91 39 4 38 98 24 5 40 65 26 94 23 96 43 6 45 92 74 46 7 47 66 50 8 9 56 10 63 12 13 69 14 67 81 44 76 17 77 79 18 80 84 19 83 28 20 49 88 21 90 62 95 25 0 71 15 70 72 75 16
99 60
99 90
99 98
99 84
99 83
99 24
60 11
11 58
11 59
58 75
58 30
30 1
1 28
59 66
59 47
59 52
52 33
52 9
52 56
33 2
2 31
55 86
86 35
86 20
86 72
35 3
3 36
91 45
39 4
4 38
38 98
5 40
40 65
65 13
26 94
94 23
23 96
23 95
96 72
96 43
43 81
43 6
6 45
6 44
92 74
74 25
74 46
74 16
7 47
66 13
66 50
66 69
50 8
8 49
56 10
63 12
12 62
69 14
14 67
76 17
17 77
77 71
79 62
18 80
80 84
19 83
88 21
21 90
90 62
25 0
71 15
15 72
15 70
72 75
75 16