98 51 8 50 44 26 0 25 30 1 28 31 2 32 88 21 89 68 35 3 34 27 72 39 4 40 5 43 6 48 7 55 10 56 60 11 59 61 12 62 65 13 66 71 15 70 87 75 16 74 78 17 79 18 80 94 53 9 54 84 19 83 20 86 52 91 22 23 47 46 76 24 99 67 14 69 77 57 95 97
98 24
51 8
8 50
50 88
50 44
26 0
0 27
0 25
30 94
1 28
28 47
31 2
2 32
32 88
88 21
88 65
21 89
89 48
89 55
89 62
89 68
68 87
68 35
68 14
35 3
35 40
3 34
34 27
34 43
72 39
72 15
39 4
40 5
43 6
48 79
48 7
7 47
7 46
55 10
10 56
10 57
56 60
60 11
59 75
61 12
12 62
65 13
65 91
13 66
71 15
15 70
70 87
87 20
87 75
87 83
75 16
16 74
78 17
17 77
17 76
79 18
18 80
94 23
53 9
9 54
54 84
84 19
84 97
19 83
83 95
20 86
86 52
91 22
23 95
24 99
99 67
67 14
14 69
69 77