96 7 92 0 83 31 28 49 93 43 35 5 6 84 74 2 10 80 41 95 68 11 67 14 30 34 16 98 29 17 20 25 81 42 27 54 33 18 85 38 19 15 40 44 73 52 97 48 22 50 12 76 53 9 55 58 1 56 57 65 61 60 59 24 51 82 66 69 75 79 13 87 94
96 7
7 74
92 73
0 13
0 81
83 76
31 28
28 49
49 93
49 22
93 43
43 35
43 54
35 40
35 5
6 94
84 34
74 68
74 2
2 10
80 41
41 95
95 68
68 19
68 11
68 25
68 67
11 30
11 27
11 82
67 14
30 34
30 33
30 20
34 9
34 16
34 87
34 54
34 51
34 61
98 29
98 20
29 17
20 52
20 94
20 18
25 81
81 42
54 53
18 85
85 38
15 40
40 50
44 73
73 52
52 76
52 1
52 58
97 48
48 24
48 51
12 76
9 55
1 56
57 65
65 24
61 60
59 87
24 79
51 75
82 66
69 94