96 91 53 9 54 27 0 25 50 30 1 23 31 2 32 48 7 46 36 3 35 39 40 5 87 44 6 43 57 10 55 58 11 15 70 62 12 72 64 13 66 51 69 14 61 74 16 73 95 94 71 77 17 76 80 18 86 20 45 56 88 21 89 29 97 24 52 47 37 4 38 98 79 84 19 82 8 83 75 93
96 97
96 31
96 23
96 32
96 91
91 53
9 54
54 36
54 27
27 0
25 50
50 82
50 8
30 1
1 29
23 94
23 95
31 2
32 58
48 7
7 46
7 47
46 94
46 55
46 36
36 3
3 35
39 4
39 40
40 5
87 70
87 44
6 43
43 97
57 10
10 55
10 56
55 69
55 45
58 11
15 70
15 71
15 72
70 62
62 12
12 61
72 64
64 13
13 66
51 69
69 14
74 16
16 73
16 75
73 95
95 38
94 71
94 80
71 29
71 77
77 17
17 76
80 18
80 86
18 79
86 20
56 88
88 21
89 29
29 52
97 24
24 98
37 4
4 38
38 82
84 19
19 82
19 83
75 93