97 96 18 83 52 68 4 5 39 67 89 88 56 65 66 63 11 70 23 31 37 13 74 12 47 14 64 19 87 25 27 28 82 86 84 8 32 33 91 92 93 34 17 69 41 2 45 50 95 90 57 59 60 85 62 71 72 20 21 75 3 80 6 48
97 96
96 18
96 95
18 83
83 86
83 82
83 52
52 68
68 4
5 39
39 67
39 95
89 88
88 56
56 59
56 2
56 65
65 66
65 27
66 63
66 17
63 70
63 11
63 41
70 71
70 69
70 23
70 85
23 31
31 37
13 74
74 84
74 12
47 64
14 90
64 19
19 3
19 20
19 32
87 62
25 48
28 82
86 84
84 8
33 91
91 90
92 72
93 45
34 17
69 57
45 95
45 50
95 72
95 3
90 48
59 60
85 62
71 72
71 6
20 21
21 75
3 80
6 48