96 76 0 56 29 13 2 4 70 16 28 6 65 9 22 84 61 42 86 10 69 32 12 40 90 14 91 71 20 99 17 23 24 41 27 30 57 92 31 33 38 75 77 39 85 51 98 43 44 87 53 47 94 36 48 50 52 54 37 55 35 68 58 34 21 66 49 74 78 79 80 83 81 19 95
96 94
96 36
96 76
76 91
76 31
76 37
76 70
0 56
0 32
56 19
56 29
13 90
2 4
2 70
16 85
16 34
16 28
28 6
28 14
65 49
65 98
9 22
22 71
84 61
61 42
42 86
86 10
86 41
10 44
10 79
69 32
69 98
69 51
69 40
69 52
69 91
32 44
32 23
32 12
12 80
12 83
40 90
90 30
90 38
91 71
71 87
71 20
71 78
20 99
99 17
24 83
41 27
57 92
92 31
33 87
75 52
77 85
77 39
85 51
51 74
98 43
44 55
44 66
87 95
87 53
53 50
53 47
36 48
52 54
55 35
68 49
58 34
21 66
83 81