93 2 65 45 49 4 5 6 7 8 9 81 18 11 12 13 14 15 82 34 33 21 22 23 24 25 26 27 28 31 30 70 35 62 36 37 38 39 40 42 41 66 46 47 48 50 51 60 61 53 54 87 56 86 63 64 72 73 74 75 76 77 80 32 59 85 88 89 90
93 2
2 88
2 65
65 64
65 45
65 66
45 49
4 54
4 61
5 74
5 6
6 64
6 7
7 8
7 36
8 30
8 9
8 12
9 81
81 80
81 18
11 34
11 23
12 13
12 76
14 42
15 90
15 82
82 64
34 35
33 32
33 21
22 70
24 48
25 85
26 27
27 63
27 28
31 70
31 30
31 72
30 32
30 59
35 40
35 62
62 36
62 61
62 63
36 37
37 47
37 38
39 40
40 42
40 41
46 47
46 73
47 86
47 48
50 85
51 60
60 86
61 53
54 75
87 56
87 86
86 85
76 77
77 89