89 97 26 0 24 99 61 29 1 4 37 32 2 31 88 35 3 84 38 95 41 5 40 81 18 80 48 7 98 52 9 21 90 59 11 64 13 65 45 77 69 14 17 76 44 71 15 55 10 57 74 16 73 93 22 91 19 36 78 85 20 86 62 12 63 23 96 27 28 58 75 33 6 54 50 8 49 51 82 56 60
89 21
89 40
89 44
97 26
97 24
26 0
0 27
24 98
24 99
99 61
99 80
61 29
29 1
1 28
4 38
37 32
32 2
2 31
2 33
31 88
88 21
88 52
88 73
88 98
88 35
88 64
35 3
35 84
35 57
3 36
84 38
84 19
84 95
95 23
95 41
5 40
81 18
18 80
80 48
48 7
52 9
52 77
9 54
21 90
90 59
59 11
11 58
11 60
64 13
13 65
45 77
77 69
77 17
69 14
17 76
44 6
71 55
71 15
55 10
10 57
10 56
74 16
16 73
16 75
73 93
93 22
22 91
19 82
36 62
36 78
78 85
85 20
86 62
62 12
12 63
23 96
54 50
50 8
8 49
8 51