97 69 54 64 78 0 74 61 65 2 82 68 75 3 96 27 90 14 10 11 83 17 80 13 57 24 15 20 23 25 26 52 55 28 31 33 35 36 37 87 39 42 44 4 46 43 48 50 91 56 85 58 59 60 86 38 63 66 76 79 84
97 69
69 54
69 23
54 90
54 55
54 50
54 64
54 15
64 78
64 48
64 25
78 0
0 74
0 44
74 61
74 86
61 65
61 87
65 2
65 82
68 28
68 55
75 96
75 3
75 37
75 33
75 59
96 17
96 27
96 60
96 91
27 90
90 35
90 11
90 14
90 52
90 20
90 36
14 10
10 26
11 83
17 57
17 80
80 13
24 55
24 31
23 76
23 42
31 85
87 39
44 43
44 79
44 4
4 46
91 56
85 66
85 58
86 38
38 63
79 84