0 1 2 3 4 5 14 6 7 10 8 27 16 38 15 20 21 23 25 26 24 33 35 32 30 41 31 42 43 52 46 47 49 59 40 44 45 50 51 53 56 48 57 67 58 69 54 64 60 74 66 62 71 68 84 76 98 70 72 80 86 89 88 81 82 83 90 92 93 85 94
0 10
0 1
1 2
2 3
3 4
4 14
5 6
5 14
14 15
14 23
6 7
10 20
8 27
27 16
16 15
38 47
15 26
15 25
20 21
25 35
25 24
24 33
33 32
35 46
32 41
32 42
30 41
41 31
41 40
41 50
41 52
41 51
43 52
46 56
46 45
47 56
49 59
59 69
44 53
44 45
50 60
56 67
48 58
48 57
57 67
67 68
67 98
67 66
58 69
54 64
64 74
60 71
74 84
66 76
62 71
71 72
71 70
71 80
84 72
76 86
98 88
80 81
80 90
89 88
81 82
82 83
83 92
83 93
93 94
85 94