89 59 55 0 10 70 86 1 29 7 75 2 3 4 11 72 18 30 13 71 79 14 17 83 66 22 26 23 74 35 24 46 58 25 49 33 44 76 8 47 82 34 37 39 51 40 84 45 80 41 50 53 6 61 38 62 68 43 67 48 16 73 19 20 81 15 85
89 59
59 74
55 0
0 11
0 3
0 46
0 10
0 14
0 6
0 2
0 4
0 15
10 19
10 70
70 8
70 51
70 86
70 47
86 1
86 37
1 43
29 7
7 75
7 58
75 2
2 83
3 72
72 18
18 30
18 49
30 13
30 71
13 16
79 14
14 38
17 47
83 66
66 22
26 50
26 23
74 46
74 35
35 24
46 68
58 39
58 25
49 33
44 76
76 8
8 53
47 82
82 34
51 67
51 40
51 80
51 84
84 45
41 50
41 73
50 20
6 61
38 62
67 48
73 19
20 81
15 85