97 31 91 22 93 30 1 7 47 33 2 32 60 35 3 94 23 96 39 4 5 40 48 44 6 26 0 25 51 8 50 78 55 10 57 27 58 11 59 63 12 13 64 81 18 79 68 14 69 46 70 15 52 9 53 73 16 75 56 76 17 36 29 83 19 80 85 20 86 62 61 89 21 90 24 84 98 99 65 42 66 67 82
97 84
31 2
31 91
91 22
93 78
93 50
30 1
1 7
7 47
7 48
7 46
47 33
47 68
47 40
33 2
33 64
2 32
32 99
60 11
35 3
35 94
35 25
3 36
94 23
96 39
39 27
39 4
39 98
5 40
48 26
48 44
48 59
48 70
48 63
44 6
26 0
0 25
0 27
25 84
25 51
25 75
51 8
8 50
55 10
10 56
57 27
27 62
27 58
11 59
12 61
12 62
13 65
13 64
64 81
18 79
79 68
68 14
14 67
69 46
46 53
70 52
70 15
52 9
52 80
53 66
73 16
16 75
75 56
56 76
76 17
36 29
83 19
19 84
19 82
85 99
20 86
86 62
61 89
89 21
21 90
24 98
84 42