74 75 0 1 2 3 4 5 6 7 8 9 10 11 12 13 14 15 16 17 18 19 20 21 22 23 24 25 26 27 28 33 32 31 34 35 38 41 42 43 44 45 46 47 48 49 50 51 52 53 54 55 56 57 58 59 60 61 62 63 64 65 66 67 68 69 70 71 72
74 75
75 0
75 11
75 50
0 63
0 49
0 70
0 1
0 15
0 35
0 25
0 41
1 2
2 3
3 4
5 15
6 7
7 8
7 70
8 52
9 21
10 11
11 12
13 14
14 15
15 43
15 16
15 47
16 17
18 19
19 20
20 21
21 63
21 22
23 31
23 24
24 25
25 38
25 26
26 60
26 27
27 28
27 33
33 32
34 35
41 42
43 44
44 45
46 47
48 49
49 64
50 51
51 58
51 65
52 53
54 55
55 68
55 56
57 58
59 60
61 68
62 63
66 67
67 68
68 69
69 70
70 71
71 72