99 0 59 1 66 13 3 37 5 62 8 32 14 18 40 10 50 9 57 11 20 69 17 25 24 52 39 28 29 78 79 30 80 31 82 33 83 34 86 38 45 6 47 51 97 55 15 58 61 68 71 72 73 75 76 81 84 88 89 90 91 92 93 96 98
99 0
0 79
0 97
0 71
0 83
0 93
0 91
0 80
0 59
0 66
0 96
0 69
0 61
0 81
0 78
0 84
0 20
0 37
0 98
0 76
0 62
0 92
0 73
0 68
0 86
0 82
0 89
0 90
0 88
0 72
0 75
59 1
1 45
66 13
13 3
37 5
62 8
32 81
14 51
14 18
18 40
40 10
10 57
10 20
10 50
10 52
50 9
57 11
11 47
11 29
11 34
20 25
69 17
25 24
52 39
39 28
79 30
30 15
30 58
80 31
82 33
86 38
6 61
97 55