99 55 34 46 85 0 17 64 1 41 78 87 93 5 11 90 21 91 6 51 29 45 7 9 12 13 56 60 14 44 36 24 35 54 57 25 63 28 30 31 32 33 37 50 38 18 95 42 72 10 47 48 89 59 15 2 61 62 69 84 70 71 81 76 74 79 52 83 40 86 88 92 75 96 77 98
99 55
55 36
55 92
55 83
34 79
34 46
46 85
46 98
46 89
46 87
85 0
85 60
85 17
0 14
17 64
1 41
41 78
78 87
78 35
78 63
78 15
78 50
78 45
87 93
87 59
87 95
93 11
93 33
93 5
11 90
90 21
90 9
21 36
21 44
21 51
21 91
91 88
91 6
51 29
29 12
45 7
7 24
9 31
9 32
13 56
56 62
56 69
56 30
44 72
35 54
54 81
54 57
57 25
63 28
63 84
28 30
28 37
50 38
18 95
42 72
10 59
10 47
48 89
15 71
15 2
2 61
84 96
84 70
81 52
81 76
81 40
76 74
40 86
75 96
77 98