98 38 91 6 0 64 69 39 10 13 74 48 86 77 12 35 75 16 26 18 90 9 19 94 2 21 42 61 1 24 79 25 73 5 27 17 29 43 58 32 33 37 93 40 8 34 46 89 51 60 54 36 55 23 4 59 52 47 62 71 66 83 96 97
98 38
38 46
91 52
91 47
6 64
6 94
0 18
64 69
39 5
39 10
10 73
13 74
74 35
74 48
48 86
48 46
48 33
86 34
86 94
86 9
86 62
86 77
77 12
77 25
12 32
12 51
75 83
75 16
26 1
26 18
26 93
90 37
9 19
94 2
2 96
2 21
2 42
21 97
61 1
61 17
1 24
24 5
24 79
24 66
79 29
79 37
27 17
17 71
29 8
29 43
29 89
43 60
43 58
43 23
40 96
8 34
8 36
89 55
54 36
36 83
4 59
59 52
52 83