91 92 67 60 63 11 90 9 4 0 22 26 23 21 1 2 3 5 8 53 15 10 24 25 50 51 37 33 36 39 34 32 52 58 42 43 40 44 78 73 57 20 28 69 71 76 74 79 77 72 75 70 16 87 86 81 82 45 35 84
91 92
92 67
67 60
60 63
63 11
63 40
11 90
11 45
11 8
11 20
11 53
90 9
90 78
9 4
9 3
9 75
9 2
4 22
4 0
22 24
22 26
26 28
26 23
23 69
23 21
21 1
5 8
5 44
15 10
10 16
10 70
25 50
50 51
50 32
51 37
37 35
37 33
37 52
33 36
39 32
39 34
34 72
32 78
52 58
58 42
42 43
78 73
73 74
73 70
73 71
73 57
71 76
79 77
77 72
16 87
87 86
86 81
82 45
35 84