1 2 3 4 5 6 7 8 9 10 11 12 13 14 15 58 16 17 18 19 20 21 22 23 24 25 26 27 28 29 32 33 56 55 57 59 60 61 62 63 64 65 66 67 68 69 70 71 72 73 74 75 76 77 78 79 80 81 82 83 84 85 86 87 88 89 90 91 92 93 96 97 98 99
1 2
2 3
3 4
4 58
5 58
6 58
7 58
8 58
9 58
10 58
11 58
12 58
13 58
14 58
15 58
58 24
58 22
58 21
58 26
58 23
58 25
58 27
58 19
58 18
58 59
58 16
58 57
58 20
58 17
27 28
28 29
32 33
33 56
56 55
56 57
57 81
57 87
57 82
57 75
57 60
57 72
57 79
57 65
57 83
57 76
57 88
57 63
57 66
57 74
57 61
57 80
57 84
57 73
57 77
57 85
57 69
57 70
57 64
57 78
57 86
57 68
57 62
57 67
57 71
88 89
89 90
89 99
90 91
91 92
92 93
96 97
97 98
98 99