99 98 97 96 95 94 93 92 91 90 80 70 60 50 40 30 20 10 0 1 2 3 4 5 6 7 8 9 14 13 12 11 15 16 17 18 41 52 42 32 22 23 24 25 26 27 37 47 58 59 49 39 29 19 34 33 35 43 53 57 48 38 28 21 31 63 64 55 46 56 68 78 88 87 86 85 84 83 82 81 71 61 51 62 72 73 74 75 65 76 77 67 69 79 89
99 89
99 98
98 97
96 95
95 94
95 85
94 93
93 92
92 91
91 90
90 80
80 70
70 60
60 50
40 41
30 20
20 10
10 0
0 1
1 2
2 3
3 4
4 14
5 15
5 6
7 8
8 9
9 19
14 13
14 15
13 12
12 11
11 21
15 24
15 16
16 17
17 18
18 28
41 31
52 62
42 32
32 22
22 23
23 24
24 25
24 34
26 27
27 37
37 47
47 58
47 46
58 68
58 48
58 59
59 69
49 48
49 39
39 29
29 19
34 33
34 35
33 43
53 63
57 67
57 48
57 56
48 38
38 28
21 31
63 64
64 74
55 46
68 78
78 88
88 87
87 86
86 85
85 84
85 74
84 83
83 82
82 81
81 71
71 61
61 51
62 72
72 73
73 74
74 75
75 65
76 77
77 67
69 79
79 89