98 88 77 66 65 55 45 35 34 33 22 11 1 2 3 4 5 6 7 8 0 10 16 17 27 18 19 26 25 24 23 21 31 29 39 38 48 47 46 44 43 42 41 40 49 59 58 57 56 54 53 52 51 50 60 70 80 81 72 73 74 75 76 78 79 69 82 83 84 94 95 96 86 87 89 97 93 92 91
98 88
88 77
88 89
77 66
77 78
77 87
66 65
65 55
65 75
55 45
55 54
55 56
45 35
45 44
45 46
35 34
35 25
34 33
33 22
22 11
22 21
11 1
11 10
1 2
1 0
2 3
4 5
5 6
6 7
7 17
8 18
16 17
17 27
27 18
27 29
27 26
18 19
26 25
25 24
24 23
21 31
29 39
38 48
48 47
48 49
47 46
44 43
43 42
42 41
40 50
49 59
58 57
57 56
54 53
53 52
52 51
51 50
50 60
70 80
80 81
81 91
81 72
72 73
73 74
74 84
74 75
75 76
78 79
79 69
82 83
83 84
83 93
84 94
94 95
96 97
86 87
87 97
93 92