98 91 99 3 41 1 8 6 27 11 24 12 38 53 58 61 13 14 16 2 76 93 65 26 20 22 7 23 25 66 84 48 30 67 60 36 52 54 57 83 55 56 9 59 37 32 62 63 74 96 71 72 86 73 75 79 81 87 95 70 97
98 96
98 25
91 93
91 1
99 3
3 73
41 38
41 36
1 67
8 66
6 86
6 83
6 27
6 97
27 38
27 57
27 9
11 7
24 83
24 87
12 57
38 37
38 26
53 65
53 58
58 59
61 93
13 14
13 76
14 22
14 95
16 84
16 54
2 62
93 57
65 26
65 7
65 20
26 23
26 52
26 48
20 74
22 66
22 55
7 66
7 56
7 71
23 84
66 30
66 32
84 81
60 9
36 63
52 72
57 73
57 62
83 70
96 73
86 79
75 79