99 0 74 12 1 8 51 2 66 61 3 76 14 4 33 25 20 5 59 54 6 70 86 27 7 71 89 30 21 9 63 10 78 16 23 17 80 18 81 19 44 73 11 24 26 87 28 36 98 42 45 48 43 56 58 77 15 64 75 83 88 90 91 92 94 95 96 97
99 44
99 0
0 74
0 63
0 98
0 76
0 92
0 66
0 94
0 71
0 78
0 75
0 88
0 90
0 95
0 81
0 80
0 91
0 97
0 77
0 83
0 96
0 87
0 61
0 89
0 70
0 86
0 73
74 12
12 1
8 71
51 2
2 66
61 3
61 26
3 36
76 14
14 17
14 4
33 25
25 63
25 59
20 44
20 5
54 6
6 70
86 27
27 7
7 56
89 30
30 21
21 9
63 10
78 16
23 42
80 18
81 19
73 11
11 24
26 45
87 28
98 42
45 48
48 43
43 58
77 15
15 64