3 5 6 8 10 12 16 32 36 19 40 21 25 52 28 31 64 33 34 65 35 66 37 38 67 39 68 41 42 43 69 44 70 45 46 71 72 50 73 51 74 54 75 56 76 77 59 78 61 79 63 80 81 82 83 85 87 84 90 86 88 89 91 92 93 0
3 6
5 10
6 12
8 16
10 21
12 25
16 33
32 64
36 66
19 39
40 68
21 42
25 51
52 74
28 56
31 63
64 33
64 80
34 65
65 80
65 35
66 37
66 81
38 67
67 39
67 81
68 41
68 82
42 69
43 69
69 82
44 70
70 45
70 83
46 71
71 83
72 84
50 73
73 51
73 84
74 85
54 75
75 85
56 76
76 86
77 86
77 59
78 87
78 61
79 87
79 63
80 88
81 88
82 89
83 89
85 90
87 91
84 90
90 93
86 91
88 92
89 92
91 93
92 0
93 0