96 97 98 99 0 1 2 4 5 6 7 8 9 10 11 12 13 14 15 16 17 18 19 20 21 22 23 24 25 26 61 60 28 29 30 32 33 34 35 37 73 42 43 44 39 45 46 47 49 50 3 53 54 55 59 58 62 40 41 82 66 67 68 69 70 71 72 74 77 76 78 79 80 81 83 84 85 86 87 88 89 90 92 93 94
96 97
97 98
98 99
98 8
99 20
99 0
1 45
2 13
4 49
5 93
6 15
7 8
8 41
8 9
9 88
9 82
10 46
10 69
10 11
11 12
11 35
13 14
14 15
15 47
16 17
17 85
18 50
18 19
21 62
22 23
23 24
24 89
25 92
25 26
61 60
60 59
60 55
28 76
29 35
30 32
32 33
33 71
33 45
33 34
37 73
73 42
73 74
42 41
43 44
44 39
44 45
39 84
46 47
46 94
47 49
49 50
3 53
53 54
54 76
54 78
59 70
59 92
59 58
62 40
40 41
41 69
82 81
82 66
82 83
67 68
68 69
69 70
70 71
71 79
71 72
77 78
78 79
79 80
79 85
85 86
87 88
89 94
89 90
93 94