99 6 94 79 22 27 56 0 2 85 13 38 5 20 36 11 63 54 75 76 92 7 65 15 96 82 67 16 60 74 28 17 46 55 18 9 19 42 23 8 98 37 24 30 34 39 50 73 43 40 41 51 44 91 70 45 48 14 57 52 78 61 25 62 80 49 64 47 1 66 53 21 68 69 31 71 72 81 97 83 84 95 87 88 33 93
99 6
6 94
94 79
94 1
94 81
94 37
94 42
94 24
79 22
79 73
79 72
79 85
79 84
22 27
22 80
22 14
22 65
27 9
27 74
27 56
27 41
56 0
2 55
13 51
13 38
5 92
20 42
36 92
11 63
63 1
63 49
63 53
54 75
54 55
54 18
75 76
76 92
76 9
76 16
76 45
92 7
92 33
65 39
15 96
96 19
96 82
82 97
67 84
60 91
60 74
60 44
74 30
74 28
28 17
17 34
17 46
17 21
17 68
55 98
9 19
19 95
19 23
23 25
23 8
98 40
30 78
50 73
50 48
73 43
51 14
44 57
91 93
91 70
45 31
52 84
78 71
78 88
78 61
78 47
62 80
80 64
49 83
1 66
69 31
72 87