0 1 2 10 3 12 13 4 11 5 6 8 7 14 9 19 15 28 18 20 21 16 44 45 22 23 24 25 29 30 36 35 31 38 32 34 33 43 39 50 46 42 47 48 57 51 56 49 72 52 61 54 64 60 71 58 70 69 86 87 73 74 77 76 75 82 80 81 83 84 88
0 1
0 3
1 12
2 13
10 13
10 3
3 11
3 4
13 14
13 16
11 18
11 21
11 20
5 6
6 8
8 28
8 14
8 7
8 9
14 15
9 19
19 45
19 44
28 30
20 22
22 23
23 24
24 25
29 30
30 35
30 31
30 33
36 35
35 50
35 39
35 34
38 39
32 34
43 46
50 42
50 49
50 72
46 47
47 56
47 48
47 51
48 49
57 49
57 58
51 52
56 60
72 74
72 71
52 54
61 60
54 64
71 70
70 73
70 69
86 87
87 76
87 88
73 77
74 76
76 75
75 82
82 83
82 81
80 81
83 84