97 0 74 1 75 2 76 3 4 77 90 19 12 72 5 7 23 56 69 29 62 8 70 71 15 9 81 82 10 83 11 84 13 87 16 92 21 94 41 37 30 57 31 32 40 43 25 61 44 46 34 67 53 45 54 58 24 42 66 78 79 85 86 88 89 91 93 95 96
97 0
0 75
0 81
0 82
0 83
0 90
0 94
0 88
0 87
0 84
0 89
0 95
0 77
0 57
0 85
0 91
0 92
0 79
0 96
0 78
0 93
0 74
0 86
0 76
74 1
1 62
75 2
2 24
2 58
76 3
4 61
4 77
4 45
90 19
19 12
12 72
72 5
7 79
23 56
23 94
69 29
69 70
62 8
8 66
70 13
70 71
15 86
9 46
9 81
10 42
10 24
83 11
84 13
13 34
13 32
87 16
16 41
16 37
92 21
37 30
57 31
31 40
40 43
25 96
61 44
34 67
67 53
45 54