98 64 65 91 92 1 2 62 78 79 4 5 6 7 8 9 10 11 12 13 52 17 16 15 19 96 95 20 21 22 23 24 25 26 27 28 30 31 32 33 75 35 88 37 87 80 48 40 39 41 42 43 44 46 47 49 50 93 63 14 55 54 56 97 58 59 60 82 67 74 68 71 70 73 76 77 81 83 84 85 86 90
98 64
64 23
64 65
91 62
91 96
91 92
92 1
2 6
62 78
62 19
62 63
62 43
78 79
78 77
79 60
79 4
5 55
6 7
6 74
6 13
7 63
7 8
7 68
9 95
9 10
11 97
12 82
52 17
17 19
17 16
16 15
19 46
19 39
96 95
96 70
96 97
96 73
95 20
20 86
20 21
21 22
22 90
23 24
24 63
24 81
24 85
24 56
24 25
26 74
27 80
28 70
30 35
30 59
30 63
31 88
31 93
32 33
33 75
75 74
88 37
87 80
80 81
80 48
48 49
48 40
48 47
40 41
42 43
43 44
50 93
93 63
14 55
55 54
54 85
58 74
82 67
82 83
67 74
71 70
76 77
77 84