97 24 98 26 0 25 45 30 1 29 68 47 33 2 3 36 38 4 39 63 12 61 41 5 40 57 10 6 43 7 48 53 9 54 92 49 8 51 90 21 89 55 34 59 11 58 75 16 74 62 32 64 13 14 15 70 96 76 17 78 80 18 83 19 23 95 86 20 91 22 94 73 37 35 44 28 46 52 77
97 24
97 40
24 98
98 26
98 62
26 0
26 55
25 76
45 30
30 1
1 28
1 29
29 43
68 47
68 63
68 14
47 7
47 33
33 2
2 32
3 34
3 36
3 35
36 38
38 4
39 52
63 12
12 61
12 62
61 41
41 5
40 57
10 55
6 44
7 48
53 9
9 52
54 34
54 92
54 37
92 22
49 8
8 51
51 77
51 90
90 21
21 89
34 74
34 59
59 11
58 75
75 76
75 16
16 73
16 74
16 18
74 62
32 64
64 13
15 70
70 96
96 23
17 78
17 77
78 83
80 18
19 23
23 95
23 94
95 86
86 20
91 22
94 52
94 73
73 28
73 77
35 44
28 46