99 35 44 6 45 25 0 81 29 1 30 74 16 75 31 2 98 37 4 39 57 53 41 5 40 47 7 46 66 49 8 13 10 56 97 24 58 11 12 61 18 80 67 14 72 15 83 32 17 77 94 19 82 76 86 20 21 88 92 22 23 28 3 34 43 55 48 87 51 9 52 54 64 65 69 68 79 78
99 24
99 35
35 44
35 3
6 43
45 81
45 25
45 94
25 0
81 18
81 61
81 29
1 30
30 74
30 28
74 16
74 88
74 43
16 75
75 31
75 92
31 2
31 98
31 64
2 23
2 32
98 24
98 37
98 58
37 4
39 48
39 57
57 53
57 10
53 83
53 9
53 41
41 5
5 40
40 47
7 46
46 86
66 13
49 8
8 51
13 64
13 65
10 55
56 97
97 24
58 11
12 61
18 80
18 79
80 67
80 83
80 72
67 14
14 68
14 69
72 15
83 32
83 19
17 78
17 77
19 82
82 76
86 20
20 87
21 88
92 51
92 22
3 34
87 79
9 52
9 54
52 78