88 5 4 3 2 1 6 58 31 8 7 23 11 10 12 13 14 15 16 17 18 19 20 24 68 28 27 29 30 34 40 41 36 37 38 39 42 43 44 45 46 47 48 35 71 72 50 51 52 53 54 55 56 59 60 61 62 63 64 65 66 67 69 74 77 76 78 79 80 81 82 83 84 85 86 87
88 72
5 6
5 4
3 2
2 1
1 13
6 58
6 34
58 35
58 71
58 31
31 30
31 85
31 51
31 84
8 7
7 20
7 23
23 64
23 11
23 72
23 24
11 77
11 12
11 10
10 66
13 14
13 45
15 16
16 78
17 18
18 72
19 20
24 68
24 50
24 40
24 87
68 69
68 28
27 46
29 48
40 39
40 41
41 36
36 37
38 54
42 59
43 44
44 45
45 46
45 72
47 48
48 59
48 53
48 35
35 55
71 72
71 74
72 67
50 86
52 53
54 55
55 56
59 60
61 62
61 87
62 81
63 64
64 65
77 78
77 76
78 79
80 84
81 82
83 84