96 86 27 0 26 37 4 38 28 1 30 58 11 59 33 2 31 35 3 36 39 42 5 40 61 32 43 6 7 47 55 60 83 49 8 51 23 94 52 9 62 57 10 12 64 13 65 84 67 14 68 48 91 70 15 74 16 72 89 21 90 78 17 76 19 18 22 93 99 24 44 45 56 80 81 77 97 85 20 87 95
96 51
96 23
86 20
27 0
0 26
26 42
26 37
37 39
4 39
38 48
38 28
28 1
30 93
58 11
11 60
59 33
33 2
2 31
2 32
31 35
31 44
35 47
35 95
35 3
3 36
36 39
42 81
5 40
40 61
61 32
61 64
43 6
6 44
6 45
7 47
7 48
47 55
47 85
55 10
55 60
60 83
83 19
83 49
8 51
23 95
23 94
94 52
52 9
62 57
62 12
57 10
10 56
64 13
13 65
84 67
67 14
14 68
68 48
48 91
91 22
91 70
70 74
15 72
74 80
74 16
72 85
72 89
89 21
21 90
78 17
17 76
17 77
18 80
22 93
93 99
24 97
77 97
97 85
85 20
87 95