89 21 0 27 73 29 1 30 47 7 46 78 31 2 33 69 14 68 61 34 3 35 64 13 65 83 37 4 5 41 58 11 59 44 6 57 48 51 8 50 52 9 54 10 12 17 77 70 15 74 16 79 18 81 39 19 85 20 86 90 88 91 22 92 56 95 23 94 38 98 24 99 26 25 40 53 60 36 67 66 84 76
89 39
21 90
21 88
0 27
0 25
73 16
73 29
1 30
30 47
47 7
47 40
7 48
46 78
78 31
78 17
31 57
31 2
31 50
2 33
69 14
14 67
14 68
68 86
68 61
61 12
61 34
3 35
35 25
64 13
13 65
13 66
65 67
83 37
83 19
37 4
4 38
4 39
5 40
5 41
58 11
11 59
59 44
44 6
44 54
57 10
48 51
51 25
51 8
8 50
50 52
50 88
52 9
52 38
52 79
9 54
9 53
54 67
54 94
54 74
10 56
77 88
77 70
70 15
74 16
79 18
18 81
81 60
85 20
20 86
88 91
91 22
22 92
95 36
95 23
23 94
38 98
38 76
98 24
24 99
26 53
84 76