99 98 31 32 33 49 45 48 4 1 2 93 92 94 90 56 59 58 55 5 6 7 8 57 64 63 11 12 10 14 13 46 19 18 16 15 17 73 23 20 22 21 87 88 85 89 28 25 29 26 9 34 81 80 83 84 44 43 37 35 36 41 42 40 74 70 47 54 50 52 53 60 61 65 66 69 91 72 62 75 76 77 86 82 78 97
99 98
99 97
98 31
31 34
32 34
33 49
49 45
45 46
45 48
48 47
48 4
1 60
1 2
93 92
92 94
94 90
90 91
90 56
90 19
56 57
56 59
58 55
55 57
55 5
5 8
5 9
5 6
6 34
7 8
57 64
64 63
64 62
63 60
63 11
11 12
11 53
12 10
10 13
10 14
14 54
19 18
18 16
16 17
15 73
73 23
23 20
20 87
20 22
22 21
21 82
87 88
88 85
85 89
85 86
89 9
89 28
28 25
25 29
29 26
26 75
81 80
80 83
83 82
84 82
44 40
44 74
43 42
43 37
37 35
37 36
41 40
42 62
74 62
74 70
74 72
70 47
50 52
52 53
60 61
65 66
66 69
66 91
75 78
76 77
77 86