97 86 33 46 27 0 13 1 70 2 3 59 4 5 6 7 80 8 11 58 12 45 26 14 15 16 29 42 17 21 30 89 25 95 28 48 32 88 34 96 19 36 20 37 9 38 10 39 93 90 44 47 49 50 85 51 52 69 55 56 75 62 65 64 66 67 91 68 72 87 31 71 57 79 81
97 37
97 86
86 33
33 46
33 66
33 4
33 45
46 2
46 27
46 47
27 0
0 9
13 2
1 3
1 59
1 52
1 70
1 21
70 2
70 28
2 93
2 48
2 8
2 32
2 69
2 49
2 36
2 75
2 95
2 67
2 57
2 91
2 31
2 62
2 42
3 14
4 11
4 79
5 7
5 34
5 65
5 6
5 88
6 72
7 93
7 64
7 12
7 68
80 8
58 12
12 10
12 38
45 26
26 19
15 9
16 25
29 42
42 17
30 89
89 48
89 81
25 85
25 51
48 39
32 85
32 50
34 96
96 20
93 90
90 44
85 87
69 55
56 75
71 57