94 92 90 89 84 83 78 77 72 71 66 65 60 59 54 53 48 47 42 41 37 40 36 35 30 29 24 23 22 20 18 17 12 11 6 4 0 2 8 14 26 32 34 38 44 46 50 52 56 58 62 64 68 70 74 76 80 86
94 92
92 90
90 89
89 84
84 86
84 83
83 78
78 77
78 80
77 72
72 74
72 76
72 71
71 66
71 70
66 68
66 65
65 60
60 59
60 64
60 62
59 54
59 58
54 56
54 53
53 48
53 52
48 47
47 42
42 46
42 41
42 44
41 37
37 40
40 36
36 35
36 38
35 30
30 32
30 34
30 29
29 24
24 26
24 23
23 22
22 20
20 18
18 17
17 12
12 11
12 14
11 6
6 8
6 4
4 0
0 2
50 52