96 84 19 82 27 0 25 30 1 28 87 45 31 2 62 99 34 3 36 50 8 49 37 4 61 42 5 12 6 43 47 7 39 53 9 55 10 57 90 21 88 59 11 13 66 52 67 14 68 58 60 70 15 72 78 17 76 56 79 18 83 44 20 32 91 22 93 98 24 40 41 69 63 48 26 75 64 77
96 49
84 19
19 83
19 82
82 27
27 77
27 0
27 61
0 25
0 26
25 55
25 30
1 28
28 87
87 45
87 20
45 31
45 6
45 62
31 60
31 2
2 32
62 99
62 68
62 12
99 48
99 34
99 24
34 3
3 36
50 8
8 49
49 37
37 61
37 4
4 39
61 12
61 42
42 5
5 40
12 63
6 44
43 47
43 63
47 7
53 55
9 52
55 10
55 79
10 56
10 57
90 21
21 88
88 59
59 11
11 60
13 64
13 66
52 67
67 14
14 68
14 69
68 58
60 70
70 15
72 32
78 17
17 77
17 76
79 18
32 91
91 22
22 93
98 24
41 69
26 75
64 77