96 85 4 46 5 1 73 7 90 82 83 8 60 31 57 92 12 13 9 33 6 87 91 15 14 75 84 17 20 93 21 80 48 64 22 40 32 30 23 88 11 27 29 77 76 16 62 72 42 26 68 34 67 41 43 45 59 44 65 36 49 52 74 39 56 58 28 61 70 50 63 35 95 69 2 71 97 78 10 79 81 86 54
96 61
96 85
85 4
4 46
4 26
4 92
4 36
46 77
46 84
46 5
46 65
5 1
73 20
7 90
90 59
90 82
90 44
83 77
8 60
60 31
31 57
57 93
57 23
57 92
57 35
92 20
92 12
92 59
92 13
12 88
12 17
9 20
33 68
33 6
87 91
91 15
91 75
15 14
75 84
75 49
84 76
17 2
20 16
20 56
93 21
21 10
80 36
80 48
80 69
64 22
22 40
40 32
40 79
30 23
30 81
88 58
88 11
88 54
11 27
27 97
27 62
29 77
77 39
72 42
42 26
26 68
68 95
34 45
34 86
67 41
67 43
41 70
41 58
43 74
45 79
45 59
49 78
52 58
28 61
70 50
63 35
2 71