97 98 99 54 55 56 3 61 5 6 7 8 71 60 10 9 11 12 13 79 35 34 15 14 18 17 25 22 21 20 24 43 65 38 86 26 68 69 66 29 30 31 32 33 48 49 50 36 37 39 42 94 41 46 78 88 89 53 57 58 74 63 62 73 84 76 81 80 85 83 91 95
97 29
98 99
99 66
54 55
54 65
55 56
55 30
56 3
61 53
5 65
6 85
6 7
8 88
71 60
60 10
10 20
10 9
9 74
9 11
12 13
13 79
79 35
79 50
35 80
35 85
35 34
35 36
34 15
14 18
18 17
17 41
17 25
25 24
25 22
22 21
21 20
24 43
43 65
43 42
43 48
43 39
43 80
65 73
65 66
65 38
65 37
38 86
86 53
86 81
86 26
68 48
68 33
69 66
29 95
31 32
32 33
49 50
50 78
37 76
37 95
37 46
39 58
94 41
78 88
88 89
53 57
74 63
63 62
73 84
84 83
91 95