96 1 4 43 53 88 62 6 87 7 22 9 8 2 78 85 10 52 25 61 11 28 23 70 5 13 20 48 64 76 14 97 16 15 17 72 69 60 19 21 91 3 29 56 65 47 34 42 32 99 35 73 36 38 82 39 80 67 51 26 54 41 18 58 83 89 86 49 90 95
96 20
96 23
96 1
96 18
96 49
1 82
1 4
1 35
1 86
1 56
43 53
53 26
53 88
53 28
62 6
6 51
6 5
87 91
87 22
87 7
9 8
8 2
8 23
78 85
78 47
85 5
10 52
52 48
25 39
25 82
61 11
11 95
11 28
28 23
28 19
28 36
23 70
23 91
23 90
70 32
70 5
5 13
13 38
20 48
48 64
48 41
64 76
64 97
76 21
76 14
16 49
16 15
17 72
72 69
69 60
69 89
69 83
60 19
19 99
19 65
19 3
29 56
34 42
42 32
73 38
39 80
80 67
26 54
18 58