0 1 5 95 6 96 10 11 15 16 20 21 22 23 25 26 27 28 30 31 34 32 33 35 36 39 37 38 40 41 44 42 43 45 46 49 47 48 50 51 54 52 53 55 56 57 58 60 61 65 66 70 71 75 76 80 81 85 86 90 91
0 1
0 5
0 95
5 6
5 10
95 90
95 96
10 11
10 15
15 16
15 20
20 21
20 25
21 22
22 23
25 26
25 30
26 27
27 28
30 31
30 35
31 34
31 32
32 33
35 36
35 40
36 39
36 37
37 38
40 41
40 45
41 44
41 42
42 43
45 46
45 50
46 49
46 47
47 48
50 51
50 55
51 54
51 52
52 53
55 56
55 60
56 57
57 58
60 61
60 65
65 66
65 70
70 71
70 75
75 76
75 80
80 81
80 85
85 86
90 91