98 66 41 5 40 59 25 0 37 4 39 29 1 38 71 31 2 91 47 7 48 76 17 78 51 8 49 54 9 53 36 34 55 10 11 58 63 12 13 69 14 68 42 88 21 90 75 16 89 79 18 19 82 86 20 92 22 96 23 94 73 46 99 24 26 56 3 35 45 93 52 70 15 74 80 95
98 66
98 69
66 41
66 13
41 39
41 5
5 42
5 40
59 11
25 37
25 0
0 26
37 4
4 38
4 39
39 29
39 45
29 1
38 96
38 91
38 71
71 31
31 2
91 47
91 22
7 46
7 48
76 17
17 78
78 74
78 51
51 8
49 54
54 9
9 53
53 70
36 3
34 3
34 55
55 10
10 56
11 58
58 63
63 12
63 94
14 68
68 42
88 21
21 89
90 75
75 16
75 46
16 73
16 74
89 80
79 18
18 80
19 82
82 86
86 20
86 35
92 22
22 93
96 23
23 94
23 95
94 70
94 73
73 52
46 99
99 24
3 35
35 95
70 15
80 95