2 3 4 5 6 7 10 92 11 14 15 16 17 18 23 20 60 21 24 25 26 27 28 29 32 33 34 35 36 37 40 41 82 42 45 90 46 47 50 51 52 53 56 57 58 59 61 62 63 64 66 67 68 69 70 71 72 73 74 75 76 77 78 79 86 87 88 89 91 93 96 97 98 99
2 3
3 4
4 5
4 88
5 67
5 6
6 7
10 92
10 11
92 91
92 93
14 15
15 16
16 17
17 18
18 23
23 24
20 60
20 21
60 34
60 61
60 59
24 25
25 26
26 71
26 27
27 28
28 29
32 33
33 72
34 35
35 36
36 37
40 41
41 82
41 42
42 51
45 90
45 46
90 91
90 89
90 50
46 47
50 51
51 52
52 53
56 57
57 58
58 59
61 62
61 72
62 63
63 64
66 67
67 68
67 77
68 69
69 70
70 71
71 72
72 73
72 99
74 75
75 76
76 77
77 78
78 79
86 87
87 88
88 89
96 97
97 98
98 99