97 5 4 2 57 0 66 9 31 58 73 12 84 13 42 76 50 63 14 98 61 59 15 69 29 17 40 11 19 22 88 27 25 53 23 51 1 26 86 33 41 28 34 37 82 10 43 30 44 45 78 68 60 52 3 87 64 67 7 74 75 39 77 18 80 81 90 95
97 5
5 25
5 4
4 64
2 57
2 18
2 3
2 11
57 0
57 13
0 84
66 9
9 67
9 34
9 31
31 41
31 58
58 78
58 40
58 73
58 3
73 12
73 95
84 90
42 76
76 51
76 50
50 63
50 1
14 98
98 23
98 61
59 69
59 15
69 3
69 77
69 87
29 17
17 78
40 81
11 19
22 88
88 27
27 25
27 75
25 53
25 39
53 23
53 86
23 51
23 78
1 26
86 33
41 37
41 28
34 10
37 60
82 10
10 43
30 44
30 45
45 78
68 60
60 52
7 74
7 81
18 80