99 98 38 37 1 2 3 4 5 6 30 31 8 9 10 11 12 13 14 15 16 17 18 19 20 21 22 23 24 25 26 52 28 32 33 34 36 39 40 41 42 43 84 85 45 46 47 48 49 50 51 53 54 55 56 57 68 67 58 59 60 61 62 63 64 65 66 69 70 73 72 74 75 76 77 78 79 80 81 93 86 87 88 91 90 92 94 95 96 97
99 98
98 38
38 46
38 42
38 37
38 39
38 79
37 36
37 34
37 1
2 19
3 4
4 68
5 6
6 45
30 31
31 81
8 62
9 62
10 43
10 11
10 69
12 13
13 63
14 94
14 51
15 16
16 17
17 26
18 42
18 19
19 20
20 21
22 56
23 24
24 25
24 40
25 84
25 74
25 26
26 43
52 53
52 28
32 95
32 66
33 34
41 42
42 43
42 97
43 58
43 75
84 92
85 45
45 46
46 72
46 81
46 64
46 54
46 47
47 60
47 48
49 60
49 50
53 54
54 55
56 70
57 58
68 69
68 96
67 66
59 60
60 61
62 63
63 64
64 65
65 66
65 87
69 70
70 88
73 80
74 94
74 90
76 91
77 78
78 79
79 80
80 93
86 87
88 91