3 4 5 16 6 9 8 12 13 14 77 15 17 18 19 20 23 46 24 25 26 27 28 32 33 78 35 61 36 37 48 38 39 40 44 41 43 54 45 60 47 52 53 55 56 57 58 63 64 65 66 84 67 68 72 80 85 86 88 90 92 97 99
3 4
4 9
5 16
16 18
16 12
16 61
16 47
6 24
6 8
6 9
8 38
13 14
14 17
14 77
14 15
77 84
77 86
15 32
15 88
17 36
17 18
18 19
19 20
20 43
23 26
23 25
23 48
23 46
46 60
24 85
24 27
25 45
25 33
25 64
27 28
33 78
33 99
33 41
33 58
33 90
33 40
78 66
78 97
35 61
36 55
37 48
48 65
39 54
40 44
44 54
44 57
43 52
60 63
47 53
52 56
63 67
64 68
65 72
66 84
66 80
84 85
84 92